


===== ./state/datasets/hosts.json =====
{
  "dataset": "hosts",
  "revision": 0,
  "updated_at": null,
  "source_node": null,
  "lease_owner": null,
  "checksum": null,
  "items": []
}



===== ./state/datasets/cluster.json =====
{
  "cluster": "mayhem-cluster",
  "version": "0.1.0",
  "active_node": null,
  "lease_owner": null,
  "updated_at": null
}



===== ./cluster/election/election_engine.py =====
class ElectionEngine:

    @staticmethod
    def can_become_leader(node_id, priority, lease_manager):

        active = lease_manager.active_leader()

        # si ya hay líder válido → no competir
        if active:
            return False

        # no hay líder → cualquier nodo sano puede intentar
        return True


===== ./cluster/election/leader.py =====
def choose_leader(candidates):
    # menor priority gana
    return sorted(candidates, key=lambda x: x.priority)[0]


===== ./cluster/lease/lease.py =====
from dataclasses import dataclass
import time


@dataclass
class Lease:
    owner_id: str
    ttl_seconds: float
    granted_at: float

    def expires_at(self) -> float:
        return self.granted_at + self.ttl_seconds

    def is_valid(self, now: float | None = None) -> bool:
        now = now or time.time()
        return now < self.expires_at()

    def renew(self):
        self.granted_at = time.time()


===== ./cluster/lease/lease_manager.py =====
import time


class Lease:

    def __init__(self, owner, ttl):

        self.owner = owner
        self.ttl = ttl
        self.created = time.time()

    def is_valid(self):

        return time.time() < self.created + self.ttl


class LeaseManager:

    def __init__(self):

        self.leases = {}

    # -----------------------------------------------------

    def grant(self, node_id, ttl):

        self.leases[node_id] = Lease(node_id, ttl)

    # -----------------------------------------------------

    def is_valid(self, node_id):

        lease = self.leases.get(node_id)

        return lease.is_valid() if lease else False

    # -----------------------------------------------------

    def expire(self):

        expired = []

        for node_id, lease in list(self.leases.items()):

            if not lease.is_valid():

                expired.append(node_id)
                del self.leases[node_id]

        return expired

    # -----------------------------------------------------

    def active_leader(self):

        for node_id, lease in self.leases.items():

            if lease.is_valid():

                return node_id

        return None

    # -----------------------------------------------------

    def get_active_nodes(self):

        active = []

        for node_id, lease in self.leases.items():

            if lease.is_valid():

                active.append(node_id)

        return active


===== ./cluster/config/nodes.json =====
{
  "cluster_name": "mayhem-cluster",

  "nodes": [
    {
      "node_id": "lnx200nas",
      "host": "100.100.1.200",
      "port": 7000,
      "priority": 1
    },

    {
      "node_id": "lnx202pc",
      "host": "100.100.1.202",
      "port": 7000,
      "priority": 2
    },

    {
      "node_id": "lnx203hp",
      "host": "100.100.1.203",
      "port": 7000,
      "priority": 3
    }
  ]
}



===== ./cluster/config/loader.py =====
import json

def load_peers():
    with open("cluster/config/nodes.json") as f:
        data = json.load(f)

    return data["nodes"]



===== ./cluster/node/node_runtime.py =====
import time

from cluster.runtime.state import NodeState
from cluster.lease.lease_manager import LeaseManager
from cluster.election.election_engine import ElectionEngine

from cluster.transport.client import broadcast_heartbeat

class NodeRuntime:

    def __init__(self, node_id, priority, lease_manager: LeaseManager):

        self.node_id = node_id
        self.priority = priority

        self.state = NodeState.BOOT

        self.lease_manager = lease_manager
        self.last_heartbeat = time.time()

    # -----------------------------------------------------

    def transition(self, new_state):

        if self.state == new_state:
            return

        print(f"[{self.node_id}] {self.state} -> {new_state}")
        self.state = new_state

    # -----------------------------------------------------

    def is_lease_valid(self):

        return self.lease_manager.is_valid(self.node_id)

    # -----------------------------------------------------

    def tick(self):

        """
        Called by heartbeat loop
        """

        lease_valid = self.is_lease_valid()

        # ACTIVE sin lease = degradación inmediata
        if self.state == NodeState.ACTIVE and not lease_valid:

            self.transition(NodeState.DEGRADED)

        # STANDBY sin líder → posible election trigger
        if self.state == NodeState.STANDBY:

            active_nodes = self.lease_manager.get_active_nodes()

            if not active_nodes:

                self.try_become_leader()

    # -----------------------------------------------------

    def try_become_leader(self):

        print(f"{self.node_id} evaluating leadership...")

        can_lead = ElectionEngine.can_become_leader(
            node_id=self.node_id,
            priority=self.priority,
            lease_manager=self.lease_manager
        )

        if can_lead:

            self.transition(NodeState.ACTIVE)

            self.lease_manager.grant(
                self.node_id,
                ttl=2.5
            )

    def emit_heartbeat(self, peers):

        payload = {
            "node_id": self.node_id,
            "state": self.state.value,
            "leader": self.lease_manager.active_leader(),
            "priority": self.priority,
            "timestamp": time.time(),
        }

        broadcast_heartbeat(peers, payload)





===== ./cluster/runtime/state.py =====
from enum import Enum

class NodeState(str, Enum):
    BOOT = "BOOT"
    DISCOVERING = "DISCOVERING"
    STANDBY = "STANDBY"
    ACTIVE = "ACTIVE"
    DEGRADED = "DEGRADED"
    ISOLATED = "ISOLATED"
    OFFLINE = "OFFLINE"


===== ./cluster/runtime/cluster_view.py =====
class ClusterView:

    def __init__(self):
        self.peers = {}
        self.active_node = None
        self.leases = {}


===== ./cluster/runtime/cluster_store.py =====
import time

cluster_state = {}

NODE_TTL = 5.0  # segundos


def purge_dead_nodes():
    now = time.time()

    dead = [
        n for n, data in cluster_state.items()
        if (now - data.get("last_seen", 0)) > NODE_TTL
    ]

    for n in dead:
        del cluster_state[n]


def get_active_cluster():
    purge_dead_nodes()
    return cluster_state



===== ./cluster/runtime/node_boot.py =====
import threading
import time
import uvicorn
from fastapi import FastAPI
from pydantic import BaseModel

from cluster.runtime.cluster_store import cluster_state
from cluster.node.node_runtime import NodeRuntime
from cluster.workers.cluster_worker import ClusterWorker
from cluster.lease.lease_manager import LeaseManager


# -----------------------------
# API
# -----------------------------
app = FastAPI()


class Heartbeat(BaseModel):
    node_id: str
    state: str
    priority: int


@app.get("/cluster")
def get_cluster():
    return cluster_state


@app.get("/leader")
def get_leader():
    return {"leader": compute_leader()}


@app.post("/heartbeat")
def heartbeat(hb: Heartbeat):

    cluster_state[hb.node_id] = {
        "state": hb.state,
        "priority": hb.priority,
        "last_seen": time.time(),
    }

    return {"ok": True}

def is_alive(data, timeout=3.0):
    return (time.time() - data["last_seen"]) < timeout

def compute_leader():

    active = {
        n: data["priority"]
        for n, data in cluster_state.items()

        if is_alive(data) and data["state"] in ("BOOT", "ACTIVE") # SOLO PARA PRUEBAS!!!

        # if node.seen_self_and_peers


    }

    if not active:
        return None

    return min(active, key=active.get)


# -----------------------------
# BOOTSTRAP NODE
# -----------------------------
def run_node(node_id: str, priority: int, peers: list[str]):

    lease_manager = LeaseManager()

    node = NodeRuntime(
        node_id=node_id,
        priority=priority,
        lease_manager=lease_manager
    )

    worker = ClusterWorker(node=node, peers=peers, interval=1.0)

    # registrar self inicial
    cluster_state[node_id] = {
        "state": node.state.value,
        "priority": priority,
        "last_seen": time.time(),
    }

    # -------------------------
    # worker thread
    # -------------------------
    t = threading.Thread(target=worker.start, daemon=True)
    t.start()

    # -------------------------
    # API thread
    # -------------------------
    uvicorn.run(app, host="0.0.0.0", port=7000)


# -----------------------------
# ENTRYPOINT
# -----------------------------
if __name__ == "__main__":

    import sys

    node_id = sys.argv[1]
    priority = int(sys.argv[2])

    peers = [
        {"host": "100.100.1.200", "port": 7000},
        {"host": "100.100.1.202", "port": 7000},
        {"host": "100.100.1.203", "port": 7000},
    ]

    run_node(node_id, priority, peers)



===== ./cluster/workers/heartbeat_worker.py =====
import time
from cluster.runtime.state import NodeState


class HeartbeatWorker:

    def __init__(self, nodes, lease_manager, interval=1.0):

        self.nodes = nodes
        self.lease_manager = lease_manager
        self.interval = interval

    # -----------------------------------------------------

    def start(self, ticks=5):

        print("\n=== HEARTBEAT START ===\n")

        for i in range(ticks):

            print(f"\n--- tick {i} ---\n")

            self.tick()

            time.sleep(self.interval)

    # -----------------------------------------------------

    def tick(self):

        self.send_heartbeats()
        self.expire_leases()
        self.update_nodes()

    # -----------------------------------------------------

    def send_heartbeats(self):

        for node in self.nodes:

            if node.state == NodeState.ACTIVE:

                self.lease_manager.grant(
                    node.node_id,
                    ttl=2.5
                )

                print(f"HEARTBEAT from {node.node_id}")

    # -----------------------------------------------------

    def expire_leases(self):

        expired = self.lease_manager.expire()

        for node_id in expired:

            print(f"LEASE EXPIRED: {node_id}")

    # -----------------------------------------------------

    def update_nodes(self):

        for node in self.nodes:

            node.tick()

            lease_valid = self.lease_manager.is_valid(
                node.node_id
            )

            # ACTIVE sin lease → degradación lógica
            if node.state == NodeState.ACTIVE and not lease_valid:

                print(
                    f"ACTIVE LOST LEASE: {node.node_id}"
                )

                node.transition(NodeState.DEGRADED)


===== ./cluster/workers/cluster_worker.py =====
import time

from cluster.transport.server import register_local_node

class ClusterWorker:

    def __init__(self, node, peers, interval=1.0):

        self.node = node
        self.peers = peers
        self.interval = interval
        self.running = False

    # -----------------------------------------

    def start(self):

        self.running = True

        print(f"[{self.node.node_id}] CLUSTER WORKER STARTED")

        while self.running:

            self.tick()

            time.sleep(self.interval)

    # -----------------------------------------

    def stop(self):

        self.running = False

    # -----------------------------------------

    def tick(self):

        print(f"[{self.node.node_id}] REGISTERING SELF")

        # 👇 registrar self localmente
        register_local_node(
            node_id=self.node.node_id,
            state=self.node.state.value,
            priority=self.node.priority,
        )

        # 👇 enviar a peers
        self.node.emit_heartbeat(self.peers)



===== ./cluster/core/transitions.py =====
from cluster.core.state import NodeState

ALLOWED_TRANSITIONS = {
    NodeState.BOOT: {
        NodeState.DISCOVERING,
    },
    NodeState.DISCOVERING: {
        NodeState.STANDBY,
        NodeState.ACTIVE,
        NodeState.ISOLATED,
    },
    NodeState.STANDBY: {
        NodeState.ACTIVE,
        NodeState.DEGRADED,
        NodeState.OFFLINE,
        NodeState.ISOLATED,
    },
    NodeState.ACTIVE: {
        NodeState.STANDBY,
        NodeState.DEGRADED,
        NodeState.OFFLINE,
    },
    NodeState.DEGRADED: {
        NodeState.STANDBY,
        NodeState.OFFLINE,
    },
    NodeState.ISOLATED: {
        NodeState.DISCOVERING,
        NodeState.OFFLINE,
    },
}

def can_transition(from_state: NodeState, to_state: NodeState) -> bool:
    return to_state in ALLOWED_TRANSITIONS.get(from_state, set())


===== ./cluster/core/node.py =====
from cluster.core.state import NodeState
from cluster.core.transitions import can_transition

class ClusterNode:

    def __init__(self, node_id: str):
        self.node_id = node_id
        self.state = NodeState.BOOT

    def set_state(self, new_state: NodeState):
        if not can_transition(self.state, new_state):
            raise Exception(f"Invalid transition {self.state} -> {new_state}")

        self.state = new_state


===== ./cluster/extraer-codigo.sh =====
OUT="$(basename "$PWD")_codigo_$(date +%Y%m%d_%H%M%S).log"
find . \
  -path '*/.*' -prune -o \
  -path '*/__pycache__' -prune -o \
  -type f ! -name '*.pyc' ! -name '*.log' ! -name '*.md' -size +0c \
  -exec sh -c '
    for f do
      printf "\n\n\n===== %s =====\n" "$f"
      cat "$f"
    done
  ' sh {} + > "$OUT"
echo "$OUT"



===== ./cluster/transport/server.py =====
from fastapi import FastAPI
from pydantic import BaseModel
import uvicorn
import time

NODE_TIMEOUT = 3.0  # segundos

from cluster.runtime.cluster_store import cluster_state


app = FastAPI()


print("SERVER PROCESS STARTED")

print("SERVER cluster_state id", id(cluster_state))

class Heartbeat(BaseModel):
    node_id: str
    state: str
    leader: str | None = None
    priority: int | None = None
    timestamp: float | None = None


@app.get("/health")
async def health():

    return {
        "status": "ok"
    }

def is_alive(data):
    return (time.time() - data["last_seen"]) < NODE_TIMEOUT


def get_active_cluster():
    return {
        node_id: data
        for node_id, data in cluster_state.items()
        if is_alive(data)
    }

@app.get("/cluster")
def get_cluster():
    now = time.time()

    return {
        node_id: data
        for node_id, data in cluster_state.items()
        if (now - data["last_seen"]) < NODE_TIMEOUT
    }

import time


def is_alive(data):
    return (time.time() - data["last_seen"]) < NODE_TIMEOUT


def compute_leader():
    active = {
        n: data["priority"]
        for n, data in cluster_state.items()
        if is_alive(data) and data["state"] in ("BOOT", "ACTIVE")
    }

    if not active:
        return None

    return min(active, key=active.get)


@app.get("/leader")
def leader():
    return {"leader": compute_leader()}

@app.post("/heartbeat")
def heartbeat(hb: Heartbeat):

    cluster_state[hb.node_id] = {
        "state": hb.state,
        "leader": hb.leader,
        "priority": hb.priority,
        "last_seen": time.time(),
    }

    cleanup_cluster()   # 👈 AQUÍ

    return {"ok": True}



def start_server(host="0.0.0.0", port=7000):

    uvicorn.run(
        app,
        host=host,
        port=port,
    )

def get_leader(cluster_state):

    leaders = {}

    for node_id, data in cluster_state.items():

        if data["state"] == "ACTIVE":
            leaders[node_id] = data["priority"]

    if not leaders:
        return None

    return min(leaders, key=leaders.get)

def register_local_node(
    node_id,
    state,
    priority,
    ):

    print("REGISTER cluster_state id", id(cluster_state))

    cluster_state[node_id] = {
        "state": state,
        "leader": None,
        "priority": priority,
        "last_seen": time.time(),
    }

def cleanup_cluster():
    now = time.time()

    to_delete = [
        node_id
        for node_id, data in cluster_state.items()
        if now - data["last_seen"] > NODE_TIMEOUT
    ]

    for node_id in to_delete:
        print(f"[GC] removing {node_id}")
        del cluster_state[node_id]


if __name__ == "__main__":

    start_server()



===== ./cluster/transport/client.py =====
import requests


def send_heartbeat(peer_host, peer_port, payload, timeout=1.0):

    url = f"http://{peer_host}:{peer_port}/heartbeat"

    try:
        r = requests.post(
            url,
            json=payload,
            timeout=timeout,
        )

        return r.json()

    except Exception as e:

        print(f"[CLIENT ERROR] {url} -> {e}")

        return None

def broadcast_heartbeat(peers, payload):

    for peer in peers:

        send_heartbeat(
            peer["host"],
            peer["port"],
            payload,
        )



===== ./cluster/run_node.py =====
import json

from cluster.node.node_runtime import NodeRuntime
from cluster.lease.lease_manager import LeaseManager
from cluster.runtime.state import NodeState
from cluster.workers.cluster_worker import ClusterWorker
from cluster.transport.server import register_local_node




def load_config():

    with open("cluster/config/nodes.json") as f:
        return json.load(f)


def build_peers(config, self_id):

    return [
        n for n in config["nodes"]
        if n["node_id"] != self_id
    ]


def main(node_id, priority):

    config = load_config()
    peers = build_peers(config, node_id)

    node = NodeRuntime(
        node_id=node_id,
        priority=priority,
        lease_manager=LeaseManager(),
    )

    node.state = NodeState.ACTIVE

    worker = ClusterWorker(node, peers)

    worker.start()


if __name__ == "__main__":

    import sys

    main(
        node_id=sys.argv[1],
        priority=int(sys.argv[2]),
    )



===== ./scripts/cluster-bootstrap.sh =====
# File: scripts/cluster-bootstrap.sh
# Previous: none
# Author: alftorres
# Date: 2026-05-13T16:43:32+0200
# Version: 0.0.0
# Genealogy:
#   scripts/cluster-bootstrap.sh 0.0.0 2026-05-13T16:43:32+0200
#   God
#
# Purpose:
# Notes:
#
# FRV-ID: befeb247ebd54406
# Header_End

#!/usr/bin/env bash
# ============================================================================
# File: scripts/bootstrap_repo.sh
# Version: 0.1.0
# Purpose:
#   Bootstrap limpio de mayhem-cluster
# ============================================================================

set -euo pipefail

PROJECT="mayhem-cluster"

echo
echo "============================================================"
echo "BOOTSTRAP :: ${PROJECT}"
echo "============================================================"
echo

# ----------------------------------------------------------------------------
# DIRECTORIOS
# ----------------------------------------------------------------------------

mkdir -p \
    contracts \
    docs \
    spec \
    state \
    scripts \
    tests \
    cluster/config \
    cluster/node \
    cluster/election \
    cluster/watchdog \
    cluster/replication \
    cluster/datasets \
    cluster/storage \
    cluster/api \
    cluster/runtime \
    cluster/network \
    cluster/logging \
    cluster/workers \
    cluster/models

# ----------------------------------------------------------------------------
# PYTHON PACKAGE MARKERS
# ----------------------------------------------------------------------------

find cluster -type d -exec touch {}/__init__.py \;

# ----------------------------------------------------------------------------
# GITIGNORE
# ----------------------------------------------------------------------------

cat > .gitignore << 'EOF'
# Python
__pycache__/
*.pyc
*.pyo
*.pyd
.venv/
venv/

# Runtime
state/runtime/
state/cache/
state/tmp/
logs/

# Editors
.vscode/
.idea/

# OS
.DS_Store
Thumbs.db

# Local overrides
*.local.json
EOF

# ----------------------------------------------------------------------------
# README
# ----------------------------------------------------------------------------

cat > README.md << 'EOF'
# mayhem-cluster

Distributed autonomous failover cluster for LAN services.

## Goals

- autonomous election
- watchdog
- leases
- replication
- failover
- dataset consistency
- split-brain minimization

## Status

Experimental.
EOF

# ----------------------------------------------------------------------------
# PYPROJECT
# ----------------------------------------------------------------------------

cat > pyproject.toml << 'EOF'
[project]
name = "mayhem-cluster"
version = "0.1.0"
description = "Distributed autonomous failover cluster"
requires-python = ">=3.11"

dependencies = [
    "flask",
    "requests"
]
EOF

# ----------------------------------------------------------------------------
# EMPTY MODULES
# ----------------------------------------------------------------------------

touch \
    cluster/runtime/state.py \
    cluster/runtime/locks.py \
    cluster/models/host.py \
    cluster/models/lease.py \
    cluster/models/dataset.py \
    cluster/storage/backend.py \
    cluster/storage/json_backend.py \
    cluster/election/election_engine.py \
    cluster/election/lease_validation.py \
    cluster/watchdog/watchdog.py \
    cluster/watchdog/healthcheck.py \
    cluster/replication/replication_engine.py \
    cluster/replication/pull_sync.py \
    cluster/datasets/dataset_manager.py \
    cluster/datasets/revisioning.py \
    cluster/api/routes_health.py \
    cluster/api/routes_cluster.py \
    cluster/network/http_client.py \
    cluster/logging/cluster_logger.py \
    cluster/workers/watchdog_worker.py \
    cluster/workers/replication_worker.py \
    cluster/workers/lease_worker.py

# ----------------------------------------------------------------------------
# RUNTIME STRUCTURE
# ----------------------------------------------------------------------------

mkdir -p \
    state/snapshots \
    state/history \
    state/runtime \
    state/leases \
    state/datasets

# ----------------------------------------------------------------------------
# INITIAL JSON DATASETS
# ----------------------------------------------------------------------------

cat > state/datasets/hosts.json << 'EOF'
{
  "dataset": "hosts",
  "revision": 0,
  "updated_at": null,
  "source_node": null,
  "lease_owner": null,
  "checksum": null,
  "items": []
}
EOF

cat > state/datasets/cluster.json << 'EOF'
{
  "cluster": "mayhem-cluster",
  "version": "0.1.0",
  "active_node": null,
  "lease_owner": null,
  "updated_at": null
}
EOF

# ----------------------------------------------------------------------------
# GIT INIT
# ----------------------------------------------------------------------------

if [ ! -d .git ]; then
    git init
    git branch -M main
fi

# ----------------------------------------------------------------------------
# FINAL
# ----------------------------------------------------------------------------

echo
echo "Bootstrap completed."
echo
echo "Suggested next steps:"
echo
echo "  python3 -m venv .venv"
echo "  source .venv/bin/activate"
echo "  pip install -e ."
echo
echo "Repository ready."
echo



===== ./scripts/sim_cluster.py =====
# File: scripts/sim_cluster.py
# Previous: none
# Author: alftorres
# Date: 2026-05-13T18:10:00+0200
# Version: 0.1.0
# Genealogy:
#   scripts/sim_cluster.py 0.1.0 2026-05-13T18:10:00+0200
#   God
#
# Purpose:
#   Minimal local simulator for mayhem-cluster.
#
# Notes:
#   Simulates:
#   - 3 cluster nodes
#   - discovery
#   - leader election
#   - ACTIVE/STANDBY transitions
#   - lease failover
#
# FRV-ID: sim-cluster-3nodes-v0
# Header_End

from enum import Enum
from dataclasses import dataclass


# ============================================================
# STATES
# ============================================================

class NodeState(str, Enum):
    BOOT = "BOOT"
    DISCOVERING = "DISCOVERING"
    STANDBY = "STANDBY"
    ACTIVE = "ACTIVE"
    DEGRADED = "DEGRADED"
    ISOLATED = "ISOLATED"
    OFFLINE = "OFFLINE"


# ============================================================
# TRANSITIONS
# ============================================================

ALLOWED_TRANSITIONS = {
    NodeState.BOOT: {
        NodeState.DISCOVERING,
    },

    NodeState.DISCOVERING: {
        NodeState.STANDBY,
        NodeState.ACTIVE,
        NodeState.ISOLATED,
    },

    NodeState.STANDBY: {
        NodeState.ACTIVE,
        NodeState.DEGRADED,
        NodeState.ISOLATED,
        NodeState.OFFLINE,
    },

    NodeState.ACTIVE: {
        NodeState.STANDBY,
        NodeState.DEGRADED,
        NodeState.OFFLINE,
    },

    NodeState.DEGRADED: {
        NodeState.STANDBY,
        NodeState.OFFLINE,
    },

    NodeState.ISOLATED: {
        NodeState.DISCOVERING,
        NodeState.OFFLINE,
    },
}


def can_transition(current, target):
    return target in ALLOWED_TRANSITIONS.get(current, set())


# ============================================================
# MODELS
# ============================================================

@dataclass
class ClusterView:
    active_node: str | None = None


# ============================================================
# RUNTIME
# ============================================================

class ClusterNodeRuntime:

    def __init__(self, node_id: str, priority: int):
        self.node_id = node_id
        self.priority = priority

        self.state = NodeState.BOOT

        self.healthy = True
        self.lease_valid = True
        self.datasets_valid = True

        self.cluster_view = ClusterView()

    # --------------------------------------------------------

    def transition_to(self, target: NodeState):

        if not can_transition(self.state, target):
            raise RuntimeError(
                f"Invalid transition: {self.state} -> {target}"
            )

        print(
            f"[{self.node_id}] "
            f"{self.state} -> {target}"
        )

        self.state = target

    # --------------------------------------------------------

    def is_eligible_for_active(self):

        return (
            self.healthy
            and self.lease_valid
            and self.datasets_valid
            and self.state in (
                NodeState.DISCOVERING,
                NodeState.STANDBY,
            )
        )

    # --------------------------------------------------------

    def summary(self):

        return {
            "node": self.node_id,
            "priority": self.priority,
            "state": self.state.value,
            "active": self.cluster_view.active_node,
        }


# ============================================================
# ELECTION
# ============================================================

def choose_leader(nodes):

    eligible = [
        node
        for node in nodes
        if node.is_eligible_for_active()
    ]

    if not eligible:
        return None

    # menor priority gana
    leader = sorted(
        eligible,
        key=lambda n: n.priority
    )[0]

    return leader


# ============================================================
# CLUSTER
# ============================================================

class ClusterSimulator:

    def __init__(self, nodes):
        self.nodes = nodes

    # --------------------------------------------------------

    def boot_cluster(self):

        print("\n=== BOOT ===\n")

        for node in self.nodes:
            node.transition_to(NodeState.DISCOVERING)

    # --------------------------------------------------------

    def elect_leader(self):

        print("\n=== ELECTION ===\n")

        leader = choose_leader(self.nodes)

        if leader is None:
            print("No eligible leader")
            return

        for node in self.nodes:

            if node == leader:
                node.transition_to(NodeState.ACTIVE)
                node.cluster_view.active_node = leader.node_id

            else:
                node.transition_to(NodeState.STANDBY)
                node.cluster_view.active_node = leader.node_id

        print(f"\nLEADER: {leader.node_id}")

    # --------------------------------------------------------

    def simulate_leader_failure(self):

        print("\n=== LEADER FAILURE ===\n")

        leader = self.get_active_node()

        if not leader:
            print("No active leader")
            return

        print(f"Failing leader: {leader.node_id}")

        leader.healthy = False
        leader.lease_valid = False

        leader.transition_to(NodeState.DEGRADED)

        self.re_elect()

    # --------------------------------------------------------

    def re_elect(self):

        print("\n=== RE-ELECTION ===\n")

        candidates = [
            n for n in self.nodes
            if n.state in (
                NodeState.STANDBY,
                NodeState.DISCOVERING,
            )
        ]

        new_leader = choose_leader(candidates)

        if not new_leader:
            print("No replacement leader available")
            return

        for node in self.nodes:

            if node == new_leader:
                node.transition_to(NodeState.ACTIVE)

            elif node.state != NodeState.DEGRADED:
                node.transition_to(NodeState.STANDBY)

            node.cluster_view.active_node = new_leader.node_id

        print(f"\nNEW LEADER: {new_leader.node_id}")

    # --------------------------------------------------------

    def get_active_node(self):

        for node in self.nodes:
            if node.state == NodeState.ACTIVE:
                return node

        return None

    # --------------------------------------------------------

    def print_cluster(self):

        print("\n=== CLUSTER STATE ===\n")

        for node in self.nodes:
            print(node.summary())


# ============================================================
# MAIN
# ============================================================

def main():

    nodes = [
        ClusterNodeRuntime("node-200", priority=1),
        ClusterNodeRuntime("node-202", priority=2),
        ClusterNodeRuntime("node-203", priority=3),
    ]

    cluster = ClusterSimulator(nodes)

    cluster.boot_cluster()

    cluster.elect_leader()

    cluster.print_cluster()

    cluster.simulate_leader_failure()

    cluster.print_cluster()


if __name__ == "__main__":
    main()


===== ./scripts/test_cluster_basic.py =====
# File: scripts/test_cluster_basic.py
# Previous: none
# Author: alftorres
# Date: 2026-05-13T18:35:00+0200
# Version: 0.1.0
# Genealogy:
#   scripts/test_cluster_basic.py 0.1.0 2026-05-13T18:35:00+0200
#   God
#
# Purpose:
#   Minimal executable cluster simulation test.
#
# Notes:
#   Validates:
#   - startup transitions
#   - leader election
#   - ACTIVE/STANDBY assignment
#   - failover
#   - reelection
#
# FRV-ID: test-cluster-basic-v0
# Header_End

from enum import Enum
from dataclasses import dataclass


# ============================================================
# STATES
# ============================================================

class NodeState(str, Enum):
    BOOT = "BOOT"
    DISCOVERING = "DISCOVERING"
    STANDBY = "STANDBY"
    ACTIVE = "ACTIVE"
    DEGRADED = "DEGRADED"
    ISOLATED = "ISOLATED"
    OFFLINE = "OFFLINE"


# ============================================================
# TRANSITIONS
# ============================================================

ALLOWED_TRANSITIONS = {
    NodeState.BOOT: {
        NodeState.DISCOVERING,
    },

    NodeState.DISCOVERING: {
        NodeState.STANDBY,
        NodeState.ACTIVE,
        NodeState.ISOLATED,
    },

    NodeState.STANDBY: {
        NodeState.ACTIVE,
        NodeState.DEGRADED,
        NodeState.ISOLATED,
        NodeState.OFFLINE,
    },

    NodeState.ACTIVE: {
        NodeState.STANDBY,
        NodeState.DEGRADED,
        NodeState.OFFLINE,
    },

    NodeState.DEGRADED: {
        NodeState.STANDBY,
        NodeState.OFFLINE,
    },

    NodeState.ISOLATED: {
        NodeState.DISCOVERING,
        NodeState.OFFLINE,
    },
}


def can_transition(current, target):
    return target in ALLOWED_TRANSITIONS.get(current, set())


# ============================================================
# CLUSTER VIEW
# ============================================================

@dataclass
class ClusterView:
    active_node: str | None = None


# ============================================================
# NODE RUNTIME
# ============================================================

class ClusterNodeRuntime:

    def __init__(self, node_id: str, priority: int):

        self.node_id = node_id
        self.priority = priority

        self.state = NodeState.BOOT

        self.healthy = True
        self.lease_valid = True
        self.datasets_valid = True

        self.cluster_view = ClusterView()

    # --------------------------------------------------------

    def transition_to(self, target):

        if not can_transition(self.state, target):
            raise RuntimeError(
                f"Invalid transition: "
                f"{self.state} -> {target}"
            )

        print(
            f"[{self.node_id}] "
            f"{self.state.value} -> {target.value}"
        )

        self.state = target

    # --------------------------------------------------------

    def is_eligible_for_active(self):

        return (
            self.healthy
            and self.lease_valid
            and self.datasets_valid
            and self.state in (
                NodeState.DISCOVERING,
                NodeState.STANDBY,
            )
        )

    # --------------------------------------------------------

    def summary(self):

        return {
            "node": self.node_id,
            "priority": self.priority,
            "state": self.state.value,
            "active_node": self.cluster_view.active_node,
        }


# ============================================================
# ELECTION
# ============================================================

def choose_leader(nodes):

    eligible = [
        node
        for node in nodes
        if node.is_eligible_for_active()
    ]

    if not eligible:
        return None

    # menor priority gana
    leader = sorted(
        eligible,
        key=lambda n: n.priority
    )[0]

    return leader


# ============================================================
# CLUSTER TEST
# ============================================================

class ClusterTestRuntime:

    def __init__(self, nodes):
        self.nodes = nodes

    # --------------------------------------------------------

    def startup(self):

        print("\n=== STARTUP ===\n")

        for node in self.nodes:
            node.transition_to(NodeState.DISCOVERING)

    # --------------------------------------------------------

    def elect_leader(self):

        print("\n=== LEADER ELECTION ===\n")

        leader = choose_leader(self.nodes)

        if leader is None:
            raise RuntimeError("No eligible leader")

        for node in self.nodes:

            if node == leader:
                node.transition_to(NodeState.ACTIVE)
            else:
                node.transition_to(NodeState.STANDBY)

            node.cluster_view.active_node = leader.node_id

        print(f"\nLEADER ELECTED: {leader.node_id}")

    # --------------------------------------------------------

    def fail_active_node(self):

        print("\n=== FAIL ACTIVE NODE ===\n")

        active = self.get_active_node()

        if active is None:
            raise RuntimeError("No ACTIVE node found")

        print(f"Failing node: {active.node_id}")

        active.healthy = False
        active.lease_valid = False

        active.transition_to(NodeState.DEGRADED)

    # --------------------------------------------------------

    def reelection(self):

        print("\n=== RE-ELECTION ===\n")

        candidates = [
            node
            for node in self.nodes
            if node.state in (
                NodeState.STANDBY,
                NodeState.DISCOVERING,
            )
        ]

        leader = choose_leader(candidates)

        if leader is None:
            raise RuntimeError("No replacement leader")

        for node in self.nodes:

            if node == leader:
                node.transition_to(NodeState.ACTIVE)

            elif (
                node.state != NodeState.DEGRADED
                and node.state != NodeState.STANDBY
            ):
                node.transition_to(NodeState.STANDBY)

            node.cluster_view.active_node = leader.node_id

        print(f"\nNEW LEADER: {leader.node_id}")

    # --------------------------------------------------------

    def get_active_node(self):

        for node in self.nodes:
            if node.state == NodeState.ACTIVE:
                return node

        return None

    # --------------------------------------------------------

    def print_cluster_state(self):

        print("\n=== CLUSTER STATE ===\n")

        for node in self.nodes:
            print(node.summary())


# ============================================================
# MAIN
# ============================================================

def main():

    nodes = [
        ClusterNodeRuntime(
            node_id="node-200",
            priority=1,
        ),

        ClusterNodeRuntime(
            node_id="node-202",
            priority=2,
        ),

        ClusterNodeRuntime(
            node_id="node-203",
            priority=3,
        ),
    ]

    cluster = ClusterTestRuntime(nodes)

    # startup
    cluster.startup()

    # initial leader election
    cluster.elect_leader()

    cluster.print_cluster_state()

    # simulate leader failure
    cluster.fail_active_node()

    # reelection
    cluster.reelection()

    cluster.print_cluster_state()


if __name__ == "__main__":
    main()


===== ./scripts/test_split_brain.py =====
# File: scripts/test_split_brain.py
# Previous: none
# Author: alftorres
# Date: 2026-05-13T18:52:00+0200
# Version: 0.1.0
# Genealogy:
#   scripts/test_split_brain.py 0.1.0 2026-05-13T18:52:00+0200
#   God
#
# Purpose:
#   Simulate and resolve split-brain scenarios.
#
# Notes:
#   Validates:
#   - multiple ACTIVE detection
#   - deterministic authority resolution
#   - forced demotion
#   - invariant restoration
#
# FRV-ID: test-split-brain-v0
# Header_End

from enum import Enum


# ============================================================
# STATES
# ============================================================

class NodeState(str, Enum):
    BOOT = "BOOT"
    DISCOVERING = "DISCOVERING"
    STANDBY = "STANDBY"
    ACTIVE = "ACTIVE"
    DEGRADED = "DEGRADED"
    ISOLATED = "ISOLATED"
    OFFLINE = "OFFLINE"


# ============================================================
# TRANSITIONS
# ============================================================

ALLOWED_TRANSITIONS = {
    NodeState.BOOT: {
        NodeState.DISCOVERING,
    },

    NodeState.DISCOVERING: {
        NodeState.STANDBY,
        NodeState.ACTIVE,
    },

    NodeState.STANDBY: {
        NodeState.ACTIVE,
        NodeState.DEGRADED,
        NodeState.OFFLINE,
    },

    NodeState.ACTIVE: {
        NodeState.STANDBY,
        NodeState.DEGRADED,
        NodeState.OFFLINE,
    },

    NodeState.DEGRADED: {
        NodeState.STANDBY,
        NodeState.OFFLINE,
    },
}


def can_transition(current, target):
    return target in ALLOWED_TRANSITIONS.get(current, set())


# ============================================================
# NODE
# ============================================================

class ClusterNode:

    def __init__(self, node_id, priority):

        self.node_id = node_id
        self.priority = priority

        self.state = NodeState.BOOT

    # --------------------------------------------------------

    def transition_to(self, target):

        if self.state == target:
            return

        if not can_transition(self.state, target):
            raise RuntimeError(
                f"Invalid transition: "
                f"{self.state} -> {target}"
            )

        print(
            f"[{self.node_id}] "
            f"{self.state.value} -> {target.value}"
        )

        self.state = target

    # --------------------------------------------------------

    def summary(self):

        return {
            "node": self.node_id,
            "priority": self.priority,
            "state": self.state.value,
        }


# ============================================================
# SPLIT BRAIN
# ============================================================

def detect_multiple_active(nodes):

    active_nodes = [
        node
        for node in nodes
        if node.state == NodeState.ACTIVE
    ]

    return active_nodes


# ------------------------------------------------------------

def resolve_split_brain(nodes):

    active_nodes = detect_multiple_active(nodes)

    if len(active_nodes) <= 1:
        print("\nNo split-brain detected")
        return

    print("\n=== SPLIT-BRAIN DETECTED ===\n")

    for node in active_nodes:
        print(
            f"ACTIVE NODE: "
            f"{node.node_id} "
            f"(priority={node.priority})"
        )

    # menor priority gana
    winner = sorted(
        active_nodes,
        key=lambda n: (n.priority, n.node_id)
    )[0]

    print(
        f"\nWINNER: {winner.node_id}"
    )

    for node in active_nodes:

        if node == winner:
            continue

        print(
            f"Demoting {node.node_id}"
        )

        node.transition_to(NodeState.STANDBY)

    print("\n=== SPLIT-BRAIN RESOLVED ===")


# ============================================================
# INVARIANTS
# ============================================================

def assert_single_active(nodes):

    active_nodes = [
        node
        for node in nodes
        if node.state == NodeState.ACTIVE
    ]

    if len(active_nodes) > 1:
        raise RuntimeError(
            "Invariant violation: "
            "multiple ACTIVE nodes"
        )

    print(
        "\nInvariant OK: "
        "single ACTIVE node"
    )


# ============================================================
# MAIN
# ============================================================

def main():

    node_200 = ClusterNode(
        node_id="node-200",
        priority=1,
    )

    node_202 = ClusterNode(
        node_id="node-202",
        priority=2,
    )

    node_203 = ClusterNode(
        node_id="node-203",
        priority=3,
    )

    nodes = [
        node_200,
        node_202,
        node_203,
    ]

    print("\n=== STARTUP ===\n")

    for node in nodes:
        node.transition_to(NodeState.DISCOVERING)

    # --------------------------------------------------------
    # NORMAL CLUSTER
    # --------------------------------------------------------

    print("\n=== NORMAL STATE ===\n")

    node_200.transition_to(NodeState.ACTIVE)

    node_202.transition_to(NodeState.STANDBY)

    node_203.transition_to(NodeState.STANDBY)

    for node in nodes:
        print(node.summary())

    assert_single_active(nodes)

    # --------------------------------------------------------
    # FORCE SPLIT-BRAIN
    # --------------------------------------------------------

    print("\n=== FORCING SPLIT-BRAIN ===\n")

    node_202.transition_to(NodeState.ACTIVE)

    for node in nodes:
        print(node.summary())

    # --------------------------------------------------------
    # RESOLUTION
    # --------------------------------------------------------

    resolve_split_brain(nodes)

    # --------------------------------------------------------
    # FINAL STATE
    # --------------------------------------------------------

    print("\n=== FINAL CLUSTER STATE ===\n")

    for node in nodes:
        print(node.summary())

    assert_single_active(nodes)


if __name__ == "__main__":
    main()


===== ./scripts/test_hearbeat_cluster.py =====
from cluster.workers.heartbeat_worker import HeartbeatWorker
from cluster.lease.lease_manager import LeaseManager

from scripts.test_cluster_basic import ClusterNodeRuntime, NodeState


def main():

    nodes = [
        ClusterNodeRuntime("node-200", 1),
        ClusterNodeRuntime("node-202", 2),
        ClusterNodeRuntime("node-203", 3),
    ]

    # startup
    for n in nodes:
        n.state = NodeState.STANDBY

    nodes[0].state = NodeState.ACTIVE

    lease_manager = LeaseManager()

    hb = HeartbeatWorker(nodes, lease_manager, interval=1.0)

    hb.start(ticks=10)


if __name__ == "__main__":
    main()


===== ./scripts/system_cluster_harness.py =====
import time

from cluster.node.node_runtime import NodeRuntime
from cluster.lease.lease_manager import LeaseManager
from cluster.workers.heartbeat_worker import HeartbeatWorker
from cluster.runtime.state import NodeState


# ============================================================
# ASSERT HELPERS
# ============================================================

def assert_single_active(nodes):

    active = [
        n for n in nodes
        if n.state == NodeState.ACTIVE
    ]

    if len(active) != 1:
        raise RuntimeError(
            f"Expected 1 ACTIVE, found {len(active)}"
        )

    print(f"[OK] single ACTIVE: {active[0].node_id}")


# ============================================================
# SIMULATED FAILURE
# ============================================================

def kill_active(nodes):

    for n in nodes:

        if n.state == NodeState.ACTIVE:

            print(f"\n!!! KILLING ACTIVE: {n.node_id}\n")

            n.state = NodeState.DEGRADED


# ============================================================
# MAIN SYSTEM TEST
# ============================================================

def main():

    print("\n==============================")
    print(" CLUSTER SYSTEM HARNESS START")
    print("==============================\n")

    lease_manager = LeaseManager()

    nodes = [
        NodeRuntime("node-200", 1, lease_manager),
        NodeRuntime("node-202", 2, lease_manager),
        NodeRuntime("node-203", 3, lease_manager),
    ]

    # --------------------------------------------------------
    # BOOTSTRAP
    # --------------------------------------------------------

    nodes[0].state = NodeState.ACTIVE
    lease_manager.grant("node-200", ttl=2.5)

    nodes[1].state = NodeState.STANDBY
    nodes[2].state = NodeState.STANDBY

    # --------------------------------------------------------
    # HEARTBEAT LOOP START
    # --------------------------------------------------------

    hb = HeartbeatWorker(nodes, lease_manager, interval=0.5)

    # --------------------------------------------------------
    # PHASE 1: STABLE CLUSTER
    # --------------------------------------------------------

    print("\n=== PHASE 1: STABLE ===\n")

    for _ in range(5):

        hb.tick()

        assert_single_active(nodes)

        time.sleep(0.5)

    # --------------------------------------------------------
    # PHASE 2: FAIL ACTIVE NODE
    # --------------------------------------------------------

    print("\n=== PHASE 2: FAILURE ===\n")

    kill_active(nodes)

    # --------------------------------------------------------
    # PHASE 3: SELF-HEALING
    # --------------------------------------------------------

    print("\n=== PHASE 3: SELF-HEAL ===\n")

    for i in range(10):

        print(f"\n--- recovery tick {i} ---\n")

        hb.tick()

        time.sleep(0.5)

        # intentar validar si ya convergió
        try:
            assert_single_active(nodes)
            print("\n[SUCCESS] Cluster converged\n")
            break
        except RuntimeError as e:
            print(f"[WAIT] {e}")


    # --------------------------------------------------------
    # FINAL STATE
    # --------------------------------------------------------

    print("\n=== FINAL STATE ===\n")

    for n in nodes:

        print(
            {
                "node": n.node_id,
                "state": n.state.value
            }
        )


if __name__ == "__main__":
    main()


===== ./scripts/chaos_cluster_runner.py =====
import time
import random

from cluster.node.node_runtime import NodeRuntime
from cluster.lease.lease_manager import LeaseManager
from cluster.workers.heartbeat_worker import HeartbeatWorker

from testing.chaos_engine import ChaosEngine
from testing.invariants import Invariants


def main():

    lease_manager = LeaseManager()

    nodes = [
        NodeRuntime("node-200", 1, lease_manager),
        NodeRuntime("node-202", 2, lease_manager),
        NodeRuntime("node-203", 3, lease_manager),
    ]

    # bootstrap
    nodes[0].state = nodes[0].state.__class__.ACTIVE
    lease_manager.grant("node-200", ttl=2.5)

    hb = HeartbeatWorker(nodes, lease_manager, interval=0.2)
    chaos = ChaosEngine(nodes)

    print("\n🔥 CHAOS TEST START\n")

    for tick in range(500):

        print(f"\n--- TICK {tick} ---")

        # 1. apply chaos BEFORE tick
        chaos.maybe_kill_node(0.1)
        chaos.maybe_partition(0.1)
        chaos.maybe_delay()

        # 2. normal system tick
        hb.tick()

        # 3. invariants check (auto validation loop)
        try:

            Invariants.no_invalid_states(nodes)

            print("✔ invariants OK")

        except AssertionError as e:

            print(f"❌ INVARIANT VIOLATION: {e}")

        time.sleep(0.2)


if __name__ == "__main__":
    main()



===== ./pyproject.toml =====
[build-system]
requires = ["setuptools>=61"]
build-backend = "setuptools.build_meta"

[project]
name = "mayhem-cluster"
version = "0.1.0"
description = "Distributed autonomous failover cluster"
requires-python = ">=3.11"

dependencies = [
    "flask",
    "requests"
]

[tool.setuptools]
packages = ["cluster"]



===== ./mayhem_cluster.egg-info/PKG-INFO =====
Metadata-Version: 2.4
Name: mayhem-cluster
Version: 0.1.0
Summary: Distributed autonomous failover cluster
Requires-Python: >=3.11
Requires-Dist: flask
Requires-Dist: requests



===== ./mayhem_cluster.egg-info/dependency_links.txt =====




===== ./mayhem_cluster.egg-info/requires.txt =====
flask
requests



===== ./mayhem_cluster.egg-info/top_level.txt =====
cluster



===== ./mayhem_cluster.egg-info/SOURCES.txt =====
README.md
pyproject.toml
cluster/__init__.py
mayhem_cluster.egg-info/PKG-INFO
mayhem_cluster.egg-info/SOURCES.txt
mayhem_cluster.egg-info/dependency_links.txt
mayhem_cluster.egg-info/requires.txt
mayhem_cluster.egg-info/top_level.txt
tests/test_election.py
tests/test_failover.py
tests/test_replication.py
tests/test_split_brain.py
tests/test_watchdog.py


===== ./testing/chaos_engine.py =====
import random
import time


class ChaosEngine:

    def __init__(self, nodes):
        self.nodes = nodes

    def maybe_kill_node(self, probability=0.1):

        if random.random() < probability:
            node = random.choice(self.nodes)
            print(f"\n💥 CHAOS: killing {node.node_id}\n")
            node.state = node.state.__class__.DEGRADED

    # ---------------------------------------------

    def maybe_partition(self, probability=0.1):

        if random.random() < probability:
            node = random.choice(self.nodes)
            print(f"\n🌐 CHAOS: partitioning {node.node_id}\n")
            node.isolated = True

    # ---------------------------------------------

    def maybe_delay(self, probability=0.2, max_delay=0.3):

        if random.random() < probability:
            delay = random.uniform(0.05, max_delay)
            print(f"\n⏱ CHAOS: delaying cluster {delay:.2f}s\n")
            time.sleep(delay)


===== ./testing/invariants.py =====
from cluster.runtime.state import NodeState


class Invariants:

    @staticmethod
    def no_invalid_states(nodes):
        """
        Core safety invariant:
        - max 1 ACTIVE
        - no ACTIVE + DEGRADED inconsistency explosion
        """

        active = [n for n in nodes if n.state == NodeState.ACTIVE]

        if len(active) > 1:
            raise AssertionError(
                f"Split brain detected: {[n.node_id for n in active]}"
            )

        return True

    # -------------------------------------------------

    @staticmethod
    def cluster_has_leader(nodes):

        active = [n for n in nodes if n.state == NodeState.ACTIVE]

        return len(active) == 1

    # -------------------------------------------------

    @staticmethod
    def no_orphan_active(nodes):

        """
        ACTIVE nodes must have valid lease (if available in runtime)
        """

        for n in nodes:

            if n.state == NodeState.ACTIVE:

                if hasattr(n, "lease_manager"):

                    if not n.lease_manager.is_valid(n.node_id):
                        raise AssertionError(
                            f"ACTIVE without valid lease: {n.node_id}"
                        )

        return True


===== ./REPL.py =====
import time

from cluster.node.node_runtime import NodeRuntime
from cluster.lease.lease_manager import LeaseManager
from cluster.config.loader import load_peers
from cluster.runtime.state import NodeState

peers = load_peers()

node = NodeRuntime(
    node_id="lnx203hp",
    priority=3,
    lease_manager=LeaseManager(),
)

node.state = NodeState.ACTIVE

while True:
    node.emit_heartbeat(peers)
    print(f"HEARTBEAT from {node.node_id}")
    time.sleep(5)
