


===== ./docs/cluster-state-machine.md =====
# File: docs/cluster-state-machine.md
# Previous: none
# Author: alftorres
# Date: 2026-05-13T16:02:00+0200
# Version: 0.1.0
# Genealogy:
#   docs/cluster-state-machine.md 0.1.0 2026-05-13T16:02:00+0200
#   God
#
# Purpose:
#   Define valid cluster node states and legal transitions.
#
# FRV-ID: 0c7b3f9e7d1a0d91
# Header_End

```markdown
# File: docs/cluster-state-machine.md
# Proyecto: mayhem-cluster
# Documento: cluster-state-machine
# Versión: 0.1.0
# Estado: borrador

# 1. OBJETIVO

Definir:

- estados válidos de los nodos
- transiciones permitidas
- condiciones de activación
- degradación
- recuperación
- failover
- prevención de split brain

Este documento es normativo.

La implementación debe obedecer esta máquina de estados.

---

# 2. PRINCIPIOS

## 2.1 Determinismo

Dado el mismo estado observable del cluster:

todos los nodos deben llegar a la misma decisión.

---

## 2.2 Autoridad temporal

La autoridad del nodo activo:

no es permanente.

Depende de:

- salud
- lease
- prioridad
- conectividad
- consistencia

---

## 2.3 Seguridad antes que disponibilidad

Ante duda:

preferir STANDBY antes que doble ACTIVE.

---

# 3. ESTADOS VÁLIDOS

## BOOT

Estado inicial. Nodo arrancando.

Características:

- configuración cargando
- datasets no validados
- watchdog aún no iniciado
- peers desconocidos

Restricción:
- no puede servir tráfico

---

## DISCOVERING

Nodo explorando el cluster.

Responsabilidades:

- cargar peers
- consultar health
- detectar líder
- validar leases
- construir cluster view

---

## STANDBY

Nodo sano preparado para takeover.

Responsabilidades:

- replicar datasets
- monitorizar activo
- mantener snapshots
- renovar estado local del cluster

Restricción:
- no acepta escrituras

---

## ACTIVE

Nodo líder actual.

Responsabilidades:

- aceptar escrituras
- coordinar datasets
- renovar lease
- publicar estado oficial
- servir tráfico

Restricción:
- máximo un ACTIVE

---

## DEGRADED

Nodo parcialmente operativo.

Ejemplos:

- datasets corruptos
- lease inválido
- inconsistencias
- pérdida parcial de conectividad

Restricción:
- no puede asumir liderazgo

---

## ISOLATED

Nodo aislado de peers.

Puede ocurrir por:

- corte de red
- VPN caída
- WiFi inestable
- pérdida de routing

Política:
- no promover automáticamente si existe duda de quorum

---

## OFFLINE

Nodo no operativo.

Causas posibles:

- apagado
- crash
- watchdog muerto
- proceso detenido

---

# 4. TRANSICIONES

## BOOT → DISCOVERING

Condiciones:

- config válida
- runtime inicializado
- watchdog arrancado

---

## DISCOVERING → STANDBY

Condiciones:

- líder válido detectado
- datasets sincronizados
- lease remoto válido

---

## DISCOVERING → ACTIVE

Condiciones:

- no existe líder válido
- nodo con mayor prioridad sana
- datasets válidos
- lease adquirible

---

## STANDBY → ACTIVE

Condiciones:

- lease del líder expirado
- líder no alcanzable
- nodo elegible
- prioridad suficiente
- datasets consistentes

---

## ACTIVE → STANDBY

Condiciones:

- aparece nodo superior sano
- lease perdido
- conflicto detectado
- prioridad inferior
- takeover remoto válido

Transición obligatoria inmediata.

---

## ACTIVE → DEGRADED

Condiciones:

- corrupción detectada
- datasets inválidos
- errores internos críticos
- watchdog inconsistente

---

## DEGRADED → STANDBY

Condiciones:

- recuperación completa
- datasets válidos
- watchdog estable

---

## CUALQUIER ESTADO → OFFLINE

Condiciones:

- proceso detenido
- error fatal
- shutdown explícito

---

## CUALQUIER ESTADO → ISOLATED

Condiciones:

- pérdida total de peers
- routing roto
- VPN caída
- timeout global

---

## ISOLATED → DISCOVERING

Condiciones:

- conectividad restaurada

---

# 5. ELECCIÓN DE LÍDER

Regla principal:

El líder será el nodo sano con menor priority.

---

## Requisitos para ACTIVE

- watchdog válido
- datasets íntegros
- lease válido
- sin líder superior visible
- sincronización suficiente

---

## Restricción de seguridad

Si existen dudas sobre autoridad:

NO asumir ACTIVE.

---

# 6. LEASE STATE

## VALID
Lease vigente.

## EXPIRED
Lease caducado. El nodo pierde autoridad.

## UNKNOWN
Estado no verificable.

Política general:
- preferir STANDBY ante incertidumbre

---

# 7. SPLIT BRAIN

## Detección

Existe split brain si:

- más de un ACTIVE simultáneo

---

## Resolución

Reglas:

- menor priority gana
- lease más reciente gana
- empate → menor node_id gana

El nodo perdedor:

debe degradarse inmediatamente a STANDBY.

---

# 8. CLUSTER VIEW

Cada nodo mantiene una `cluster_view` local:

Incluye:

- peers conocidos
- health
- lease status
- active node
- latencias
- datasets
- timestamps

Importante:

- la cluster_view es local
- no existe memoria global centralizada

---

# 9. INVARIANTES

## Invariante 1
Máximo un ACTIVE válido.

## Invariante 2
Solo ACTIVE acepta escrituras.

## Invariante 3
Todos los nodos ejecutan el mismo código.

## Invariante 4
Todo ACTIVE debe poseer lease válido.

## Invariante 5
STANDBY nunca debe publicar autoridad.

---

# 10. FILOSOFÍA OPERATIVA

El cluster está diseñado para:

- LAN doméstica
- hardware heterogéneo
- apagados arbitrarios
- reconexión automática
- nodos intermitentes
- mínima complejidad externa

---

# 11. OBJETIVO FASE 1

Estado objetivo inicial:

- 3 nodos
- 1 líder
- failover automático
- sin split brain
- replicación pull
- datasets JSON

---

# 12. FUTURAS EXTENSIONES

Posibles evoluciones:

- quorum real
- RAFT-lite
- WAL distribuido
- snapshots incrementales
- WebSocket replication
- CRDT datasets
```

```
```



===== ./docs/eod 13.05.md =====
Perfecto, esto es un buen punto para congelar estado. Te dejo un **SESSION BOOT limpio + auditoría de lo que YA es sistema real**.

---

# 🧭 SESSION BOOT — mayhem-cluster

## 📅 Fecha

2026-05-13

## 🎯 Estado del sistema

El proyecto ha pasado de:

```text
simulación → cluster lógico funcional → primer sistema distribuido en desarrollo
```

---

# 🧠 ESTADO REAL ACTUAL (IMPORTANTE)

## ✔ YA ES PARTE DEL SISTEMA REAL

Estos componentes ya forman el **core funcional del cluster** (no experimentos):

---

## 🧱 1. Node Runtime (núcleo del sistema)

📍 `cluster/node/node_runtime.py`

✔ Estado de nodo
✔ transición BOOT / ACTIVE / STANDBY / DEGRADED
✔ decisión local de liderazgo
✔ integración con lease

👉 ESTE ES EL ORQUESTADOR PRINCIPAL

---

## 🧱 2. Lease System (autoridad del cluster)

📍 `cluster/lease/lease_manager.py`
📍 `cluster/lease/lease.py`

✔ ownership de liderazgo
✔ TTL de autoridad
✔ expiración automática
✔ base de failover

👉 ESTE ES EL “CONSENSO SIMPLIFICADO”

---

## 🧱 3. Election Engine

📍 `cluster/election/election_engine.py`

✔ decisión de quién puede ser líder
✔ reglas de prioridad
✔ fallback de seguridad

👉 ESTE ES EL “ARBITRO LOCAL”

---

## 🧱 4. Heartbeat Worker

📍 `cluster/workers/heartbeat_worker.py`

✔ generación de heartbeat
✔ renovación de leases
✔ detección de fallos
✔ trigger de reelección

👉 ESTE ES EL “SISTEMA DE VIDA”

---

## 🧱 5. Runtime State

📍 `cluster/runtime/state.py`

✔ definición de estados del nodo
✔ base de máquina de estados

---

## 🧱 6. Invariants (testing real del sistema)

📍 `testing/invariants.py`

✔ validación de consistencia del cluster
✔ detección de split brain
✔ control de líder único

👉 ESTE ES EL “GUARDIÁN DEL SISTEMA”

---

## 🧱 7. Chaos Engine (inyección de fallos controlados)

📍 `testing/chaos_engine.py`

✔ kill node
✔ delay
✔ partition lógico

👉 ESTE ES EL “SIMULADOR DE REALIDAD”

---

## 🧱 8. System Harness (test principal)

📍 `scripts/system_cluster_harness.py`

✔ ejecución end-to-end del cluster
✔ failover completo
✔ recuperación automática

👉 ESTE ES EL “TEST INTEGRADO REAL”

---

# ⚠️ LO QUE TODAVÍA NO ES SISTEMA REAL

Esto sigue siendo **infra de desarrollo**, NO runtime distribuido:

* `chaos_cluster_runner.py`
* scripts de testing múltiples
* simuladores internos
* ejecución en memoria única

---

# 🧭 GAP REAL (lo siguiente importante)

Para pasar a “3 servers reales” falta SOLO:

## 🔴 Capa de red

* HTTP API entre nodos
* state exchange
* heartbeat remoto
* lease sync entre máquinas

---

# 📦 QUÉ DEBES HACER BACKUP AHORA

## 🔥 CRÍTICO (BACKUP OBLIGATORIO)

Guarda estos como “CORE SYSTEM v0”:

```
cluster/node/node_runtime.py
cluster/lease/
cluster/election/
cluster/workers/heartbeat_worker.py
cluster/runtime/state.py
testing/invariants.py
testing/chaos_engine.py
scripts/system_cluster_harness.py
```

---

## 🟡 IMPORTANTE (BACKUP SECUNDARIO)

```
cluster/datasets/
cluster/replication/
cluster/storage/
```

---

## 🟢 EXPERIMENTAL (NO CRÍTICO)

```
scripts/chaos_cluster_runner.py
scripts/test_*.py
```

---

# 📚 DOCUMENTACIÓN QUE SÍ HACE FALTA AHORA

Te falta documentar SOLO 3 cosas:

---

## 1. 🧱 “Cluster Runtime Contract”

Qué hace cada nodo en runtime real.

---

## 2. 🧱 “Lease + Election rules”

Qué define liderazgo real (ya implementado, pero no formalizado).

---

## 3. 🧱 “Failure model”

Qué tipos de fallos soporta el sistema:

* node crash
* lease loss
* network delay
* partition lógico

---

# 🧠 DECISIÓN IMPORTANTE (ESTRUCTURA FUTURA)

A partir de ahora:

```text
NO más lógica nueva sin pasar por NodeRuntime
```

NodeRuntime = fuente de verdad del cluster

---

# 🚀 PRÓXIMO PASO NATURAL (cuando vuelvas)

Cuando retomes sesión:

👉 convertimos esto en **3 nodos reales en red (FastAPI mínimo)**

sin cambiar lógica core.

---

# 🧭 RESUMEN FINAL

✔ tienes un cluster funcional lógico
✔ tienes failover real
✔ tienes test harness completo
✔ tienes chaos injection básico
⚠ falta red real entre nodos

---

Cuando vuelvas, el salto es muy claro:

> “de simulación controlada → sistema distribuido real en 3 máquinas”

y ahí ya empieza lo interesante de verdad.



===== ./docs/Cluster Runtime Contract.md =====
Aquí tienes el **Session Boot + documentación limpia del estado real del sistema**, y luego el artefacto que pediste.

---

## 🧭 SESSION BOOT (CLUSTER REAL STATE)

### Estado actual del sistema

Tienes ya un sistema que ha pasado de:

* simulador manual
* scripts sueltos
* tests ad-hoc

a:

👉 **cluster runtime funcional + chaos testing + invariants loop**

---

### 🧠 Qué YA es “real” (no experimental)

Estos módulos ya forman parte del **core del sistema real**:

#### 🧱 Runtime del cluster

* `cluster/node/node_runtime.py` → ciclo de vida del nodo
* `cluster/runtime/state.py` → estados del cluster
* `cluster/runtime/cluster_view.py` → visión local del cluster

#### 🗳️ Elección y autoridad

* `cluster/election/election_engine.py`
* `cluster/election/leader.py`
* `cluster/lease/lease_manager.py`
* `cluster/lease/lease.py`

#### 🔁 Self-healing base

* `cluster/workers/heartbeat_worker.py`
* `cluster/workers/lease_worker.py`

#### 🧪 Invariantes + chaos

* `testing/invariants.py`
* `testing/chaos_engine.py`
* `scripts/chaos_cluster_runner.py`

#### 📡 Dataset + replication (base)

* `cluster/datasets/*`
* `cluster/replication/*`

---

### ⚠️ Qué todavía NO es producción

Esto sigue siendo “experimental controlado”:

* tolerancia a fallos real en red (parcial)
* persistencia fuerte (WAL / fsync real)
* multi-host real (aún no validado en LAN real)
* seguridad de split-brain en red real (solo simulada)
* clock drift real (no modelado aún)

---

### 🧪 Qué YA puedes hacer ahora mismo

✔ simular cluster 3 nodos
✔ matar nodos
✔ inducir delays
✔ provocar split-brain
✔ validar invariants
✔ auto-reelección básica
✔ lease expiration real (TTL)

---

### 🚀 Siguiente salto lógico (IMPORTANTE)

Ahora hay 2 caminos posibles:

#### 1. 🧪 HARDENING (recomendado)

* convertir runtime en daemon real por máquina
* sockets / HTTP entre nodos reales
* heartbeat real over network
* lease distribuido real

#### 2. 🧩 CONSOLIDACIÓN (más seguro)

* unificar APIs duplicadas
* eliminar simuladores redundantes
* estabilizar interfaces de core
* cerrar contratos definitivos

---

## 📌 CLUSTER RUNTIME CONTRACT (DOCUMENTO)

Aquí tienes el documento formal encapsulado:

````markdown
# Cluster Runtime Contract

## Version
0.1.0

## Scope

Este contrato define el comportamiento obligatorio de un nodo
en runtime dentro del cluster mayhem.

Aplica a:

- ejecución local del nodo
- interacción con peers
- gestión de estado
- participación en liderazgo
- validación de lease
- reacción a fallos

---

# 1. PRINCIPIO FUNDAMENTAL

Cada nodo es autónomo.

Pero ningún nodo es soberano.

La autoridad es siempre derivada del cluster.

---

# 2. CICLO DE VIDA DEL NODO

Un nodo SIEMPRE ejecuta este loop:

```text
tick()
  ├── validar lease
  ├── evaluar estado actual
  ├── actualizar heartbeat
  ├── evaluar liderazgo
  ├── ejecutar transición de estado
  └── sincronizar cluster view
````

Este loop es obligatorio y continuo.

---

# 3. RESPONSABILIDADES POR ESTADO

## BOOT

* inicializar runtime
* cargar config
* no participar en cluster

## DISCOVERING

* descubrir peers
* construir cluster view
* validar lease existente

## STANDBY

* replicar datos
* monitorizar ACTIVE
* estar listo para takeover
* NO escribir

## ACTIVE

* único escritor válido
* emite heartbeat
* mantiene lease
* coordina cluster

## DEGRADED

* no puede liderar
* evita decisiones críticas
* espera recuperación o reelección

## ISOLATED

* no confía en cluster view
* no participa en elecciones

## OFFLINE

* nodo fuera del cluster

---

# 4. REGLA DE AUTORIDAD

Solo un nodo puede ser ACTIVE.

Si existen múltiples ACTIVE:

→ se activa resolución de split-brain
→ el nodo de menor prioridad gana
→ el resto se degrada

---

# 5. LEASE CONTRACT

* ACTIVE debe mantener lease válido
* lease expira → pérdida de autoridad
* lease inválido → degradación inmediata

---

# 6. HEARTBEAT CONTRACT

* ACTIVE emite heartbeat constante
* STANDBY escucha heartbeat
* ausencia de heartbeat → sospecha de fallo

---

# 7. SELF-HEAL LOOP

El cluster se repara mediante:

```text
heartbeat tick
→ detectar fallo
→ invalidar lease
→ reevaluar liderazgo
→ promover nuevo ACTIVE
→ estabilizar cluster
```

---

# 8. INVARIANTES

Estos invariantes NUNCA pueden romperse:

* máximo 1 ACTIVE
* STANDBY nunca escribe
* OFFLINE no participa
* lease siempre pertenece a ACTIVE
* decisiones deben ser deterministas

---

# 9. CONSISTENCIA

El sistema prioriza:

1. seguridad
2. consistencia
3. disponibilidad

Nunca al revés.

---

# 10. OBJETIVO FINAL

Cluster capaz de:

* sobrevivir fallos arbitrarios
* mantener 1 líder estable
* recuperarse automáticamente
* resistir particiones de red

```

---

## 🧩 Qué deberías guardar ya (BACKUP IMPORTANTE)

Esto YA es núcleo del sistema:

📦 guardar como “core stable”:

- `node_runtime.py`
- `lease_manager.py`
- `election_engine.py`
- `heartbeat_worker.py`
- `runtime/state.py`
- `testing/invariants.py`
- `testing/chaos_engine.py`
- `scripts/chaos_cluster_runner.py`
- `docs/cluster-state-machine.md`
- ESTE nuevo:
  - `docs/cluster_runtime_contract.md`

---

## 🧭 Siguiente paso real (sin caos innecesario)

Si quieres avanzar de verdad al siguiente nivel:

👉 el próximo paso NO es más código  
👉 es elegir uno:

### A. “REAL NETWORK MODE”
3 procesos en 3 máquinas reales (SSH + sockets)

### B. “STABILIZATION MODE”
limpiar + congelar API interna + eliminar duplicaciones

---

Si quieres, mañana podemos dar el salto grande:

👉 convertir esto en un **mini-RAFT funcional en LAN real (sin librerías externas)**
```



===== ./docs/Lease and Election Rules.md =====
# Lease + Election Rules

## Version
0.1.0

## Scope

Este documento formaliza las reglas de:

- concesión de lease
- expiración de lease
- elegibilidad de liderazgo
- elección de nodo ACTIVE
- resolución de conflictos (split-brain)

Aplica a todo el cluster runtime.

---

# 1. PRINCIPIO BASE

El liderazgo en el cluster no es fijo.

Es una propiedad temporal basada en:

- lease válido
- estado del nodo
- prioridad
- visibilidad del cluster
- consistencia de datos

---

# 2. DEFINICIÓN DE LEASE

Un lease es un contrato temporal de autoridad.

## Propiedades

- owner: node_id
- ttl: tiempo de vida
- created_at: timestamp

## Regla fundamental

Solo un nodo con lease válido puede ser ACTIVE.

---

# 3. CICLO DE VIDA DEL LEASE

## 3.1 Creación

Un lease se crea cuando:

- un nodo es promovido a ACTIVE
- el sistema valida elegibilidad
- no existe otro ACTIVE válido superior

## 3.2 Renovación

Solo el nodo ACTIVE puede:

- renovar su lease
- extender TTL
- reafirmar autoridad

## 3.3 Expiración

Un lease expira cuando:

- TTL se agota
- heartbeat falla
- nodo deja de renovar

Cuando esto ocurre:

- el nodo pierde autoridad inmediatamente
- el cluster debe iniciar reevaluación

---

# 4. REGLAS DE ELECCIÓN

## 4.1 Condiciones para ser candidato

Un nodo puede aspirar a ACTIVE si:

- estado == STANDBY o DISCOVERING
- datasets consistentes
- lease inválido o inexistente en cluster
- conectividad con cluster view suficiente

---

## 4.2 Condiciones obligatorias para ACTIVE

Un nodo SOLO puede ser ACTIVE si cumple:

- lease válido adquirido
- watchdog saludable
- datasets íntegros
- no existe ACTIVE superior visible
- cluster view consistente

---

## 4.3 Prioridad

La elección usa prioridad determinista:

- menor priority value = mayor prioridad
- empate → node_id más bajo gana

---

# 5. REGLAS DE TRANSICIÓN DE LIDERAZGO

## 5.1 STANDBY → ACTIVE

Permitido si:

- no hay ACTIVE válido
- lease puede ser adquirido
- nodo es el mejor candidato

---

## 5.2 ACTIVE → STANDBY

Obligatorio si:

- aparece nodo superior válido
- lease se pierde
- conflicto de autoridad detectado

---

## 5.3 ACTIVE → DEGRADED

Obligatorio si:

- lease expira
- corrupción detectada
- inconsistencia crítica
- watchdog falla

---

# 6. SPLIT-BRAIN RULES

## 6.1 Detección

Existe split-brain si:

- más de un nodo ACTIVE válido simultáneamente

---

## 6.2 Resolución

Se resuelve determinísticamente:

1. menor priority gana
2. si empate → menor node_id
3. los demás se degradan a STANDBY

---

## 6.3 Invariante crítico

El sistema debe converger a:

- exactamente 1 ACTIVE

en todos los casos posibles.

---

# 7. LEASE INVALIDATION RULES

Un lease se considera inválido si:

- TTL expirado
- nodo no emite heartbeat
- nodo cambia de estado a DEGRADED o OFFLINE
- conflicto de autoridad detectado

---

# 8. HEARTBEAT DEPENDENCY

El lease depende indirectamente de:

- heartbeat activo del nodo
- estabilidad del runtime loop

Sin heartbeat:

- lease expira naturalmente
- nodo pierde elegibilidad

---

# 9. SAFETY PRIORITY ORDER

El sistema siempre prioriza:

1. seguridad del cluster
2. consistencia de estado
3. disponibilidad

Nunca:

- disponibilidad antes que consistencia

---

# 10. INVARIANTES

Estos invariantes son estrictos:

- máximo 1 lease válido ACTIVE
- solo ACTIVE puede emitir lease
- lease expirado = pérdida inmediata de autoridad
- elección siempre determinista
- nodos nunca asumen ACTIVE sin validación completa

---

# 11. OBJETIVO FUNCIONAL

El sistema debe garantizar:

- elección automática de líder
- failover sin intervención humana
- recuperación tras fallo de nodo
- ausencia de split-brain estable
- convergencia eventual del cluster



===== ./docs/Failure Model.md =====
# Failure Model

## Version
0.1.0

## Scope

Este documento define el modelo de fallos soportados por el cluster.

Describe:

- tipos de fallo asumidos
- comportamiento esperado del sistema
- límites del modelo
- respuestas del runtime

El objetivo es garantizar que el sistema sea robusto bajo fallos reales
de hardware, red y procesos.

---

# 1. PRINCIPIO GENERAL

El cluster está diseñado bajo el supuesto de que:

> Los fallos son normales, no excepcionales.

Por lo tanto:

- el sistema debe seguir funcionando parcialmente en fallo
- la degradación es preferible a la inconsistencia
- la recuperación es automática

---

# 2. TIPOS DE FALLO SOPORTADOS

## 2.1 NODE CRASH (fallo de proceso)

### Definición

El nodo se detiene abruptamente:

- proceso muere
- máquina se apaga
- watchdog falla
- SIGKILL / crash inesperado

### Efectos

- nodo deja de enviar heartbeat
- lease expira automáticamente
- estado pasa a OFFLINE o DEGRADED (según detección)

### Respuesta del sistema

- detección por expiración de lease
- reevaluación de liderazgo
- promoción automática de STANDBY

### Invariante asociado

> El sistema debe sobrevivir a la pérdida total de un nodo ACTIVE.

---

## 2.2 LEASE LOSS (pérdida de autoridad)

### Definición

El nodo pierde su lease sin necesariamente fallar:

- expiración TTL
- falta de renovación heartbeat
- conflicto de autoridad
- invalidación explícita

### Efectos

- nodo pierde derecho a escribir
- nodo deja de ser ACTIVE
- transición obligatoria a DEGRADED o STANDBY

### Respuesta del sistema

- eliminación de autoridad
- elección de nuevo líder
- propagación de cluster_view actualizado

### Invariante asociado

> Ningún nodo sin lease válido puede escribir.

---

## 2.3 NETWORK DELAY (latencia o degradación de red)

### Definición

La red introduce retrasos arbitrarios:

- heartbeat retrasado
- mensajes fuera de orden
- jitter alto
- latencia variable

### Efectos

- posibles expiraciones falsas de lease
- sospecha de fallo de nodo activo
- reevaluación prematura de liderazgo

### Respuesta del sistema

- tolerancia temporal en lease TTL
- uso de buffers de verificación
- evitación de promoción inmediata
- preferencia por estabilidad antes que failover

### Invariante asociado

> La red puede ser lenta, pero no debe causar split-brain estable.

---

## 2.4 NETWORK PARTITION (partición lógica de red)

### Definición

El cluster se divide en subgrupos aislados:

- nodos no se ven entre sí
- cluster view fragmentada
- comunicación parcial o nula

### Efectos

- múltiples candidatos a ACTIVE
- riesgo de split-brain
- pérdida de consenso global

### Respuesta del sistema

- detección de falta de quorum implícito
- degradación a STANDBY en nodos inciertos
- resolución determinista al reconectar
- prioridad a seguridad sobre disponibilidad

### Regla clave

> En caso de duda de autoridad → NO se permite ACTIVE.

### Invariante asociado

> Nunca debe existir más de un ACTIVE estable tras reconexión.

---

# 3. MODOS DE FALLA COMBINADOS

El sistema debe soportar combinaciones:

- crash + partition
- delay + lease loss
- network instability + recovery cycles

El comportamiento debe seguir siendo determinista.

---

# 4. MODOS DE DEGRADACIÓN

Cuando el sistema no puede garantizar consistencia:

- DEGRADED state se activa
- escritura se bloquea o limita
- liderazgo se suspende

Esto evita corrupción silenciosa.

---

# 5. PRINCIPIO DE RECUPERACIÓN

La recuperación siempre sigue este flujo:

1. detectar fallo
2. invalidar autoridad si existe duda
3. limpiar lease
4. reevaluar cluster view
5. elegir nuevo ACTIVE
6. estabilizar estado

---

# 6. INVARIANTES GLOBALES

## Invariante 1

El sistema debe converger eventualmente a:

- 1 ACTIVE válido
- N STANDBY sincronizados

---

## Invariante 2

No existe escritura sin lease válido.

---

## Invariante 3

La partición de red nunca puede producir autoridad permanente dual.

---

## Invariante 4

Todo fallo debe ser observable en cluster_view.

---

# 7. OBJETIVO DEL MODELO

Este modelo garantiza:

- tolerancia a fallos reales de infraestructura
- auto-recuperación sin intervención humana
- consistencia eventual del cluster
- prevención de corrupción silenciosa



===== ./spec/SPEC.md =====
# File: spec/SPEC.md
# Previous: none
# Author: alftorres
# Date: 2026-05-13T15:01:54+0200
# Version: 0.0.0
# Genealogy:
#   spec/SPEC.md 0.0.0 2026-05-13T15:01:54+0200
#   God
#
# Purpose:
# Notes:
#
# FRV-ID: 37847ccc6a46ebeb
# Header_End

# `mayhem-cluster`

## Contrato funcional inicial del sistema

```text
Project: mayhem-cluster
Version: 0.1.0
Status: draft
Type: distributed failover cluster
Scope: LAN autonomous cluster coordination
```

---

# 1. OBJETIVO

`mayhem-cluster` es un núcleo de coordinación distribuida para servicios LAN.

Su responsabilidad es:

* descubrir nodos,
* vigilar salud,
* elegir nodo activo,
* coordinar failover,
* replicar datasets,
* mantener consistencia operativa,
* exponer estado común del cluster.

No implementa lógica de aplicación.

Las aplicaciones externas consumen el estado del cluster.

---

# 2. PRINCIPIOS FUNDAMENTALES

## 2.1 Código único

Todos los nodos ejecutan exactamente el mismo código.

No existen:

* binarios primarios,
* binarios backup,
* builds especiales.

La diferencia de comportamiento depende únicamente del estado del cluster.

---

## 2.2 Un único nodo activo

En cada instante:

```text
máximo 1 nodo activo
```

El resto:

* standby,
* observer,
* offline,
* degraded.

---

## 2.3 Prioridad determinista

La elección del nodo activo depende de:

1. salud real,
2. prioridad numérica,
3. watchdog válido,
4. lease vigente.

---

## 2.4 Cluster autónomo

Cada nodo:

* mantiene copia local del estado,
* evalúa a los demás,
* puede asumir liderazgo,
* puede degradarse,
* puede operar aislado temporalmente.

No existe servidor maestro permanente.

---

## 2.5 Persistencia local obligatoria

Cada nodo conserva:

* datasets,
* snapshots,
* estado cluster,
* leases,
* logs,
* histórico.

La caída de un nodo no debe destruir el estado global.

---

# 3. ROLES

## ACTIVE

Nodo que:

* sirve tráfico,
* acepta escrituras,
* coordina replicación,
* publica estado oficial.

Restricción:

```text
solo uno
```

---

## STANDBY

Nodo preparado para takeover.

Debe:

* replicar datasets,
* vigilar activo,
* mantener watchdog,
* permanecer sincronizado.

---

## OBSERVER

Nodo visible pero sin participación activa.

Puede:

* monitorizar,
* consultar,
* desarrollar,
* depurar.

No participa en election.

---

## OFFLINE

Nodo no alcanzable o inválido.

---

# 4. MODELO DE ELECCIÓN

## Regla principal

El nodo activo será:

```text
el nodo sano con menor priority
```

Ejemplo:

```text
priority 1 -> preferido
priority 2 -> backup
priority 3 -> último recurso
```

---

## Requisitos para liderazgo

Un nodo solo puede declararse activo si:

* su watchdog es válido,
* puede acceder a datasets,
* no detecta líder superior sano,
* lease del líder previo expiró,
* cluster state es consistente.

---

# 5. SPLIT BRAIN

El sistema debe minimizar:

```text
múltiples nodos activos simultáneos
```

---

## Política inicial

Ante duda:

```text
preferir degradación antes que doble activo
```

---

## Reglas

Si un nodo detecta:

* líder superior sano,
* lease válido remoto,
* conflicto de autoridad,

debe:

```text
pasar inmediatamente a standby
```

---

# 6. DATASETS

El cluster maneja datasets replicables.

Ejemplos:

* users
* points
* hosts
* sessions
* chat
* telemetry

---

## Propiedades

Cada dataset tendrá:

```text
dataset_id
version
updated_at
source_node
lease_owner
revision
checksum
items
```

---

## Escritura

Solo el nodo activo puede aceptar escrituras.

---

## Réplicas

Los standby:

* descargan snapshots,
* validan checksums,
* mantienen copia local caliente.

---

# 7. REPLICACIÓN

## Modelo inicial

Pull periódico.

Los standby consultan al activo:

```text
/api/datasets/*
```

---

## Frecuencia

Configurable.

Valor inicial recomendado:

```text
5 segundos
```

---

## Consistencia

Modelo:

```text
eventual consistency
```

No se requiere consistencia transaccional distribuida.

---

# 8. WATCHDOG

Cada nodo ejecuta watchdog interno.

Responsabilidades:

* comprobar peers,
* medir latencia,
* validar health,
* detectar stale nodes,
* actualizar cluster state.

---

## Intervalo inicial

```text
10 segundos
```

---

# 9. LEASES

El nodo activo posee un lease temporal.

Ejemplo:

```text
lease_duration_ms = 15000
```

---

## Renovación

El activo debe renovar lease periódicamente.

---

## Expiración

Si lease expira:

* el nodo pierde autoridad,
* standby puede iniciar takeover.

---

# 10. API MÍNIMA

## `/api/health`

Estado básico del nodo.

---

## `/api/cluster`

Estado global del cluster.

---

## `/api/active-node`

Nodo actualmente activo.

---

## `/api/lease`

Información de lease actual.

---

## `/api/datasets/<dataset>`

Acceso a datasets replicables.

---

# 11. PERSISTENCIA

Cada nodo mantiene:

```text
/data
/history
/snapshots
/logs
/state
```

---

# 12. FILOSOFÍA OPERATIVA

El cluster debe:

* funcionar en LAN doméstica,
* tolerar apagados arbitrarios,
* soportar nodos intermitentes,
* reintegrar nodos automáticamente,
* evitar dependencias cloud,
* minimizar complejidad externa.

---

# 13. TECNOLOGÍA BASE

Primera implementación:

* Python
* Flask
* threading
* JSON snapshots
* HTTP polling

---

## Exclusiones iniciales

No usar inicialmente:

* Kubernetes
* Docker Swarm
* etcd
* Redis cluster
* RabbitMQ
* PostgreSQL HA

---

# 14. COMPATIBILIDAD FRV

El sistema debe ser compatible con:

* genealogía documental,
* snapshots FRV,
* versionado estructural,
* trazabilidad de datasets,
* contratos parseables.

---

# 15. OBJETIVO DE FASE 1

Primera milestone:

```text
3 nodos
1 activo
failover automático
replicación datasets
sin split brain
```

---

# 16. REGLA DE DESARROLLO

Antes de implementar nuevas features:

1. definir contrato,
2. definir invariantes,
3. definir ownership,
4. definir estados válidos,
5. definir recuperación de fallo.

Implementación después.



===== ./state/datasets/hosts.json =====
{
  "dataset": "hosts",
  "revision": 0,
  "updated_at": null,
  "source_node": null,
  "lease_owner": null,
  "checksum": null,
  "items": []
}



===== ./state/datasets/cluster.json =====
{
  "cluster": "mayhem-cluster",
  "version": "0.1.0",
  "active_node": null,
  "lease_owner": null,
  "updated_at": null
}



===== ./README.md =====
# mayhem-cluster

Distributed autonomous failover cluster for LAN services.

## Goals

- autonomous election
- watchdog
- leases
- replication
- failover
- dataset consistency
- split-brain minimization

## Status

Experimental.



===== ./cluster/election/election_engine.py =====
class ElectionEngine:

    @staticmethod
    def can_become_leader(node_id, priority, lease_manager):

        active = lease_manager.active_leader()

        # si ya hay líder válido → no competir
        if active:
            return False

        # no hay líder → cualquier nodo sano puede intentar
        return True


===== ./cluster/election/leader.py =====
def choose_leader(candidates):
    # menor priority gana
    return sorted(candidates, key=lambda x: x.priority)[0]


===== ./cluster/lease/lease.py =====
from dataclasses import dataclass
import time


@dataclass
class Lease:
    owner_id: str
    ttl_seconds: float
    granted_at: float

    def expires_at(self) -> float:
        return self.granted_at + self.ttl_seconds

    def is_valid(self, now: float | None = None) -> bool:
        now = now or time.time()
        return now < self.expires_at()

    def renew(self):
        self.granted_at = time.time()


===== ./cluster/lease/lease_manager.py =====
import time


class Lease:

    def __init__(self, owner, ttl):

        self.owner = owner
        self.ttl = ttl
        self.created = time.time()

    def is_valid(self):

        return time.time() < self.created + self.ttl


class LeaseManager:

    def __init__(self):

        self.leases = {}

    # -----------------------------------------------------

    def grant(self, node_id, ttl):

        self.leases[node_id] = Lease(node_id, ttl)

    # -----------------------------------------------------

    def is_valid(self, node_id):

        lease = self.leases.get(node_id)

        return lease.is_valid() if lease else False

    # -----------------------------------------------------

    def expire(self):

        expired = []

        for node_id, lease in list(self.leases.items()):

            if not lease.is_valid():

                expired.append(node_id)
                del self.leases[node_id]

        return expired

    # -----------------------------------------------------

    def active_leader(self):

        for node_id, lease in self.leases.items():

            if lease.is_valid():

                return node_id

        return None

    # -----------------------------------------------------

    def get_active_nodes(self):

        active = []

        for node_id, lease in self.leases.items():

            if lease.is_valid():

                active.append(node_id)

        return active


===== ./cluster/config/nodes.json =====
{
  "cluster_name": "mayhem-cluster",

  "nodes": [
    {
      "node_id": "lnx200nas",
      "host": "100.100.1.200",
      "port": 7000,
      "priority": 1
    },

    {
      "node_id": "lnx202pc",
      "host": "100.100.1.202",
      "port": 7000,
      "priority": 2
    },

    {
      "node_id": "lnx203hp",
      "host": "100.100.1.203",
      "port": 7000,
      "priority": 3
    }
  ]
}



===== ./cluster/config/loader.py =====
import json

def load_peers():
    with open("cluster/config/nodes.json") as f:
        data = json.load(f)

    return data["nodes"]



===== ./cluster/node/node_runtime.py =====
import time

from cluster.runtime.state import NodeState
from cluster.lease.lease_manager import LeaseManager
from cluster.election.election_engine import ElectionEngine

from cluster.transport.client import broadcast_heartbeat

class NodeRuntime:

    def __init__(self, node_id, priority, lease_manager: LeaseManager):

        self.node_id = node_id
        self.priority = priority

        self.state = NodeState.BOOT

        self.lease_manager = lease_manager
        self.last_heartbeat = time.time()

    # -----------------------------------------------------

    def transition(self, new_state):

        if self.state == new_state:
            return

        print(f"[{self.node_id}] {self.state} -> {new_state}")
        self.state = new_state

    # -----------------------------------------------------

    def is_lease_valid(self):

        return self.lease_manager.is_valid(self.node_id)

    # -----------------------------------------------------

    def tick(self):

        """
        Called by heartbeat loop
        """

        lease_valid = self.is_lease_valid()

        # ACTIVE sin lease = degradación inmediata
        if self.state == NodeState.ACTIVE and not lease_valid:

            self.transition(NodeState.DEGRADED)

        # STANDBY sin líder → posible election trigger
        if self.state == NodeState.STANDBY:

            active_nodes = self.lease_manager.get_active_nodes()

            if not active_nodes:

                self.try_become_leader()

    # -----------------------------------------------------

    def try_become_leader(self):

        print(f"{self.node_id} evaluating leadership...")

        can_lead = ElectionEngine.can_become_leader(
            node_id=self.node_id,
            priority=self.priority,
            lease_manager=self.lease_manager
        )

        if can_lead:

            self.transition(NodeState.ACTIVE)

            self.lease_manager.grant(
                self.node_id,
                ttl=2.5
            )

    def emit_heartbeat(self, peers):

        payload = {
            "node_id": self.node_id,
            "state": self.state.value,
            "leader": self.lease_manager.active_leader(),
            "priority": self.priority,
            "timestamp": time.time(),
        }

        broadcast_heartbeat(peers, payload)





===== ./cluster/runtime/state.py =====
from enum import Enum

class NodeState(str, Enum):
    BOOT = "BOOT"
    DISCOVERING = "DISCOVERING"
    STANDBY = "STANDBY"
    ACTIVE = "ACTIVE"
    DEGRADED = "DEGRADED"
    ISOLATED = "ISOLATED"
    OFFLINE = "OFFLINE"


===== ./cluster/runtime/cluster_view.py =====
class ClusterView:

    def __init__(self):
        self.peers = {}
        self.active_node = None
        self.leases = {}


===== ./cluster/runtime/cluster_store.py =====
import time

cluster_state = {}

NODE_TTL = 5.0  # segundos


def purge_dead_nodes():
    now = time.time()

    dead = [
        n for n, data in cluster_state.items()
        if (now - data.get("last_seen", 0)) > NODE_TTL
    ]

    for n in dead:
        del cluster_state[n]


def get_active_cluster():
    purge_dead_nodes()
    return cluster_state



===== ./cluster/runtime/node_boot.py =====
import threading
import time
import uvicorn
from fastapi import FastAPI
from pydantic import BaseModel

from cluster.runtime.cluster_store import cluster_state
from cluster.node.node_runtime import NodeRuntime
from cluster.workers.cluster_worker import ClusterWorker
from cluster.lease.lease_manager import LeaseManager


# -----------------------------
# API
# -----------------------------
app = FastAPI()


class Heartbeat(BaseModel):
    node_id: str
    state: str
    priority: int


@app.get("/cluster")
def get_cluster():
    return cluster_state


@app.get("/leader")
def get_leader():
    return {"leader": compute_leader()}


@app.post("/heartbeat")
def heartbeat(hb: Heartbeat):

    cluster_state[hb.node_id] = {
        "state": hb.state,
        "priority": hb.priority,
        "last_seen": time.time(),
    }

    return {"ok": True}

def is_alive(data, timeout=3.0):
    return (time.time() - data["last_seen"]) < timeout

def compute_leader():

    active = {
        n: data["priority"]
        for n, data in cluster_state.items()

        if is_alive(data) and data["state"] in ("BOOT", "ACTIVE") # SOLO PARA PRUEBAS!!!

        # if node.seen_self_and_peers


    }

    if not active:
        return None

    return min(active, key=active.get)


# -----------------------------
# BOOTSTRAP NODE
# -----------------------------
def run_node(node_id: str, priority: int, peers: list[str]):

    lease_manager = LeaseManager()

    node = NodeRuntime(
        node_id=node_id,
        priority=priority,
        lease_manager=lease_manager
    )

    worker = ClusterWorker(node=node, peers=peers, interval=1.0)

    # registrar self inicial
    cluster_state[node_id] = {
        "state": node.state.value,
        "priority": priority,
        "last_seen": time.time(),
    }

    # -------------------------
    # worker thread
    # -------------------------
    t = threading.Thread(target=worker.start, daemon=True)
    t.start()

    # -------------------------
    # API thread
    # -------------------------
    uvicorn.run(app, host="0.0.0.0", port=7000)


# -----------------------------
# ENTRYPOINT
# -----------------------------
if __name__ == "__main__":

    import sys

    node_id = sys.argv[1]
    priority = int(sys.argv[2])

    peers = [
        {"host": "100.100.1.200", "port": 7000},
        {"host": "100.100.1.202", "port": 7000},
        {"host": "100.100.1.203", "port": 7000},
    ]

    run_node(node_id, priority, peers)



===== ./cluster/workers/heartbeat_worker.py =====
import time
from cluster.runtime.state import NodeState


class HeartbeatWorker:

    def __init__(self, nodes, lease_manager, interval=1.0):

        self.nodes = nodes
        self.lease_manager = lease_manager
        self.interval = interval

    # -----------------------------------------------------

    def start(self, ticks=5):

        print("\n=== HEARTBEAT START ===\n")

        for i in range(ticks):

            print(f"\n--- tick {i} ---\n")

            self.tick()

            time.sleep(self.interval)

    # -----------------------------------------------------

    def tick(self):

        self.send_heartbeats()
        self.expire_leases()
        self.update_nodes()

    # -----------------------------------------------------

    def send_heartbeats(self):

        for node in self.nodes:

            if node.state == NodeState.ACTIVE:

                self.lease_manager.grant(
                    node.node_id,
                    ttl=2.5
                )

                print(f"HEARTBEAT from {node.node_id}")

    # -----------------------------------------------------

    def expire_leases(self):

        expired = self.lease_manager.expire()

        for node_id in expired:

            print(f"LEASE EXPIRED: {node_id}")

    # -----------------------------------------------------

    def update_nodes(self):

        for node in self.nodes:

            node.tick()

            lease_valid = self.lease_manager.is_valid(
                node.node_id
            )

            # ACTIVE sin lease → degradación lógica
            if node.state == NodeState.ACTIVE and not lease_valid:

                print(
                    f"ACTIVE LOST LEASE: {node.node_id}"
                )

                node.transition(NodeState.DEGRADED)


===== ./cluster/workers/cluster_worker.py =====
import time

from cluster.transport.server import register_local_node

class ClusterWorker:

    def __init__(self, node, peers, interval=1.0):

        self.node = node
        self.peers = peers
        self.interval = interval
        self.running = False

    # -----------------------------------------

    def start(self):

        self.running = True

        print(f"[{self.node.node_id}] CLUSTER WORKER STARTED")

        while self.running:

            self.tick()

            time.sleep(self.interval)

    # -----------------------------------------

    def stop(self):

        self.running = False

    # -----------------------------------------

    def tick(self):

        print(f"[{self.node.node_id}] REGISTERING SELF")

        # 👇 registrar self localmente
        register_local_node(
            node_id=self.node.node_id,
            state=self.node.state.value,
            priority=self.node.priority,
        )

        # 👇 enviar a peers
        self.node.emit_heartbeat(self.peers)



===== ./cluster/core/transitions.py =====
from cluster.core.state import NodeState

ALLOWED_TRANSITIONS = {
    NodeState.BOOT: {
        NodeState.DISCOVERING,
    },
    NodeState.DISCOVERING: {
        NodeState.STANDBY,
        NodeState.ACTIVE,
        NodeState.ISOLATED,
    },
    NodeState.STANDBY: {
        NodeState.ACTIVE,
        NodeState.DEGRADED,
        NodeState.OFFLINE,
        NodeState.ISOLATED,
    },
    NodeState.ACTIVE: {
        NodeState.STANDBY,
        NodeState.DEGRADED,
        NodeState.OFFLINE,
    },
    NodeState.DEGRADED: {
        NodeState.STANDBY,
        NodeState.OFFLINE,
    },
    NodeState.ISOLATED: {
        NodeState.DISCOVERING,
        NodeState.OFFLINE,
    },
}

def can_transition(from_state: NodeState, to_state: NodeState) -> bool:
    return to_state in ALLOWED_TRANSITIONS.get(from_state, set())


===== ./cluster/core/node.py =====
from cluster.core.state import NodeState
from cluster.core.transitions import can_transition

class ClusterNode:

    def __init__(self, node_id: str):
        self.node_id = node_id
        self.state = NodeState.BOOT

    def set_state(self, new_state: NodeState):
        if not can_transition(self.state, new_state):
            raise Exception(f"Invalid transition {self.state} -> {new_state}")

        self.state = new_state


===== ./cluster/extraer-codigo.sh =====
OUT="$(basename "$PWD")_codigo_$(date +%Y%m%d_%H%M%S).log"
find . \
  -path '*/.*' -prune -o \
  -path '*/__pycache__' -prune -o \
  -type f ! -name '*.pyc' ! -name '*.log' -size +0c \
  -exec sh -c '
    for f do
      printf "\n\n\n===== %s =====\n" "$f"
      cat "$f"
    done
  ' sh {} + > "$OUT"
echo "$OUT"



===== ./cluster/transport/server.py =====
from fastapi import FastAPI
from pydantic import BaseModel
import uvicorn
import time

NODE_TIMEOUT = 3.0  # segundos

from cluster.runtime.cluster_store import cluster_state


app = FastAPI()


print("SERVER PROCESS STARTED")

print("SERVER cluster_state id", id(cluster_state))

class Heartbeat(BaseModel):
    node_id: str
    state: str
    leader: str | None = None
    priority: int | None = None
    timestamp: float | None = None


@app.get("/health")
async def health():

    return {
        "status": "ok"
    }

def is_alive(data):
    return (time.time() - data["last_seen"]) < NODE_TIMEOUT


def get_active_cluster():
    return {
        node_id: data
        for node_id, data in cluster_state.items()
        if is_alive(data)
    }

@app.get("/cluster")
def get_cluster():
    now = time.time()

    return {
        node_id: data
        for node_id, data in cluster_state.items()
        if (now - data["last_seen"]) < NODE_TIMEOUT
    }

import time


def is_alive(data):
    return (time.time() - data["last_seen"]) < NODE_TIMEOUT


def compute_leader():
    active = {
        n: data["priority"]
        for n, data in cluster_state.items()
        if is_alive(data) and data["state"] in ("BOOT", "ACTIVE")
    }

    if not active:
        return None

    return min(active, key=active.get)


@app.get("/leader")
def leader():
    return {"leader": compute_leader()}

@app.post("/heartbeat")
def heartbeat(hb: Heartbeat):

    cluster_state[hb.node_id] = {
        "state": hb.state,
        "leader": hb.leader,
        "priority": hb.priority,
        "last_seen": time.time(),
    }

    cleanup_cluster()   # 👈 AQUÍ

    return {"ok": True}



def start_server(host="0.0.0.0", port=7000):

    uvicorn.run(
        app,
        host=host,
        port=port,
    )

def get_leader(cluster_state):

    leaders = {}

    for node_id, data in cluster_state.items():

        if data["state"] == "ACTIVE":
            leaders[node_id] = data["priority"]

    if not leaders:
        return None

    return min(leaders, key=leaders.get)

def register_local_node(
    node_id,
    state,
    priority,
    ):

    print("REGISTER cluster_state id", id(cluster_state))

    cluster_state[node_id] = {
        "state": state,
        "leader": None,
        "priority": priority,
        "last_seen": time.time(),
    }

def cleanup_cluster():
    now = time.time()

    to_delete = [
        node_id
        for node_id, data in cluster_state.items()
        if now - data["last_seen"] > NODE_TIMEOUT
    ]

    for node_id in to_delete:
        print(f"[GC] removing {node_id}")
        del cluster_state[node_id]


if __name__ == "__main__":

    start_server()



===== ./cluster/transport/client.py =====
import requests


def send_heartbeat(peer_host, peer_port, payload, timeout=1.0):

    url = f"http://{peer_host}:{peer_port}/heartbeat"

    try:
        r = requests.post(
            url,
            json=payload,
            timeout=timeout,
        )

        return r.json()

    except Exception as e:

        print(f"[CLIENT ERROR] {url} -> {e}")

        return None

def broadcast_heartbeat(peers, payload):

    for peer in peers:

        send_heartbeat(
            peer["host"],
            peer["port"],
            payload,
        )



===== ./cluster/run_node.py =====
import json

from cluster.node.node_runtime import NodeRuntime
from cluster.lease.lease_manager import LeaseManager
from cluster.runtime.state import NodeState
from cluster.workers.cluster_worker import ClusterWorker
from cluster.transport.server import register_local_node




def load_config():

    with open("cluster/config/nodes.json") as f:
        return json.load(f)


def build_peers(config, self_id):

    return [
        n for n in config["nodes"]
        if n["node_id"] != self_id
    ]


def main(node_id, priority):

    config = load_config()
    peers = build_peers(config, node_id)

    node = NodeRuntime(
        node_id=node_id,
        priority=priority,
        lease_manager=LeaseManager(),
    )

    node.state = NodeState.ACTIVE

    worker = ClusterWorker(node, peers)

    worker.start()


if __name__ == "__main__":

    import sys

    main(
        node_id=sys.argv[1],
        priority=int(sys.argv[2]),
    )



===== ./scripts/cluster-bootstrap.sh =====
# File: scripts/cluster-bootstrap.sh
# Previous: none
# Author: alftorres
# Date: 2026-05-13T16:43:32+0200
# Version: 0.0.0
# Genealogy:
#   scripts/cluster-bootstrap.sh 0.0.0 2026-05-13T16:43:32+0200
#   God
#
# Purpose:
# Notes:
#
# FRV-ID: befeb247ebd54406
# Header_End

#!/usr/bin/env bash
# ============================================================================
# File: scripts/bootstrap_repo.sh
# Version: 0.1.0
# Purpose:
#   Bootstrap limpio de mayhem-cluster
# ============================================================================

set -euo pipefail

PROJECT="mayhem-cluster"

echo
echo "============================================================"
echo "BOOTSTRAP :: ${PROJECT}"
echo "============================================================"
echo

# ----------------------------------------------------------------------------
# DIRECTORIOS
# ----------------------------------------------------------------------------

mkdir -p \
    contracts \
    docs \
    spec \
    state \
    scripts \
    tests \
    cluster/config \
    cluster/node \
    cluster/election \
    cluster/watchdog \
    cluster/replication \
    cluster/datasets \
    cluster/storage \
    cluster/api \
    cluster/runtime \
    cluster/network \
    cluster/logging \
    cluster/workers \
    cluster/models

# ----------------------------------------------------------------------------
# PYTHON PACKAGE MARKERS
# ----------------------------------------------------------------------------

find cluster -type d -exec touch {}/__init__.py \;

# ----------------------------------------------------------------------------
# GITIGNORE
# ----------------------------------------------------------------------------

cat > .gitignore << 'EOF'
# Python
__pycache__/
*.pyc
*.pyo
*.pyd
.venv/
venv/

# Runtime
state/runtime/
state/cache/
state/tmp/
logs/

# Editors
.vscode/
.idea/

# OS
.DS_Store
Thumbs.db

# Local overrides
*.local.json
EOF

# ----------------------------------------------------------------------------
# README
# ----------------------------------------------------------------------------

cat > README.md << 'EOF'
# mayhem-cluster

Distributed autonomous failover cluster for LAN services.

## Goals

- autonomous election
- watchdog
- leases
- replication
- failover
- dataset consistency
- split-brain minimization

## Status

Experimental.
EOF

# ----------------------------------------------------------------------------
# PYPROJECT
# ----------------------------------------------------------------------------

cat > pyproject.toml << 'EOF'
[project]
name = "mayhem-cluster"
version = "0.1.0"
description = "Distributed autonomous failover cluster"
requires-python = ">=3.11"

dependencies = [
    "flask",
    "requests"
]
EOF

# ----------------------------------------------------------------------------
# EMPTY MODULES
# ----------------------------------------------------------------------------

touch \
    cluster/runtime/state.py \
    cluster/runtime/locks.py \
    cluster/models/host.py \
    cluster/models/lease.py \
    cluster/models/dataset.py \
    cluster/storage/backend.py \
    cluster/storage/json_backend.py \
    cluster/election/election_engine.py \
    cluster/election/lease_validation.py \
    cluster/watchdog/watchdog.py \
    cluster/watchdog/healthcheck.py \
    cluster/replication/replication_engine.py \
    cluster/replication/pull_sync.py \
    cluster/datasets/dataset_manager.py \
    cluster/datasets/revisioning.py \
    cluster/api/routes_health.py \
    cluster/api/routes_cluster.py \
    cluster/network/http_client.py \
    cluster/logging/cluster_logger.py \
    cluster/workers/watchdog_worker.py \
    cluster/workers/replication_worker.py \
    cluster/workers/lease_worker.py

# ----------------------------------------------------------------------------
# RUNTIME STRUCTURE
# ----------------------------------------------------------------------------

mkdir -p \
    state/snapshots \
    state/history \
    state/runtime \
    state/leases \
    state/datasets

# ----------------------------------------------------------------------------
# INITIAL JSON DATASETS
# ----------------------------------------------------------------------------

cat > state/datasets/hosts.json << 'EOF'
{
  "dataset": "hosts",
  "revision": 0,
  "updated_at": null,
  "source_node": null,
  "lease_owner": null,
  "checksum": null,
  "items": []
}
EOF

cat > state/datasets/cluster.json << 'EOF'
{
  "cluster": "mayhem-cluster",
  "version": "0.1.0",
  "active_node": null,
  "lease_owner": null,
  "updated_at": null
}
EOF

# ----------------------------------------------------------------------------
# GIT INIT
# ----------------------------------------------------------------------------

if [ ! -d .git ]; then
    git init
    git branch -M main
fi

# ----------------------------------------------------------------------------
# FINAL
# ----------------------------------------------------------------------------

echo
echo "Bootstrap completed."
echo
echo "Suggested next steps:"
echo
echo "  python3 -m venv .venv"
echo "  source .venv/bin/activate"
echo "  pip install -e ."
echo
echo "Repository ready."
echo



===== ./scripts/sim_cluster.py =====
# File: scripts/sim_cluster.py
# Previous: none
# Author: alftorres
# Date: 2026-05-13T18:10:00+0200
# Version: 0.1.0
# Genealogy:
#   scripts/sim_cluster.py 0.1.0 2026-05-13T18:10:00+0200
#   God
#
# Purpose:
#   Minimal local simulator for mayhem-cluster.
#
# Notes:
#   Simulates:
#   - 3 cluster nodes
#   - discovery
#   - leader election
#   - ACTIVE/STANDBY transitions
#   - lease failover
#
# FRV-ID: sim-cluster-3nodes-v0
# Header_End

from enum import Enum
from dataclasses import dataclass


# ============================================================
# STATES
# ============================================================

class NodeState(str, Enum):
    BOOT = "BOOT"
    DISCOVERING = "DISCOVERING"
    STANDBY = "STANDBY"
    ACTIVE = "ACTIVE"
    DEGRADED = "DEGRADED"
    ISOLATED = "ISOLATED"
    OFFLINE = "OFFLINE"


# ============================================================
# TRANSITIONS
# ============================================================

ALLOWED_TRANSITIONS = {
    NodeState.BOOT: {
        NodeState.DISCOVERING,
    },

    NodeState.DISCOVERING: {
        NodeState.STANDBY,
        NodeState.ACTIVE,
        NodeState.ISOLATED,
    },

    NodeState.STANDBY: {
        NodeState.ACTIVE,
        NodeState.DEGRADED,
        NodeState.ISOLATED,
        NodeState.OFFLINE,
    },

    NodeState.ACTIVE: {
        NodeState.STANDBY,
        NodeState.DEGRADED,
        NodeState.OFFLINE,
    },

    NodeState.DEGRADED: {
        NodeState.STANDBY,
        NodeState.OFFLINE,
    },

    NodeState.ISOLATED: {
        NodeState.DISCOVERING,
        NodeState.OFFLINE,
    },
}


def can_transition(current, target):
    return target in ALLOWED_TRANSITIONS.get(current, set())


# ============================================================
# MODELS
# ============================================================

@dataclass
class ClusterView:
    active_node: str | None = None


# ============================================================
# RUNTIME
# ============================================================

class ClusterNodeRuntime:

    def __init__(self, node_id: str, priority: int):
        self.node_id = node_id
        self.priority = priority

        self.state = NodeState.BOOT

        self.healthy = True
        self.lease_valid = True
        self.datasets_valid = True

        self.cluster_view = ClusterView()

    # --------------------------------------------------------

    def transition_to(self, target: NodeState):

        if not can_transition(self.state, target):
            raise RuntimeError(
                f"Invalid transition: {self.state} -> {target}"
            )

        print(
            f"[{self.node_id}] "
            f"{self.state} -> {target}"
        )

        self.state = target

    # --------------------------------------------------------

    def is_eligible_for_active(self):

        return (
            self.healthy
            and self.lease_valid
            and self.datasets_valid
            and self.state in (
                NodeState.DISCOVERING,
                NodeState.STANDBY,
            )
        )

    # --------------------------------------------------------

    def summary(self):

        return {
            "node": self.node_id,
            "priority": self.priority,
            "state": self.state.value,
            "active": self.cluster_view.active_node,
        }


# ============================================================
# ELECTION
# ============================================================

def choose_leader(nodes):

    eligible = [
        node
        for node in nodes
        if node.is_eligible_for_active()
    ]

    if not eligible:
        return None

    # menor priority gana
    leader = sorted(
        eligible,
        key=lambda n: n.priority
    )[0]

    return leader


# ============================================================
# CLUSTER
# ============================================================

class ClusterSimulator:

    def __init__(self, nodes):
        self.nodes = nodes

    # --------------------------------------------------------

    def boot_cluster(self):

        print("\n=== BOOT ===\n")

        for node in self.nodes:
            node.transition_to(NodeState.DISCOVERING)

    # --------------------------------------------------------

    def elect_leader(self):

        print("\n=== ELECTION ===\n")

        leader = choose_leader(self.nodes)

        if leader is None:
            print("No eligible leader")
            return

        for node in self.nodes:

            if node == leader:
                node.transition_to(NodeState.ACTIVE)
                node.cluster_view.active_node = leader.node_id

            else:
                node.transition_to(NodeState.STANDBY)
                node.cluster_view.active_node = leader.node_id

        print(f"\nLEADER: {leader.node_id}")

    # --------------------------------------------------------

    def simulate_leader_failure(self):

        print("\n=== LEADER FAILURE ===\n")

        leader = self.get_active_node()

        if not leader:
            print("No active leader")
            return

        print(f"Failing leader: {leader.node_id}")

        leader.healthy = False
        leader.lease_valid = False

        leader.transition_to(NodeState.DEGRADED)

        self.re_elect()

    # --------------------------------------------------------

    def re_elect(self):

        print("\n=== RE-ELECTION ===\n")

        candidates = [
            n for n in self.nodes
            if n.state in (
                NodeState.STANDBY,
                NodeState.DISCOVERING,
            )
        ]

        new_leader = choose_leader(candidates)

        if not new_leader:
            print("No replacement leader available")
            return

        for node in self.nodes:

            if node == new_leader:
                node.transition_to(NodeState.ACTIVE)

            elif node.state != NodeState.DEGRADED:
                node.transition_to(NodeState.STANDBY)

            node.cluster_view.active_node = new_leader.node_id

        print(f"\nNEW LEADER: {new_leader.node_id}")

    # --------------------------------------------------------

    def get_active_node(self):

        for node in self.nodes:
            if node.state == NodeState.ACTIVE:
                return node

        return None

    # --------------------------------------------------------

    def print_cluster(self):

        print("\n=== CLUSTER STATE ===\n")

        for node in self.nodes:
            print(node.summary())


# ============================================================
# MAIN
# ============================================================

def main():

    nodes = [
        ClusterNodeRuntime("node-200", priority=1),
        ClusterNodeRuntime("node-202", priority=2),
        ClusterNodeRuntime("node-203", priority=3),
    ]

    cluster = ClusterSimulator(nodes)

    cluster.boot_cluster()

    cluster.elect_leader()

    cluster.print_cluster()

    cluster.simulate_leader_failure()

    cluster.print_cluster()


if __name__ == "__main__":
    main()


===== ./scripts/test_cluster_basic.py =====
# File: scripts/test_cluster_basic.py
# Previous: none
# Author: alftorres
# Date: 2026-05-13T18:35:00+0200
# Version: 0.1.0
# Genealogy:
#   scripts/test_cluster_basic.py 0.1.0 2026-05-13T18:35:00+0200
#   God
#
# Purpose:
#   Minimal executable cluster simulation test.
#
# Notes:
#   Validates:
#   - startup transitions
#   - leader election
#   - ACTIVE/STANDBY assignment
#   - failover
#   - reelection
#
# FRV-ID: test-cluster-basic-v0
# Header_End

from enum import Enum
from dataclasses import dataclass


# ============================================================
# STATES
# ============================================================

class NodeState(str, Enum):
    BOOT = "BOOT"
    DISCOVERING = "DISCOVERING"
    STANDBY = "STANDBY"
    ACTIVE = "ACTIVE"
    DEGRADED = "DEGRADED"
    ISOLATED = "ISOLATED"
    OFFLINE = "OFFLINE"


# ============================================================
# TRANSITIONS
# ============================================================

ALLOWED_TRANSITIONS = {
    NodeState.BOOT: {
        NodeState.DISCOVERING,
    },

    NodeState.DISCOVERING: {
        NodeState.STANDBY,
        NodeState.ACTIVE,
        NodeState.ISOLATED,
    },

    NodeState.STANDBY: {
        NodeState.ACTIVE,
        NodeState.DEGRADED,
        NodeState.ISOLATED,
        NodeState.OFFLINE,
    },

    NodeState.ACTIVE: {
        NodeState.STANDBY,
        NodeState.DEGRADED,
        NodeState.OFFLINE,
    },

    NodeState.DEGRADED: {
        NodeState.STANDBY,
        NodeState.OFFLINE,
    },

    NodeState.ISOLATED: {
        NodeState.DISCOVERING,
        NodeState.OFFLINE,
    },
}


def can_transition(current, target):
    return target in ALLOWED_TRANSITIONS.get(current, set())


# ============================================================
# CLUSTER VIEW
# ============================================================

@dataclass
class ClusterView:
    active_node: str | None = None


# ============================================================
# NODE RUNTIME
# ============================================================

class ClusterNodeRuntime:

    def __init__(self, node_id: str, priority: int):

        self.node_id = node_id
        self.priority = priority

        self.state = NodeState.BOOT

        self.healthy = True
        self.lease_valid = True
        self.datasets_valid = True

        self.cluster_view = ClusterView()

    # --------------------------------------------------------

    def transition_to(self, target):

        if not can_transition(self.state, target):
            raise RuntimeError(
                f"Invalid transition: "
                f"{self.state} -> {target}"
            )

        print(
            f"[{self.node_id}] "
            f"{self.state.value} -> {target.value}"
        )

        self.state = target

    # --------------------------------------------------------

    def is_eligible_for_active(self):

        return (
            self.healthy
            and self.lease_valid
            and self.datasets_valid
            and self.state in (
                NodeState.DISCOVERING,
                NodeState.STANDBY,
            )
        )

    # --------------------------------------------------------

    def summary(self):

        return {
            "node": self.node_id,
            "priority": self.priority,
            "state": self.state.value,
            "active_node": self.cluster_view.active_node,
        }


# ============================================================
# ELECTION
# ============================================================

def choose_leader(nodes):

    eligible = [
        node
        for node in nodes
        if node.is_eligible_for_active()
    ]

    if not eligible:
        return None

    # menor priority gana
    leader = sorted(
        eligible,
        key=lambda n: n.priority
    )[0]

    return leader


# ============================================================
# CLUSTER TEST
# ============================================================

class ClusterTestRuntime:

    def __init__(self, nodes):
        self.nodes = nodes

    # --------------------------------------------------------

    def startup(self):

        print("\n=== STARTUP ===\n")

        for node in self.nodes:
            node.transition_to(NodeState.DISCOVERING)

    # --------------------------------------------------------

    def elect_leader(self):

        print("\n=== LEADER ELECTION ===\n")

        leader = choose_leader(self.nodes)

        if leader is None:
            raise RuntimeError("No eligible leader")

        for node in self.nodes:

            if node == leader:
                node.transition_to(NodeState.ACTIVE)
            else:
                node.transition_to(NodeState.STANDBY)

            node.cluster_view.active_node = leader.node_id

        print(f"\nLEADER ELECTED: {leader.node_id}")

    # --------------------------------------------------------

    def fail_active_node(self):

        print("\n=== FAIL ACTIVE NODE ===\n")

        active = self.get_active_node()

        if active is None:
            raise RuntimeError("No ACTIVE node found")

        print(f"Failing node: {active.node_id}")

        active.healthy = False
        active.lease_valid = False

        active.transition_to(NodeState.DEGRADED)

    # --------------------------------------------------------

    def reelection(self):

        print("\n=== RE-ELECTION ===\n")

        candidates = [
            node
            for node in self.nodes
            if node.state in (
                NodeState.STANDBY,
                NodeState.DISCOVERING,
            )
        ]

        leader = choose_leader(candidates)

        if leader is None:
            raise RuntimeError("No replacement leader")

        for node in self.nodes:

            if node == leader:
                node.transition_to(NodeState.ACTIVE)

            elif (
                node.state != NodeState.DEGRADED
                and node.state != NodeState.STANDBY
            ):
                node.transition_to(NodeState.STANDBY)

            node.cluster_view.active_node = leader.node_id

        print(f"\nNEW LEADER: {leader.node_id}")

    # --------------------------------------------------------

    def get_active_node(self):

        for node in self.nodes:
            if node.state == NodeState.ACTIVE:
                return node

        return None

    # --------------------------------------------------------

    def print_cluster_state(self):

        print("\n=== CLUSTER STATE ===\n")

        for node in self.nodes:
            print(node.summary())


# ============================================================
# MAIN
# ============================================================

def main():

    nodes = [
        ClusterNodeRuntime(
            node_id="node-200",
            priority=1,
        ),

        ClusterNodeRuntime(
            node_id="node-202",
            priority=2,
        ),

        ClusterNodeRuntime(
            node_id="node-203",
            priority=3,
        ),
    ]

    cluster = ClusterTestRuntime(nodes)

    # startup
    cluster.startup()

    # initial leader election
    cluster.elect_leader()

    cluster.print_cluster_state()

    # simulate leader failure
    cluster.fail_active_node()

    # reelection
    cluster.reelection()

    cluster.print_cluster_state()


if __name__ == "__main__":
    main()


===== ./scripts/test_split_brain.py =====
# File: scripts/test_split_brain.py
# Previous: none
# Author: alftorres
# Date: 2026-05-13T18:52:00+0200
# Version: 0.1.0
# Genealogy:
#   scripts/test_split_brain.py 0.1.0 2026-05-13T18:52:00+0200
#   God
#
# Purpose:
#   Simulate and resolve split-brain scenarios.
#
# Notes:
#   Validates:
#   - multiple ACTIVE detection
#   - deterministic authority resolution
#   - forced demotion
#   - invariant restoration
#
# FRV-ID: test-split-brain-v0
# Header_End

from enum import Enum


# ============================================================
# STATES
# ============================================================

class NodeState(str, Enum):
    BOOT = "BOOT"
    DISCOVERING = "DISCOVERING"
    STANDBY = "STANDBY"
    ACTIVE = "ACTIVE"
    DEGRADED = "DEGRADED"
    ISOLATED = "ISOLATED"
    OFFLINE = "OFFLINE"


# ============================================================
# TRANSITIONS
# ============================================================

ALLOWED_TRANSITIONS = {
    NodeState.BOOT: {
        NodeState.DISCOVERING,
    },

    NodeState.DISCOVERING: {
        NodeState.STANDBY,
        NodeState.ACTIVE,
    },

    NodeState.STANDBY: {
        NodeState.ACTIVE,
        NodeState.DEGRADED,
        NodeState.OFFLINE,
    },

    NodeState.ACTIVE: {
        NodeState.STANDBY,
        NodeState.DEGRADED,
        NodeState.OFFLINE,
    },

    NodeState.DEGRADED: {
        NodeState.STANDBY,
        NodeState.OFFLINE,
    },
}


def can_transition(current, target):
    return target in ALLOWED_TRANSITIONS.get(current, set())


# ============================================================
# NODE
# ============================================================

class ClusterNode:

    def __init__(self, node_id, priority):

        self.node_id = node_id
        self.priority = priority

        self.state = NodeState.BOOT

    # --------------------------------------------------------

    def transition_to(self, target):

        if self.state == target:
            return

        if not can_transition(self.state, target):
            raise RuntimeError(
                f"Invalid transition: "
                f"{self.state} -> {target}"
            )

        print(
            f"[{self.node_id}] "
            f"{self.state.value} -> {target.value}"
        )

        self.state = target

    # --------------------------------------------------------

    def summary(self):

        return {
            "node": self.node_id,
            "priority": self.priority,
            "state": self.state.value,
        }


# ============================================================
# SPLIT BRAIN
# ============================================================

def detect_multiple_active(nodes):

    active_nodes = [
        node
        for node in nodes
        if node.state == NodeState.ACTIVE
    ]

    return active_nodes


# ------------------------------------------------------------

def resolve_split_brain(nodes):

    active_nodes = detect_multiple_active(nodes)

    if len(active_nodes) <= 1:
        print("\nNo split-brain detected")
        return

    print("\n=== SPLIT-BRAIN DETECTED ===\n")

    for node in active_nodes:
        print(
            f"ACTIVE NODE: "
            f"{node.node_id} "
            f"(priority={node.priority})"
        )

    # menor priority gana
    winner = sorted(
        active_nodes,
        key=lambda n: (n.priority, n.node_id)
    )[0]

    print(
        f"\nWINNER: {winner.node_id}"
    )

    for node in active_nodes:

        if node == winner:
            continue

        print(
            f"Demoting {node.node_id}"
        )

        node.transition_to(NodeState.STANDBY)

    print("\n=== SPLIT-BRAIN RESOLVED ===")


# ============================================================
# INVARIANTS
# ============================================================

def assert_single_active(nodes):

    active_nodes = [
        node
        for node in nodes
        if node.state == NodeState.ACTIVE
    ]

    if len(active_nodes) > 1:
        raise RuntimeError(
            "Invariant violation: "
            "multiple ACTIVE nodes"
        )

    print(
        "\nInvariant OK: "
        "single ACTIVE node"
    )


# ============================================================
# MAIN
# ============================================================

def main():

    node_200 = ClusterNode(
        node_id="node-200",
        priority=1,
    )

    node_202 = ClusterNode(
        node_id="node-202",
        priority=2,
    )

    node_203 = ClusterNode(
        node_id="node-203",
        priority=3,
    )

    nodes = [
        node_200,
        node_202,
        node_203,
    ]

    print("\n=== STARTUP ===\n")

    for node in nodes:
        node.transition_to(NodeState.DISCOVERING)

    # --------------------------------------------------------
    # NORMAL CLUSTER
    # --------------------------------------------------------

    print("\n=== NORMAL STATE ===\n")

    node_200.transition_to(NodeState.ACTIVE)

    node_202.transition_to(NodeState.STANDBY)

    node_203.transition_to(NodeState.STANDBY)

    for node in nodes:
        print(node.summary())

    assert_single_active(nodes)

    # --------------------------------------------------------
    # FORCE SPLIT-BRAIN
    # --------------------------------------------------------

    print("\n=== FORCING SPLIT-BRAIN ===\n")

    node_202.transition_to(NodeState.ACTIVE)

    for node in nodes:
        print(node.summary())

    # --------------------------------------------------------
    # RESOLUTION
    # --------------------------------------------------------

    resolve_split_brain(nodes)

    # --------------------------------------------------------
    # FINAL STATE
    # --------------------------------------------------------

    print("\n=== FINAL CLUSTER STATE ===\n")

    for node in nodes:
        print(node.summary())

    assert_single_active(nodes)


if __name__ == "__main__":
    main()


===== ./scripts/test_hearbeat_cluster.py =====
from cluster.workers.heartbeat_worker import HeartbeatWorker
from cluster.lease.lease_manager import LeaseManager

from scripts.test_cluster_basic import ClusterNodeRuntime, NodeState


def main():

    nodes = [
        ClusterNodeRuntime("node-200", 1),
        ClusterNodeRuntime("node-202", 2),
        ClusterNodeRuntime("node-203", 3),
    ]

    # startup
    for n in nodes:
        n.state = NodeState.STANDBY

    nodes[0].state = NodeState.ACTIVE

    lease_manager = LeaseManager()

    hb = HeartbeatWorker(nodes, lease_manager, interval=1.0)

    hb.start(ticks=10)


if __name__ == "__main__":
    main()


===== ./scripts/system_cluster_harness.py =====
import time

from cluster.node.node_runtime import NodeRuntime
from cluster.lease.lease_manager import LeaseManager
from cluster.workers.heartbeat_worker import HeartbeatWorker
from cluster.runtime.state import NodeState


# ============================================================
# ASSERT HELPERS
# ============================================================

def assert_single_active(nodes):

    active = [
        n for n in nodes
        if n.state == NodeState.ACTIVE
    ]

    if len(active) != 1:
        raise RuntimeError(
            f"Expected 1 ACTIVE, found {len(active)}"
        )

    print(f"[OK] single ACTIVE: {active[0].node_id}")


# ============================================================
# SIMULATED FAILURE
# ============================================================

def kill_active(nodes):

    for n in nodes:

        if n.state == NodeState.ACTIVE:

            print(f"\n!!! KILLING ACTIVE: {n.node_id}\n")

            n.state = NodeState.DEGRADED


# ============================================================
# MAIN SYSTEM TEST
# ============================================================

def main():

    print("\n==============================")
    print(" CLUSTER SYSTEM HARNESS START")
    print("==============================\n")

    lease_manager = LeaseManager()

    nodes = [
        NodeRuntime("node-200", 1, lease_manager),
        NodeRuntime("node-202", 2, lease_manager),
        NodeRuntime("node-203", 3, lease_manager),
    ]

    # --------------------------------------------------------
    # BOOTSTRAP
    # --------------------------------------------------------

    nodes[0].state = NodeState.ACTIVE
    lease_manager.grant("node-200", ttl=2.5)

    nodes[1].state = NodeState.STANDBY
    nodes[2].state = NodeState.STANDBY

    # --------------------------------------------------------
    # HEARTBEAT LOOP START
    # --------------------------------------------------------

    hb = HeartbeatWorker(nodes, lease_manager, interval=0.5)

    # --------------------------------------------------------
    # PHASE 1: STABLE CLUSTER
    # --------------------------------------------------------

    print("\n=== PHASE 1: STABLE ===\n")

    for _ in range(5):

        hb.tick()

        assert_single_active(nodes)

        time.sleep(0.5)

    # --------------------------------------------------------
    # PHASE 2: FAIL ACTIVE NODE
    # --------------------------------------------------------

    print("\n=== PHASE 2: FAILURE ===\n")

    kill_active(nodes)

    # --------------------------------------------------------
    # PHASE 3: SELF-HEALING
    # --------------------------------------------------------

    print("\n=== PHASE 3: SELF-HEAL ===\n")

    for i in range(10):

        print(f"\n--- recovery tick {i} ---\n")

        hb.tick()

        time.sleep(0.5)

        # intentar validar si ya convergió
        try:
            assert_single_active(nodes)
            print("\n[SUCCESS] Cluster converged\n")
            break
        except RuntimeError as e:
            print(f"[WAIT] {e}")


    # --------------------------------------------------------
    # FINAL STATE
    # --------------------------------------------------------

    print("\n=== FINAL STATE ===\n")

    for n in nodes:

        print(
            {
                "node": n.node_id,
                "state": n.state.value
            }
        )


if __name__ == "__main__":
    main()


===== ./scripts/chaos_cluster_runner.py =====
import time
import random

from cluster.node.node_runtime import NodeRuntime
from cluster.lease.lease_manager import LeaseManager
from cluster.workers.heartbeat_worker import HeartbeatWorker

from testing.chaos_engine import ChaosEngine
from testing.invariants import Invariants


def main():

    lease_manager = LeaseManager()

    nodes = [
        NodeRuntime("node-200", 1, lease_manager),
        NodeRuntime("node-202", 2, lease_manager),
        NodeRuntime("node-203", 3, lease_manager),
    ]

    # bootstrap
    nodes[0].state = nodes[0].state.__class__.ACTIVE
    lease_manager.grant("node-200", ttl=2.5)

    hb = HeartbeatWorker(nodes, lease_manager, interval=0.2)
    chaos = ChaosEngine(nodes)

    print("\n🔥 CHAOS TEST START\n")

    for tick in range(500):

        print(f"\n--- TICK {tick} ---")

        # 1. apply chaos BEFORE tick
        chaos.maybe_kill_node(0.1)
        chaos.maybe_partition(0.1)
        chaos.maybe_delay()

        # 2. normal system tick
        hb.tick()

        # 3. invariants check (auto validation loop)
        try:

            Invariants.no_invalid_states(nodes)

            print("✔ invariants OK")

        except AssertionError as e:

            print(f"❌ INVARIANT VIOLATION: {e}")

        time.sleep(0.2)


if __name__ == "__main__":
    main()



===== ./pyproject.toml =====
[build-system]
requires = ["setuptools>=61"]
build-backend = "setuptools.build_meta"

[project]
name = "mayhem-cluster"
version = "0.1.0"
description = "Distributed autonomous failover cluster"
requires-python = ">=3.11"

dependencies = [
    "flask",
    "requests"
]

[tool.setuptools]
packages = ["cluster"]



===== ./mayhem_cluster.egg-info/PKG-INFO =====
Metadata-Version: 2.4
Name: mayhem-cluster
Version: 0.1.0
Summary: Distributed autonomous failover cluster
Requires-Python: >=3.11
Requires-Dist: flask
Requires-Dist: requests



===== ./mayhem_cluster.egg-info/dependency_links.txt =====




===== ./mayhem_cluster.egg-info/requires.txt =====
flask
requests



===== ./mayhem_cluster.egg-info/top_level.txt =====
cluster



===== ./mayhem_cluster.egg-info/SOURCES.txt =====
README.md
pyproject.toml
cluster/__init__.py
mayhem_cluster.egg-info/PKG-INFO
mayhem_cluster.egg-info/SOURCES.txt
mayhem_cluster.egg-info/dependency_links.txt
mayhem_cluster.egg-info/requires.txt
mayhem_cluster.egg-info/top_level.txt
tests/test_election.py
tests/test_failover.py
tests/test_replication.py
tests/test_split_brain.py
tests/test_watchdog.py


===== ./testing/chaos_engine.py =====
import random
import time


class ChaosEngine:

    def __init__(self, nodes):
        self.nodes = nodes

    def maybe_kill_node(self, probability=0.1):

        if random.random() < probability:
            node = random.choice(self.nodes)
            print(f"\n💥 CHAOS: killing {node.node_id}\n")
            node.state = node.state.__class__.DEGRADED

    # ---------------------------------------------

    def maybe_partition(self, probability=0.1):

        if random.random() < probability:
            node = random.choice(self.nodes)
            print(f"\n🌐 CHAOS: partitioning {node.node_id}\n")
            node.isolated = True

    # ---------------------------------------------

    def maybe_delay(self, probability=0.2, max_delay=0.3):

        if random.random() < probability:
            delay = random.uniform(0.05, max_delay)
            print(f"\n⏱ CHAOS: delaying cluster {delay:.2f}s\n")
            time.sleep(delay)


===== ./testing/invariants.py =====
from cluster.runtime.state import NodeState


class Invariants:

    @staticmethod
    def no_invalid_states(nodes):
        """
        Core safety invariant:
        - max 1 ACTIVE
        - no ACTIVE + DEGRADED inconsistency explosion
        """

        active = [n for n in nodes if n.state == NodeState.ACTIVE]

        if len(active) > 1:
            raise AssertionError(
                f"Split brain detected: {[n.node_id for n in active]}"
            )

        return True

    # -------------------------------------------------

    @staticmethod
    def cluster_has_leader(nodes):

        active = [n for n in nodes if n.state == NodeState.ACTIVE]

        return len(active) == 1

    # -------------------------------------------------

    @staticmethod
    def no_orphan_active(nodes):

        """
        ACTIVE nodes must have valid lease (if available in runtime)
        """

        for n in nodes:

            if n.state == NodeState.ACTIVE:

                if hasattr(n, "lease_manager"):

                    if not n.lease_manager.is_valid(n.node_id):
                        raise AssertionError(
                            f"ACTIVE without valid lease: {n.node_id}"
                        )

        return True


===== ./REPL.py =====
import time

from cluster.node.node_runtime import NodeRuntime
from cluster.lease.lease_manager import LeaseManager
from cluster.config.loader import load_peers
from cluster.runtime.state import NodeState

peers = load_peers()

node = NodeRuntime(
    node_id="lnx203hp",
    priority=3,
    lease_manager=LeaseManager(),
)

node.state = NodeState.ACTIVE

while True:
    node.emit_heartbeat(peers)
    print(f"HEARTBEAT from {node.node_id}")
    time.sleep(5)
