


===== ./election/election_engine.py =====
class ElectionEngine:

    @staticmethod
    def can_become_leader(node_id, priority, lease_manager):

        active = lease_manager.active_leader()

        # si ya hay líder válido → no competir
        if active:
            return False

        # no hay líder → cualquier nodo sano puede intentar
        return True


===== ./election/leader.py =====
def choose_leader(candidates):
    # menor priority gana
    return sorted(candidates, key=lambda x: x.priority)[0]


===== ./lease/lease.py =====
from dataclasses import dataclass
import time


@dataclass
class Lease:
    owner_id: str
    ttl_seconds: float
    granted_at: float

    def expires_at(self) -> float:
        return self.granted_at + self.ttl_seconds

    def is_valid(self, now: float | None = None) -> bool:
        now = now or time.time()
        return now < self.expires_at()

    def renew(self):
        self.granted_at = time.time()


===== ./lease/lease_manager.py =====
import time


class Lease:

    def __init__(self, owner, ttl):

        self.owner = owner
        self.ttl = ttl
        self.created = time.time()

    def is_valid(self):

        return time.time() < self.created + self.ttl


class LeaseManager:

    def __init__(self):

        self.leases = {}

    # -----------------------------------------------------

    def grant(self, node_id, ttl):

        self.leases[node_id] = Lease(node_id, ttl)

    # -----------------------------------------------------

    def is_valid(self, node_id):

        lease = self.leases.get(node_id)

        return lease.is_valid() if lease else False

    # -----------------------------------------------------

    def expire(self):

        expired = []

        for node_id, lease in list(self.leases.items()):

            if not lease.is_valid():

                expired.append(node_id)
                del self.leases[node_id]

        return expired

    # -----------------------------------------------------

    def active_leader(self):

        for node_id, lease in self.leases.items():

            if lease.is_valid():

                return node_id

        return None

    # -----------------------------------------------------

    def get_active_nodes(self):

        active = []

        for node_id, lease in self.leases.items():

            if lease.is_valid():

                active.append(node_id)

        return active


===== ./config/nodes.json =====
{
  "cluster_name": "mayhem-cluster",

  "nodes": [
    {
      "node_id": "lnx200nas",
      "host": "100.100.1.200",
      "port": 7000,
      "priority": 1
    },

    {
      "node_id": "lnx202pc",
      "host": "100.100.1.202",
      "port": 7000,
      "priority": 2
    },

    {
      "node_id": "lnx203hp",
      "host": "100.100.1.203",
      "port": 7000,
      "priority": 3
    }
  ]
}



===== ./config/loader.py =====
import json

def load_peers():
    with open("cluster/config/nodes.json") as f:
        data = json.load(f)

    return data["nodes"]



===== ./node/node_runtime.py =====
import time

from cluster.runtime.state import NodeState
from cluster.lease.lease_manager import LeaseManager
from cluster.election.election_engine import ElectionEngine

from cluster.transport.client import broadcast_heartbeat

class NodeRuntime:

    def __init__(self, node_id, priority, lease_manager: LeaseManager):

        self.node_id = node_id
        self.priority = priority

        self.state = NodeState.BOOT

        self.lease_manager = lease_manager
        self.last_heartbeat = time.time()

    # -----------------------------------------------------

    def transition(self, new_state):

        if self.state == new_state:
            return

        print(f"[{self.node_id}] {self.state} -> {new_state}")
        self.state = new_state

    # -----------------------------------------------------

    def is_lease_valid(self):

        return self.lease_manager.is_valid(self.node_id)

    # -----------------------------------------------------

    def tick(self):

        """
        Called by heartbeat loop
        """

        lease_valid = self.is_lease_valid()

        # ACTIVE sin lease = degradación inmediata
        if self.state == NodeState.ACTIVE and not lease_valid:

            self.transition(NodeState.DEGRADED)

        # STANDBY sin líder → posible election trigger
        if self.state == NodeState.STANDBY:

            active_nodes = self.lease_manager.get_active_nodes()

            if not active_nodes:

                self.try_become_leader()

    # -----------------------------------------------------

    def try_become_leader(self):

        print(f"{self.node_id} evaluating leadership...")

        can_lead = ElectionEngine.can_become_leader(
            node_id=self.node_id,
            priority=self.priority,
            lease_manager=self.lease_manager
        )

        if can_lead:

            self.transition(NodeState.ACTIVE)

            self.lease_manager.grant(
                self.node_id,
                ttl=2.5
            )

    def emit_heartbeat(self, peers):

        payload = {
            "node_id": self.node_id,
            "state": self.state.value,
            "leader": self.lease_manager.active_leader(),
            "priority": self.priority,
            "timestamp": time.time(),
        }

        broadcast_heartbeat(peers, payload)





===== ./runtime/state.py =====
from enum import Enum

class NodeState(str, Enum):
    BOOT = "BOOT"
    DISCOVERING = "DISCOVERING"
    STANDBY = "STANDBY"
    ACTIVE = "ACTIVE"
    DEGRADED = "DEGRADED"
    ISOLATED = "ISOLATED"
    OFFLINE = "OFFLINE"


===== ./runtime/cluster_view.py =====
class ClusterView:

    def __init__(self):
        self.peers = {}
        self.active_node = None
        self.leases = {}


===== ./runtime/cluster_store.py =====
import time

cluster_state = {}

NODE_TTL = 5.0  # segundos


def cleanup_cluster():
    now = time.time()

    to_delete = [
        node_id
        for node_id, data in list(cluster_state.items())
        if (now - data.get("last_seen", 0)) > NODE_TTL
    ]

    for node_id in to_delete:
        print(f"[GC] removing {node_id}")
        del cluster_state[node_id]


def get_active_cluster():
    cleanup_cluster()
    return cluster_state



===== ./runtime/node_boot.py =====
import threading
import time
import uvicorn
from fastapi import FastAPI
from pydantic import BaseModel

from cluster.runtime.cluster_store import cluster_state
from cluster.node.node_runtime import NodeRuntime
from cluster.workers.cluster_worker import ClusterWorker
from cluster.lease.lease_manager import LeaseManager


# -----------------------------
# API
# -----------------------------
app = FastAPI()


class Heartbeat(BaseModel):
    node_id: str
    state: str
    priority: int


@app.get("/cluster")
def get_cluster():
    return cluster_state


@app.get("/leader")
def get_leader():
    return {"leader": compute_leader()}


@app.post("/heartbeat")
def heartbeat(hb: Heartbeat):

    cluster_state[hb.node_id] = {
        "state": hb.state,
        "priority": hb.priority,
        "last_seen": time.time(),
    }

    return {"ok": True}

def is_alive(data, timeout=3.0):
    return (time.time() - data["last_seen"]) < timeout

def compute_leader():

    active = {
        n: data["priority"]
        for n, data in cluster_state.items()

        if is_alive(data) and data["state"] in ("BOOT", "ACTIVE") # SOLO PARA PRUEBAS!!!

        # if node.seen_self_and_peers


    }

    if not active:
        return None

    return min(active, key=active.get)


# -----------------------------
# BOOTSTRAP NODE
# -----------------------------
def run_node(node_id: str, priority: int, peers: list[str]):

    lease_manager = LeaseManager()

    node = NodeRuntime(
        node_id=node_id,
        priority=priority,
        lease_manager=lease_manager
    )

    worker = ClusterWorker(node=node, peers=peers, interval=1.0)

    # registrar self inicial
    cluster_state[node_id] = {
        "state": node.state.value,
        "priority": priority,
        "last_seen": time.time(),
    }

    # -------------------------
    # worker thread
    # -------------------------
    t = threading.Thread(target=worker.start, daemon=True)
    t.start()

    # -------------------------
    # API thread
    # -------------------------
    uvicorn.run(app, host="0.0.0.0", port=7000)


# -----------------------------
# ENTRYPOINT
# -----------------------------
if __name__ == "__main__":

    import sys

    node_id = sys.argv[1]
    priority = int(sys.argv[2])

    peers = [
        {"host": "100.100.1.200", "port": 7000},
        {"host": "100.100.1.202", "port": 7000},
        {"host": "100.100.1.203", "port": 7000},
    ]

    run_node(node_id, priority, peers)



===== ./workers/heartbeat_worker.py =====
import time
from cluster.runtime.state import NodeState


class HeartbeatWorker:

    def __init__(self, nodes, lease_manager, interval=1.0):

        self.nodes = nodes
        self.lease_manager = lease_manager
        self.interval = interval

    # -----------------------------------------------------

    def start(self, ticks=5):

        print("\n=== HEARTBEAT START ===\n")

        for i in range(ticks):

            print(f"\n--- tick {i} ---\n")

            self.tick()

            time.sleep(self.interval)

    # -----------------------------------------------------

    def tick(self):

        self.send_heartbeats()
        self.expire_leases()
        self.update_nodes()

    # -----------------------------------------------------

    def send_heartbeats(self):

        for node in self.nodes:

            if node.state == NodeState.ACTIVE:

                self.lease_manager.grant(
                    node.node_id,
                    ttl=2.5
                )

                print(f"HEARTBEAT from {node.node_id}")

    # -----------------------------------------------------

    def expire_leases(self):

        expired = self.lease_manager.expire()

        for node_id in expired:

            print(f"LEASE EXPIRED: {node_id}")

    # -----------------------------------------------------

    def update_nodes(self):

        for node in self.nodes:

            node.tick()

            lease_valid = self.lease_manager.is_valid(
                node.node_id
            )

            # ACTIVE sin lease → degradación lógica
            if node.state == NodeState.ACTIVE and not lease_valid:

                print(
                    f"ACTIVE LOST LEASE: {node.node_id}"
                )

                node.transition(NodeState.DEGRADED)


===== ./workers/cluster_worker.py =====
import time

from cluster.transport.server import register_local_node

class ClusterWorker:

    def __init__(self, node, peers, interval=1.0):

        self.node = node
        self.peers = peers
        self.interval = interval
        self.running = False

    # -----------------------------------------

    def start(self):

        self.running = True

        print(f"[{self.node.node_id}] CLUSTER WORKER STARTED")

        while self.running:

            self.tick()

            time.sleep(self.interval)

    # -----------------------------------------

    def stop(self):

        self.running = False

    # -----------------------------------------

    def tick(self):

        print(f"[{self.node.node_id}] REGISTERING SELF")

        # 👇 registrar self localmente
        register_local_node(
            node_id=self.node.node_id,
            state=self.node.state.value,
            priority=self.node.priority,
        )

        # 👇 enviar a peers
        self.node.emit_heartbeat(self.peers)



===== ./core/transitions.py =====
from cluster.core.state import NodeState

ALLOWED_TRANSITIONS = {
    NodeState.BOOT: {
        NodeState.DISCOVERING,
    },
    NodeState.DISCOVERING: {
        NodeState.STANDBY,
        NodeState.ACTIVE,
        NodeState.ISOLATED,
    },
    NodeState.STANDBY: {
        NodeState.ACTIVE,
        NodeState.DEGRADED,
        NodeState.OFFLINE,
        NodeState.ISOLATED,
    },
    NodeState.ACTIVE: {
        NodeState.STANDBY,
        NodeState.DEGRADED,
        NodeState.OFFLINE,
    },
    NodeState.DEGRADED: {
        NodeState.STANDBY,
        NodeState.OFFLINE,
    },
    NodeState.ISOLATED: {
        NodeState.DISCOVERING,
        NodeState.OFFLINE,
    },
}

def can_transition(from_state: NodeState, to_state: NodeState) -> bool:
    return to_state in ALLOWED_TRANSITIONS.get(from_state, set())


===== ./core/node.py =====
from cluster.core.state import NodeState
from cluster.core.transitions import can_transition

class ClusterNode:

    def __init__(self, node_id: str):
        self.node_id = node_id
        self.state = NodeState.BOOT

    def set_state(self, new_state: NodeState):
        if not can_transition(self.state, new_state):
            raise Exception(f"Invalid transition {self.state} -> {new_state}")

        self.state = new_state


===== ./extraer-codigo.sh =====
OUT="$(basename "$PWD")_codigo_$(date +%Y%m%d_%H%M%S).log"
find . \
  -path '*/.*' -prune -o \
  -path '*/__pycache__' -prune -o \
  -type f ! -name '*.pyc' ! -name '*.log' ! -name '*.md' -size +0c \
  -exec sh -c '
    for f do
      printf "\n\n\n===== %s =====\n" "$f"
      cat "$f"
    done
  ' sh {} + > "$OUT"
echo "$OUT"



===== ./transport/server.py =====
from fastapi import FastAPI
from pydantic import BaseModel
import uvicorn
import time


from cluster.runtime.cluster_store import cluster_state
from cluster.runtime.cluster_store import NODE_TTL

from cluster.runtime.cluster_store import get_active_cluster

app = FastAPI()

def compute_leader():
    active = {
        n: data["priority"]
        for n, data in get_active_cluster().items()
        if data["state"] in ("BOOT", "ACTIVE")
    }

    if not active:
        return None

    return min(active, key=active.get)

print("SERVER PROCESS STARTED")

print("SERVER cluster_state id", id(cluster_state))

class Heartbeat(BaseModel):
    node_id: str
    state: str
    leader: str | None = None
    priority: int | None = None
    timestamp: float | None = None


@app.get("/health")
async def health():

    return {
        "status": "ok"
    }


@app.get("/cluster")
def get_cluster():
    cleanup_cluster()   # 👈 SIEMPRE LIMPIA ANTES DE LEER
    return cluster_state


@app.get("/leader")
def leader():
    return {"leader": compute_leader()}

@app.post("/heartbeat")
def heartbeat(hb: Heartbeat):

    cluster_state[hb.node_id] = {
        "state": hb.state,

        "priority": hb.priority,
        "last_seen": time.time(),
    }



    return {"ok": True}



def start_server(host="0.0.0.0", port=7000):

    uvicorn.run(
        app,
        host=host,
        port=port,
    )

def get_leader(cluster_state):

    leaders = {}

    for node_id, data in cluster_state.items():

        if data["state"] == "ACTIVE":
            leaders[node_id] = data["priority"]

    if not leaders:
        return None

    return min(leaders, key=leaders.get)

def register_local_node(
    node_id,
    state,
    priority,
    ):

    print("REGISTER cluster_state id", id(cluster_state))

    cluster_state[node_id] = {
        "state": state,
        "leader": None,
        "priority": priority,
        "last_seen": time.time(),
    }




if __name__ == "__main__":

    start_server()



===== ./transport/client.py =====
import requests


def send_heartbeat(peer_host, peer_port, payload, timeout=1.0):

    url = f"http://{peer_host}:{peer_port}/heartbeat"

    try:
        r = requests.post(
            url,
            json=payload,
            timeout=timeout,
        )

        return r.json()

    except Exception as e:

        print(f"[CLIENT ERROR] {url} -> {e}")

        return None

def broadcast_heartbeat(peers, payload):

    for peer in peers:

        send_heartbeat(
            peer["host"],
            peer["port"],
            payload,
        )



===== ./run_node.py =====
import json

from cluster.node.node_runtime import NodeRuntime
from cluster.lease.lease_manager import LeaseManager
from cluster.runtime.state import NodeState
from cluster.workers.cluster_worker import ClusterWorker
from cluster.transport.server import register_local_node




def load_config():

    with open("cluster/config/nodes.json") as f:
        return json.load(f)


def build_peers(config, self_id):

    return [
        n for n in config["nodes"]
        if n["node_id"] != self_id
    ]


def main(node_id, priority):

    config = load_config()
    peers = build_peers(config, node_id)

    node = NodeRuntime(
        node_id=node_id,
        priority=priority,
        lease_manager=LeaseManager(),
    )

    node.state = NodeState.ACTIVE

    worker = ClusterWorker(node, peers)

    worker.start()


if __name__ == "__main__":

    import sys

    main(
        node_id=sys.argv[1],
        priority=int(sys.argv[2]),
    )
