


===== ./election/election_engine.py =====
from cluster.runtime.cluster_store import get_active_cluster

class ElectionEngine:

    @staticmethod
    def can_become_leader(node_id, priority):

        active_nodes = get_active_cluster()

        # si hay líder activo estable, no competir
        if any(n["state"] == "ACTIVE" for n in active_nodes.values()):
            return False

        return True



===== ./election/leader.py =====
def choose_leader(candidates):
    # menor priority gana
    return sorted(candidates, key=lambda x: x.priority)[0]


===== ./utils/chaos_v2.py =====
import time
import json
import random
import requests
import threading
import uuid
import argparse
from datetime import datetime
from collections import defaultdict


# =====================================================
# DEFAULT CONFIG
# =====================================================

DEFAULT_NODES = [
    "http://100.100.1.200:7000",
    "http://100.100.1.202:7000",
    "http://100.100.1.203:7000",
]

DEFAULT_EVENTS = 15
DEFAULT_EVENT_DELAY_MIN = 1
DEFAULT_EVENT_DELAY_MAX = 2.0
DEFAULT_KILL_PROBABILITY = 0.10
DEFAULT_DEATH_TIME_MIN = 5.0
DEFAULT_DEATH_TIME_MAX = 10.0
DEFAULT_REQUEST_TIMEOUT = 5.0
DEFAULT_MAX_RETRIES = 10
DEFAULT_SLOW_EVENT_THRESHOLD_MS = 500.0
DEFAULT_SLEEP_ONLY_NODE = None


# =====================================================
# CLI
# =====================================================

def parse_args():
    parser = argparse.ArgumentParser(description="Universal chaos torture runner (Termux/server)")
    parser.add_argument("--nodes", nargs="+", default=DEFAULT_NODES, help="Node base URLs")
    parser.add_argument("--events", type=int, default=DEFAULT_EVENTS, help="Number of events")
    parser.add_argument("--delay-min", type=float, default=DEFAULT_EVENT_DELAY_MIN, help="Min delay between events")
    parser.add_argument("--delay-max", type=float, default=DEFAULT_EVENT_DELAY_MAX, help="Max delay between events")
    parser.add_argument("--kill-prob", type=float, default=DEFAULT_KILL_PROBABILITY, help="Probability of kill per event")
    parser.add_argument("--death-min", type=float, default=DEFAULT_DEATH_TIME_MIN, help="Min isolation time")
    parser.add_argument("--death-max", type=float, default=DEFAULT_DEATH_TIME_MAX, help="Max isolation time")
    parser.add_argument("--timeout", type=float, default=DEFAULT_REQUEST_TIMEOUT, help="HTTP request timeout")
    parser.add_argument("--retries", type=int, default=DEFAULT_MAX_RETRIES, help="Max retries per event")
    parser.add_argument("--sleep-only-node", default=DEFAULT_SLEEP_ONLY_NODE, help="Always kill the same node")
    parser.add_argument("--slow-ms", type=float, default=DEFAULT_SLOW_EVENT_THRESHOLD_MS, help="Slow event threshold in ms")
    parser.add_argument("--seed", type=int, default=None, help="Random seed for reproducibility")
    parser.add_argument("--output", default=None, help="Optional explicit output JSON filename")
    return parser.parse_args()


ARGS = parse_args()

if ARGS.seed is not None:
    random.seed(ARGS.seed)

NODES = ARGS.nodes
EVENTS = ARGS.events
EVENT_DELAY_RANGE = (ARGS.delay_min, ARGS.delay_max)
KILL_PROBABILITY = ARGS.kill_prob
DEATH_TIME_RANGE = (ARGS.death_min, ARGS.death_max)
REQUEST_TIMEOUT = ARGS.timeout
MAX_RETRIES = ARGS.retries
SLEEP_ONLY_NODE = ARGS.sleep_only_node
SLOW_EVENT_THRESHOLD_MS = ARGS.slow_ms


# =====================================================
# RUN META
# =====================================================

TEST_STARTED_AT = time.time()
RUN_ID = datetime.now().strftime("%Y%m%d_%H%M%S")
STATS_FILE = ARGS.output or f"chaos_stats_{RUN_ID}.json"

TEST_CONFIG = {
    "nodes": NODES,
    "events": EVENTS,
    "event_delay_range": EVENT_DELAY_RANGE,
    "kill_probability": KILL_PROBABILITY,
    "death_time_range": DEATH_TIME_RANGE,
    "request_timeout": REQUEST_TIMEOUT,
    "max_retries": MAX_RETRIES,
    "sleep_only_node": SLEEP_ONLY_NODE,
    "slow_event_threshold_ms": SLOW_EVENT_THRESHOLD_MS,
    "seed": ARGS.seed,
    "run_id": RUN_ID,
    "stats_file": STATS_FILE,
}


# =====================================================
# GLOBALS
# =====================================================

kill_threads = []
dead_nodes = set()

dead_lock = threading.Lock()
stats_lock = threading.Lock()

stats = {
    "events_total": 0,
    "events_ok": 0,
    "events_failed": 0,
    "events_retried": 0,
    "events_no_leader": 0,
    "events_timeout": 0,
    "events_connection_error": 0,
    "events_forward_error": 0,
    "events_unexpected_fail": 0,
    "events_slow": 0,
    "kills": 0,
    "revives": 0,
    "kill_attempts": 0,
    "kill_failures": 0,
    "revive_failures": 0,
    "per_node_ok": defaultdict(int),
    "per_node_fail": defaultdict(int),
    "leaders_seen": defaultdict(int),
    "latency": [],
    "unexpected_failures": [],
    "slow_events": [],
    "kill_events": [],
}


# =====================================================
# HELPERS
# =====================================================

def build_event(i):
    return {
        "event_id": str(uuid.uuid4()),
        "event_type": "chaos.test",
        "schema_version": "1",
        "created_at": time.time(),
        "received_at": None,
        "trace_id": str(uuid.uuid4()),
        "parent_event_id": None,
        "source_node": None,
        "target_node": None,
        "route_hops": [],
        "status": "created",
        "attempt": 0,
        "payload": {
            "msg": f"msg: {i}",
            "seq": i,
            "source": "chaos_203"
        }
    }


def stat_inc(key, amount=1):
    with stats_lock:
        stats[key] += amount


def stat_node_ok(node):
    with stats_lock:
        stats["per_node_ok"][node] += 1


def stat_node_fail(node):
    with stats_lock:
        stats["per_node_fail"][node] += 1


def stat_leader(name):
    with stats_lock:
        stats["leaders_seen"][name] += 1


def stat_latency(ms):
    with stats_lock:
        stats["latency"].append(ms)


def stat_unexpected_failure(event_index, attempt, node, status_code=None, payload=None, reason=None):
    with stats_lock:
        stats["events_unexpected_fail"] += 1
        stats["unexpected_failures"].append({
            "event_index": event_index,
            "attempt": attempt,
            "node": node,
            "status_code": status_code,
            "payload": payload,
            "reason": reason,
            "timestamp": datetime.now().isoformat(),
        })


def stat_slow_event(event_index, attempt, node, latency_ms, leader=None, payload=None):
    with stats_lock:
        stats["events_slow"] += 1
        stats["slow_events"].append({
            "event_index": event_index,
            "attempt": attempt,
            "node": node,
            "latency_ms": round(latency_ms, 3),
            "leader": leader,
            "payload": payload,
            "timestamp": datetime.now().isoformat(),
        })


def stat_kill_event(node, action, ok, payload=None, error=None, seconds=None):
    with stats_lock:
        stats["kill_events"].append({
            "action": action,
            "node": node,
            "ok": ok,
            "seconds": seconds,
            "payload": payload,
            "error": error,
            "timestamp": datetime.now().isoformat(),
        })


def percentile(data, p):
    if not data:
        return 0.0
    values = sorted(data)
    if len(values) == 1:
        return float(values[0])
    rank = (len(values) - 1) * (p / 100.0)
    low = int(rank)
    high = min(low + 1, len(values) - 1)
    fraction = rank - low
    return float(values[low] + (values[high] - values[low]) * fraction)


def is_retryable_response(payload):
    if not isinstance(payload, dict):
        return False

    if payload.get("error") in {"no leader", "node isolated"}:
        return True

    error = str(payload.get("error", "")).lower()

    retry_patterns = [
        "timeout",
        "connection",
        "refused",
        "temporarily unavailable",
        "isolated",
    ]

    return any(p in error for p in retry_patterns)


def print_test_config():
    print("\n" + "=" * 60)
    print("CHAOS TEST CONFIG")
    print("=" * 60)
    print(f"run_id..............: {RUN_ID}")
    print(f"stats_file..........: {STATS_FILE}")
    print(f"started_at..........: {datetime.fromtimestamp(TEST_STARTED_AT).isoformat()}")
    print(f"nodes...............: {NODES}")
    print(f"events..............: {EVENTS}")
    print(f"event_delay_range...: {EVENT_DELAY_RANGE}")
    print(f"kill_probability....: {KILL_PROBABILITY}")
    print(f"death_time_range....: {DEATH_TIME_RANGE}")
    print(f"request_timeout.....: {REQUEST_TIMEOUT}")
    print(f"max_retries.........: {MAX_RETRIES}")
    print(f"sleep_only_node.....: {SLEEP_ONLY_NODE}")
    print(f"slow_threshold_ms...: {SLOW_EVENT_THRESHOLD_MS}")
    print(f"seed................: {ARGS.seed}")
    print("=" * 60 + "\n")


# =====================================================
# KILL / REVIVE
# =====================================================

def kill_node(node, seconds=None):
    stat_inc("kill_attempts")

    try:
        resp = requests.post(f"{node}/sleep", timeout=2)
        payload = {}

        try:
            payload = resp.json()
        except Exception:
            payload = {"raw_text": resp.text}

        if resp.status_code == 200 and payload.get("ok") is True:
            with dead_lock:
                dead_nodes.add(node)

            stat_inc("kills")
            stat_kill_event(node=node, action="sleep", ok=True, payload=payload, seconds=seconds)
            print(f"[CHAOS] SLEEP {node}")
            return True

        stat_inc("kill_failures")
        stat_kill_event(node=node, action="sleep", ok=False, payload=payload, seconds=seconds)
        print(f"[CHAOS FAIL SLEEP] {node} -> status={resp.status_code} payload={payload}")
        return False

    except Exception as e:
        stat_inc("kill_failures")
        stat_kill_event(node=node, action="sleep", ok=False, error=str(e), seconds=seconds)
        print(f"[CHAOS FAIL SLEEP] {node} -> {e}")
        return False


def revive_node(node):
    try:
        resp = requests.post(f"{node}/revive", timeout=2)
        payload = {}

        try:
            payload = resp.json()
        except Exception:
            payload = {"raw_text": resp.text}

        if resp.status_code == 200 and payload.get("ok") is True:
            with dead_lock:
                dead_nodes.discard(node)

            stat_inc("revives")
            stat_kill_event(node=node, action="revive", ok=True, payload=payload)
            print(f"[CHAOS] REVIVE {node}")
            return True

        stat_inc("revive_failures")
        stat_kill_event(node=node, action="revive", ok=False, payload=payload)
        print(f"[CHAOS FAIL REVIVE] {node} -> status={resp.status_code} payload={payload}")
        return False

    except Exception as e:
        stat_inc("revive_failures")
        stat_kill_event(node=node, action="revive", ok=False, error=str(e))
        print(f"[CHAOS FAIL REVIVE] {node} -> {e}")
        return False


def kill_cycle(node, seconds):
    try:
        ok = kill_node(node, seconds=seconds)
        if ok:
            print(f"[CHAOS] DEAD {node} for {seconds:.2f}s")
            time.sleep(seconds)
    finally:
        revive_node(node)


# =====================================================
# EVENT SENDING
# =====================================================

def send_event(i):
    stat_inc("events_total")
    tried = set()

    event = build_event(i)

    for attempt in range(MAX_RETRIES):
        available = [n for n in NODES if n not in tried]

        if not available:
            break

        node = random.choice(available)
        tried.add(node)
        start = time.time()

        try:
            r = requests.post(
                f"{node}/event",
                json=event,
                timeout=REQUEST_TIMEOUT
            )

            elapsed_ms = (time.time() - start) * 1000
            stat_latency(elapsed_ms)

            payload = {}
            try:
                payload = r.json()
            except Exception:
                payload = {"raw_text": r.text}

            leader = None
            if isinstance(payload, dict):
                if "result" in payload and isinstance(payload["result"], dict):
                    leader = payload["result"].get("leader")
                else:
                    leader = payload.get("leader")

            if leader:
                stat_leader(leader)

            if elapsed_ms >= SLOW_EVENT_THRESHOLD_MS:
                stat_slow_event(
                    event_index=i,
                    attempt=attempt + 1,
                    node=node,
                    latency_ms=elapsed_ms,
                    leader=leader,
                    payload=payload,
                )

            if r.status_code == 200:
                stat_inc("events_ok")
                stat_node_ok(node)

                print(
                    f"[TORTURE] "
                    f"{i:03} "
                    f"OK "
                    f"attempt={attempt + 1} "
                    f"node={node} "
                    f"leader={leader} "
                    f"latency={elapsed_ms:.1f}ms"
                )

                return True

            if is_retryable_response(payload) or r.status_code >= 500:
                stat_inc("events_retried")

                if isinstance(payload, dict) and payload.get("error") == "no leader":
                    stat_inc("events_no_leader")

                print(
                    f"[RETRY] "
                    f"{i:03} "
                    f"attempt={attempt + 1} "
                    f"node={node} "
                    f"status={r.status_code} "
                    f"payload={payload}"
                )

                time.sleep(0.5)
                continue

            stat_inc("events_failed")
            stat_node_fail(node)
            stat_unexpected_failure(
                event_index=i,
                attempt=attempt + 1,
                node=node,
                status_code=r.status_code,
                payload=payload,
                reason="hard_fail_non_retryable_response",
            )

            print(
                f"[FAIL] "
                f"{i:03} "
                f"node={node} "
                f"status={r.status_code} "
                f"payload={payload}"
            )

            return False

        except requests.Timeout as e:
            stat_inc("events_timeout")
            stat_inc("events_retried")

            print(
                f"[TIMEOUT] "
                f"{i:03} "
                f"attempt={attempt + 1} "
                f"{node} -> {e}"
            )

        except requests.ConnectionError as e:
            stat_inc("events_connection_error")
            stat_inc("events_retried")

            print(
                f"[CONNECTION] "
                f"{i:03} "
                f"attempt={attempt + 1} "
                f"{node} -> {e}"
            )

        except Exception as e:
            stat_inc("events_forward_error")
            stat_inc("events_retried")
            stat_unexpected_failure(
                event_index=i,
                attempt=attempt + 1,
                node=node,
                reason=f"exception:{type(e).__name__}",
                payload={"exception": str(e)},
            )

            print(
                f"[ERROR] "
                f"{i:03} "
                f"attempt={attempt + 1} "
                f"{node} -> {e}"
            )

        time.sleep(0.5)

    stat_inc("events_failed")
    stat_unexpected_failure(
        event_index=i,
        attempt=MAX_RETRIES,
        node=None,
        reason="dropped_after_retries",
        payload={"tried_nodes": list(tried)},
    )

    print(f"[DROP] {i:03} event dropped after retries")
    return False


# =====================================================
# MAIN LOOP
# =====================================================

def chaos_loop():
    for i in range(EVENTS):
        if random.random() < KILL_PROBABILITY:
            if SLEEP_ONLY_NODE:
                node = SLEEP_ONLY_NODE
            else:
                node = random.choice(NODES)

            seconds = random.uniform(*DEATH_TIME_RANGE)

            t = threading.Thread(
                target=kill_cycle,
                args=(node, seconds),
                daemon=True
            )

            t.start()
            kill_threads.append(t)

        send_event(i)
        time.sleep(random.uniform(*EVENT_DELAY_RANGE))


# =====================================================
# FORCE REVIVE ALL
# =====================================================

def revive_everything():
    print("\n[MAIN] REVIVING ALL NODES\n")

    unique_nodes = sorted(set(NODES))

    for node in unique_nodes:
        try:
            requests.post(f"{node}/revive", timeout=2)
            print(f"[FORCE REVIVE] {node}")
        except Exception as e:
            print(f"[FORCE REVIVE FAIL] {node} -> {e}")


# =====================================================
# WAIT ALL KILL THREADS
# =====================================================

def wait_kills():
    print("\n[MAIN] waiting active kill cycles...\n")

    for t in kill_threads:
        t.join(timeout=30)


# =====================================================
# STATS REPORT
# =====================================================

def print_stats():
    ended_at = time.time()

    print("\n")
    print("=" * 60)
    print("FINAL CHAOS STATS")
    print("=" * 60)

    with stats_lock:
        total = stats["events_total"]
        ok = stats["events_ok"]
        failed = stats["events_failed"]

        success_rate = ((ok / total) * 100) if total else 0

        avg_latency = (sum(stats["latency"]) / len(stats["latency"])) if stats["latency"] else 0
        max_latency = max(stats["latency"]) if stats["latency"] else 0
        min_latency = min(stats["latency"]) if stats["latency"] else 0
        p50_latency = percentile(stats["latency"], 50)
        p95_latency = percentile(stats["latency"], 95)
        p99_latency = percentile(stats["latency"], 99)

        print(f"events_total........: {total}")
        print(f"events_ok...........: {ok}")
        print(f"events_failed.......: {failed}")
        print(f"success_rate........: {success_rate:.2f}%")

        print()

        print(f"events_retried......: {stats['events_retried']}")
        print(f"events_no_leader....: {stats['events_no_leader']}")
        print(f"timeouts............: {stats['events_timeout']}")
        print(f"connection_errors...: {stats['events_connection_error']}")
        print(f"forward_errors......: {stats['events_forward_error']}")
        print(f"unexpected_fail.....: {stats['events_unexpected_fail']}")
        print(f"slow_events.........: {stats['events_slow']}")

        print()

        print(f"kill_attempts.......: {stats['kill_attempts']}")
        print(f"kills...............: {stats['kills']}")
        print(f"kill_failures.......: {stats['kill_failures']}")
        print(f"revives.............: {stats['revives']}")
        print(f"revive_failures.....: {stats['revive_failures']}")

        print()

        print(f"latency_avg.........: {avg_latency:.1f} ms")
        print(f"latency_min.........: {min_latency:.1f} ms")
        print(f"latency_p50.........: {p50_latency:.1f} ms")
        print(f"latency_p95.........: {p95_latency:.1f} ms")
        print(f"latency_p99.........: {p99_latency:.1f} ms")
        print(f"latency_max.........: {max_latency:.1f} ms")

        print()
        print("LEADERS SEEN")
        for leader, count in sorted(stats["leaders_seen"].items()):
            print(f"  {leader:15} -> {count}")

        print()
        print("NODE SUCCESS")
        for node, count in sorted(stats["per_node_ok"].items()):
            print(f"  {node:30} -> {count}")

        print()
        print("NODE FAIL")
        for node, count in sorted(stats["per_node_fail"].items()):
            print(f"  {node:30} -> {count}")

        print()
        print("SLOW EVENTS")
        if stats["slow_events"]:
            for idx, item in enumerate(stats["slow_events"][:20], start=1):
                print(
                    f"  #{idx:02} "
                    f"event={item.get('event_index')} "
                    f"attempt={item.get('attempt')} "
                    f"node={item.get('node')} "
                    f"leader={item.get('leader')} "
                    f"latency_ms={item.get('latency_ms')}"
                )
            if len(stats["slow_events"]) > 20:
                print(f"  ... and {len(stats['slow_events']) - 20} more")
        else:
            print("  none")

        print()
        print("UNEXPECTED FAILURES")
        if stats["unexpected_failures"]:
            for idx, item in enumerate(stats["unexpected_failures"][:20], start=1):
                print(
                    f"  #{idx:02} "
                    f"event={item.get('event_index')} "
                    f"attempt={item.get('attempt')} "
                    f"node={item.get('node')} "
                    f"status={item.get('status_code')} "
                    f"reason={item.get('reason')}"
                )
            if len(stats["unexpected_failures"]) > 20:
                print(f"  ... and {len(stats['unexpected_failures']) - 20} more")
        else:
            print("  none")

        print("=" * 60)

        report = {
            "test_config": TEST_CONFIG,
            "run_meta": {
                "started_at_epoch": TEST_STARTED_AT,
                "ended_at_epoch": ended_at,
                "started_at_iso": datetime.fromtimestamp(TEST_STARTED_AT).isoformat(),
                "ended_at_iso": datetime.fromtimestamp(ended_at).isoformat(),
                "duration_seconds": round(ended_at - TEST_STARTED_AT, 3),
            },
            "stats": {
                **stats,
                "success_rate": round(success_rate, 2),
                "latency_avg": round(avg_latency, 3),
                "latency_min": round(min_latency, 3),
                "latency_p50": round(p50_latency, 3),
                "latency_p95": round(p95_latency, 3),
                "latency_p99": round(p99_latency, 3),
                "latency_max": round(max_latency, 3),
                "per_node_ok": dict(stats["per_node_ok"]),
                "per_node_fail": dict(stats["per_node_fail"]),
                "leaders_seen": dict(stats["leaders_seen"]),
            }
        }

        with open(STATS_FILE, "w") as f:
            json.dump(report, f, indent=2)

        print(f"\n[MAIN] stats saved to {STATS_FILE}\n")


# =====================================================
# MAIN
# =====================================================

def main():
    print("[MAIN] starting UNIVERSAL chaos torture")
    print_test_config()

    try:
        chaos_loop()
    finally:
        wait_kills()
        revive_everything()
        print_stats()
        print("\n[MAIN] cluster restored\n")


# =====================================================
# ENTRYPOINT
# =====================================================

if __name__ == "__main__":
    main()



===== ./config/nodes.json =====
{
  "cluster_name": "mayhem-cluster",

  "nodes": [
    {
      "node_id": "lnx200nas",
      "host": "100.100.1.200",
      "port": 7000,
      "priority": 1
    },

    {
      "node_id": "lnx202pc",
      "host": "100.100.1.202",
      "port": 7000,
      "priority": 2
    },

    {
      "node_id": "lnx203hp",
      "host": "100.100.1.203",
      "port": 7000,
      "priority": 3
    }
  ]
}



===== ./config/loader.py =====
import json

def load_peers():
    with open("cluster/config/nodes.json") as f:
        data = json.load(f)

    return data["nodes"]



===== ./config/node.example.json =====

{
  "node_id": "lnx200nas", "lnx202pc", "lnx203hp"
  "priority": 1, 2, 3

  "bind_host": "0.0.0.0",
  "bind_port": 7000,

  "peers": [
    {
      "host": "100.100.1.200",
      "port": 7000
    },
    {
      "host": "100.100.1.202",
      "port": 7000
    },
    {
      "host": "100.100.1.203",
      "port": 7000
    }
  ]
}



===== ./node/node_runtime.py =====
import time

from cluster.runtime.state import NodeState
from cluster.runtime.leader import compute_leader
from cluster.runtime.cluster_store import cluster_state

import requests

from cluster.utils.log_print import log_state


class NodeRuntime:

    def __init__(self, node_id, priority):
        self.node_id = node_id
        self.priority = priority

        self.state = NodeState.BOOT
        self.last_heartbeat = time.time()

    # -----------------------------------------------------
    # STATE TRANSITION
    # -----------------------------------------------------

    def transition(self, new_state):

        if self.state == new_state:
            return

        print(f"[{self.node_id}] {self.state} -> {new_state}")
        self.state = new_state

    # -----------------------------------------------------
    # MAIN TICK LOOP
    # -----------------------------------------------------

    def tick(self):

#        print(f"[TICK] {self.node_id} state={self.state.value}")
#        print(f"[STATE] {self.state.value}")
#        log_state("yellow", "CLUSTER", f"State: {self.state.value}")

        # BOOT -> STANDBY (una sola vez)
        if self.state == NodeState.BOOT:
            self.transition(NodeState.STANDBY)
            return

#        if self.state == NodeState.ISOLATED:
#           print(f"[{self.node_id}] becoming ACTIVE")
#            log_state("yellow", "    [CLUSTER]", f"[{self.node_id}] becoming ISOLATED")
#            self.transition(NodeState.ISOLATED)

        # -------------------------------------------------
        # GLOBAL LEADER DECISION (external authority)
        # -------------------------------------------------

        leader = compute_leader()


# oculto de momento        log_state("yellow", "    (CLUSTER)", f"State: {self.state.value} - Leader: {leader}")

        # -------------------------------------------------
        # APPLY RESULT (no decision, only reflection)
        # -------------------------------------------------

        if leader == self.node_id:
            if self.state == NodeState.STANDBY:
#                print(f"[{self.node_id}] becoming ACTIVE")
                log_state("yellow", "    [CLUSTER]", f"[{self.node_id}] becoming ACTIVE")
                self.transition(NodeState.ACTIVE)
        else:
            if self.state == NodeState.ACTIVE:
#                print(f"[{self.node_id}] becoming STANDBY")
                log_state("yellow", "    [CLUSTER]", f"[{self.node_id}] becoming STANDBY")
                self.transition(NodeState.STANDBY)

    # -----------------------------------------------------
    # HEARTBEAT (ONLY TELEMETRY)
    # -----------------------------------------------------


    def emit_heartbeat(self, peers):

        hb = {
            "node_id": self.node_id,
            "state": self.state.value,
            "priority": self.priority,
        }

        for peer in peers:
            url = f"http://{peer['host']}:{peer['port']}/heartbeat"

            try:
                requests.post(url, json=hb, timeout=2)

            except requests.exceptions.RequestException:
                pass  # nodo offline = estado normal del cluster



===== ./runtime/state.py =====
from enum import Enum

class NodeState(str, Enum):
    BOOT = "BOOT"
    DISCOVERING = "DISCOVERING"
    STANDBY = "STAND-BY"
    ACTIVE = "ACTIVE"
    DEGRADED = "DEGRADED"
    ISOLATED = "ISOLATED"
    OFFLINE = "OFFLINE"



===== ./runtime/cluster_view.py =====
class ClusterView:

    def __init__(self):
        self.peers = {}
        self.active_node = None
        self.leases = {}


===== ./runtime/cluster_store.py =====
import time

cluster_state = {}

NODE_TTL = 5.0  # segundos


def cleanup_cluster():
    now = time.time()

    for node_id, data in list(cluster_state.items()):

        age = now - data.get("last_seen", 0)
        alive = age <= NODE_TTL

        # 🔥 NUEVO: reconciliación de estado
        if not alive and data.get("state") == "ACTIVE":
            data["state"] = "STAND-BY"

    # eliminación real
    to_delete = [
        node_id
        for node_id, data in list(cluster_state.items())
        if (now - data.get("last_seen", 0)) > NODE_TTL
    ]

    for node_id in to_delete:
        print(f"[GC] removing {node_id}")
        del cluster_state[node_id]


def get_active_cluster():
    cleanup_cluster()
    return cluster_state



===== ./runtime/leader.py =====
from cluster.utils.log_print import log_state
from cluster.runtime.cluster_store import cluster_state
import time


def is_alive(data, timeout=1.5):
    return (time.time() - data["last_seen"]) < timeout


def compute_leader(debug_node_id=None):

    now = time.time()


    active_nodes = {}

    for node_id, data in cluster_state.items():

        age = now - data.get("last_seen", 0)
        alive = is_alive(data)


#        log_state("blue", "[NODE]", f"| {node_id:10} | {data.get('state'):8} | " \
#            f"{data.get('priority'):1} | {age:6.3f}s | {alive}", 3)

        # if data.get('state') == '  GONE  ':
        #   time.sleep(30)




        if alive:
            active_nodes[node_id] = data

        else:
            data['state'] = '  GONE  '   # 👈 aquí lo marcas aunque esté muerto


#    log_state("blue", "[NODE]", f"---------------------------------------------------", 3)

    if not active_nodes:
        return None

    leader = min(
        active_nodes.items(),
        key=lambda x: (x[1]["priority"], x[0])
    )[0]


    return leader



===== ./runtime/node_worker.py =====
import time
import threading

from cluster.runtime.dispatcher import dispatch_tick
from cluster.runtime.reconciler.reconciler_loop import reconcile_tick
from cluster.runtime.state import NodeState


class NodeWorker:

    def __init__(self, node, peers, interval=1.0):
        self.node = node
        self.peers = peers
        self.interval = interval
        self._running = False

    # -------------------------
    # START
    # -------------------------
    def start(self):
        self._running = True
        t = threading.Thread(target=self._loop, daemon=True)
        t.start()

    # -------------------------
    # STOP
    # -------------------------
    def stop(self):
        self._running = False

    # -------------------------
    # MAIN LOOP
    # -------------------------
    def _loop(self):

        while self._running:

            # cluster tick
            self.node.tick()

            if self.node.state == NodeState.ISOLATED:
                time.sleep(self.interval)
                continue
            else:
                self.node.emit_heartbeat(self.peers)

            # dispatch (leader only)
            if self.node.state == NodeState.ISOLATED:
                time.sleep(self.interval)
                continue
            else:
                dispatch_tick()

            # reconcile (leader only inside)
            if self.node.state == NodeState.ISOLATED:
                time.sleep(self.interval)
                continue
            else:
                reconcile_tick(self.node)

            time.sleep(self.interval)



===== ./runtime/bootstrap.py =====
import socket
import json
import os
import requests
import hashlib


# -------------------------------------------------
# PRIORITY DETERMINISTIC (FIXA POR NODO)
# -------------------------------------------------
def deterministic_priority(node_id: str):
    return int(hashlib.md5(node_id.encode()).hexdigest(), 16) % 1000


# -------------------------------------------------
# BASIC UTILS
# -------------------------------------------------
def get_hostname():
    return socket.gethostname()


def load_config(path="config/node.local.json"):
    with open(path, "r") as f:
        return json.load(f)


# -------------------------------------------------
# DISCOVERY (MERGED VIEW SAFE)
# -------------------------------------------------
def discover_seed(peers):
    clusters = []

    for p in peers:
        try:
            r = requests.get(
                f"http://{p['host']}:{p['port']}/cluster",
                timeout=1
            )
            if r.status_code == 200:
                clusters.append(r.json())
        except:
            continue

    merged = {}

    for cluster in clusters:
        for node_id, data in cluster.items():

            if node_id not in merged:
                merged[node_id] = data
                continue

            # keep most recent info
            if data.get("last_seen", 0) > merged[node_id].get("last_seen", 0):
                merged[node_id] = data

    return merged


# -------------------------------------------------
# CONFIG GENERATION
# -------------------------------------------------
def generate_local_config(peers):
    hostname = get_hostname()

    priority = deterministic_priority(hostname)

    # resolve collisions deterministically (NO LOOP DRIFT)
    while priority in used_priorities:
        priority += 1000  # salt step to avoid clustering collisions

    config = {
        "node_id": hostname,
        "priority": priority,
        "bind_host": "0.0.0.0",
        "bind_port": 7000,
        "peers": peers
    }

    os.makedirs("config", exist_ok=True)

    with open("config/node.local.json", "w") as f:
        json.dump(config, f, indent=2)

    return config


# -------------------------------------------------
# BOOTSTRAP OR LOAD
# -------------------------------------------------
def load_or_bootstrap_config():
    try:
        return load_config()
    except FileNotFoundError:

        peers = [
            {"host": "100.100.1.200", "port": 7000},
            {"host": "100.100.1.202", "port": 7000},
            {"host": "100.100.1.203", "port": 7000},
        ]

        return generate_local_config(peers)



===== ./runtime/event_router.py =====
import time
import requests

from cluster.runtime.cluster_store import cluster_state
from cluster.runtime.registry import CLUSTER_REGISTRY
from cluster.runtime.leader import compute_leader
from cluster.utils.log_print import log_state

from cluster.runtime.events.cluster_event import ClusterEvent
from cluster.runtime.event_log import (
    append_event,
    get_completed_event_ids,
)

from cluster.runtime.events.event_state import EventStatus



# =========================
# FORWARD TO LEADER
# =========================
def forward_to_leader(event: ClusterEvent):

    leader = compute_leader()

    if not leader:
        log_state("red", "(NO LEADER)", event.event_id, 3)
        return {"error": "no leader"}

    node = CLUSTER_REGISTRY[leader]
    url = f"http://{node['host']}:{node['port']}/route"

    event.add_hop("leader_routed")

    resp = requests.post(
        url,
        json=event.model_dump(),
        timeout=2
    )

    try:
        return resp.json()
    except:
        return {"status": "forwarded", "raw": resp.text}

# =========================
# FORWARD TO WORKER (TRANSPORT ONLY)
# =========================

import requests

from cluster.runtime.registry import CLUSTER_REGISTRY
from cluster.runtime.leader import compute_leader
from cluster.utils.log_print import log_state
from cluster.runtime.events.cluster_event import ClusterEvent


def forward_event(node_id: str, event: ClusterEvent):

    node = CLUSTER_REGISTRY[node_id]
    url = f"http://{node['host']}:{node['port']}/execute"

    event.add_hop(f"worker:{node_id}")

    log_state(
        "magenta",
        "[WORKER SEND]",
        f"{event.event_id} -> {node_id}",
        3
    )

    # -------------------------
    # SEND TO WORKER
    # -------------------------
    try:

        #log_state("red", "[BEFORE POST]", url, 3)
        resp = requests.post(
            url,
            json=event.model_dump(),
            timeout=2
        )
        #log_state("red", "[AFTER POST]", str(resp.status_code), 3)


        worker_result = resp.json()

    except Exception as e:
        log_state(
            "red",
            "[WORKER SEND FAIL]",
            f"{event.event_id} -> {node_id} | {e}",
            3
        )
        return {"error": "worker_send_failed"}

    # -------------------------
    # LEADER DECIDES FINAL STATE (Opción B real)
    # -------------------------
    if worker_result.get("status") == "completed":

        from cluster.runtime.state_machine import transition_event
        from cluster.runtime.events.event_state import EventStatus

        transition_event(
            event.event_id,
            EventStatus.COMPLETED
        )

        log_state(
            "yellow",
            "(EVENT)",
            f"{event.event_id} -> EVENT COMPLETED",
            3
        )

    return {
        "status": "forwarded",
        "event_id": event.event_id,
        "target": node_id
    }



===== ./runtime/registry.py =====
CLUSTER_REGISTRY = {
    "lnx200nas": {"host": "100.100.1.200", "port": 7000},
    "lnx202pc": {"host": "100.100.1.202", "port": 7000},
    "lnx203hp": {"host": "100.100.1.203", "port": 7000},
}



===== ./runtime/events/cluster_event.py =====
from pydantic import BaseModel, Field
from typing import Optional
from uuid import uuid4
import time

from cluster.runtime.events.event_state import EventStatus


class ClusterEvent(BaseModel):

    event_id: str = Field(default_factory=lambda: str(uuid4()))
    trace_id: str = Field(default_factory=lambda: str(uuid4()))

    schema_version: str = "0.1"   # 👈 FIJO: string ONLY

    event_type: str

    payload: dict = {}

    status: EventStatus = EventStatus.CREATED

    route_hops: list[str] = []

    target_node: Optional[str] = None
    source_node: Optional[str] = None   # 👈 LO USA event_log

    created_at: float = 0.0
    updated_at: float = 0.0

    received_at: Optional[float] = None  # 👈 LO USA event_log

    attempt: int = 0

    execution_key: Optional[str] = None  # 👈 LO USA worker

    # -------------------------
    # HELPERS
    # -------------------------

    def add_hop(self, hop: str):
        self.route_hops.append(hop)

    def mark_status(self, status: EventStatus):
        self.status = status

    def mark_received(self):
        self.received_at = time.time()



===== ./runtime/events/event_state.py =====
from enum import Enum


class EventStatus(str, Enum):
    CREATED = "created"
    EXECUTING = "executing"
    COMPLETED = "completed"
    FAILED = "failed"


VALID_TRANSITIONS = {
    EventStatus.CREATED: [
        EventStatus.EXECUTING,
    ],

    EventStatus.EXECUTING: [
        EventStatus.COMPLETED,
        EventStatus.FAILED,
        EventStatus.CREATED,  # retry
    ],

    EventStatus.COMPLETED: [],

    EventStatus.FAILED: [],
}


def validate_transition(old_status, new_status):

    if old_status == new_status:
        return  # IDEMPOTENTE NO-OP

    allowed = VALID_TRANSITIONS.get(old_status, [])

    if new_status not in allowed:
        raise ValueError(
            f"Invalid transition: {old_status} -> {new_status}"
        )



===== ./runtime/event.py_ =====
# DEPRECATED WRAPPER

from runtime.events.cluster_event import ClusterEvent



===== ./runtime/event_log.py =====
import json
import os
from typing import List

from cluster.runtime.events.cluster_event import ClusterEvent
from cluster.runtime.events.event_state import EventStatus

BASE_DIR = os.path.dirname(os.path.dirname(os.path.dirname(__file__)))
LOG_PATH = os.path.join(BASE_DIR, "cluster", "data", "event_log.local.jsonl")


def get_latest_event(event_id: str):
    events = load_events()

    for e in reversed(events):
        if e["event_id"] == event_id:
            return e

    return None

# =========================
# LOAD EVENTS
# =========================
def load_events() -> List[dict]:
    if not os.path.exists(LOG_PATH):
        return []

    with open(LOG_PATH, "r") as f:
        return [json.loads(line) for line in f if line.strip()]


# =========================
# ENSURE DIR
# =========================
def ensure_dir():
    os.makedirs(os.path.dirname(LOG_PATH), exist_ok=True)


# =========================
# NORMALIZE RAW EVENT
# =========================
def _normalize_event(e: dict) -> dict:
    e["schema_version"] = str(e.get("schema_version", "0.1"))
    e.setdefault("received_at", None)
    e.setdefault("attempt", 0)
    e.setdefault("route_hops", [])
    return e


# =========================
# GET CREATED EVENTS
# =========================
def get_created_events():
    events = load_events()

    latest = {}

    for e in events:
        e["schema_version"] = str(e.get("schema_version", "0.1"))
        e.setdefault("received_at", None)
        e.setdefault("attempt", 0)
        e.setdefault("route_hops", [])
        e.setdefault("execution_key", None)
        latest[e["event_id"]] = e

    events = [
        ClusterEvent(**e)
        for e in latest.values()
    ]

    return [
        e for e in events
        if e.status == EventStatus.CREATED
    ]


# =========================
# GET COMPLETED IDS
# =========================
def get_completed_event_ids():

    events = load_events()

    latest = {}

    for e in events:
        latest[e["event_id"]] = e

    domain_events = [
        ClusterEvent(**_normalize_event(e))
        for e in latest.values()
    ]

    return {
        e.event_id
        for e in domain_events
        if e.status == EventStatus.COMPLETED
    }


# =========================
# APPEND EVENT
# =========================
def append_event(event: ClusterEvent):
    ensure_dir()

    record = {
        "event_id": event.event_id,
        "event_type": event.event_type,
        "schema_version": str(event.schema_version),
        "created_at": event.created_at,
        "received_at": getattr(event, "received_at", None),
        "trace_id": event.trace_id,
        "target_node": event.target_node,
        "route_hops": event.route_hops,
        "status": event.status,
        "attempt": event.attempt,
        "payload": event.payload,
    }

    # dedup guard
    if event.status == EventStatus.COMPLETED:
        existing = load_events()
        if any(
            e["event_id"] == event.event_id and
            e["status"] == EventStatus.COMPLETED.value
            for e in existing
        ):
            return

    with open(LOG_PATH, "a") as f:
        f.write(json.dumps(record) + "\n")


# =========================
# REPLAY
# =========================
def replay_events(handler):
    """
    Re-ejecuta eventos contra un handler(event)
    """
    events = load_events()

    for raw in events:
        event = ClusterEvent(**_normalize_event(raw))
        handler(event)



===== ./runtime/ingest.py =====
from cluster.runtime.event_log import append_event
from cluster.runtime.leader import compute_leader
from cluster.runtime.registry import CLUSTER_REGISTRY
from cluster.utils.log_print import log_state
from cluster.runtime.events.event_state import EventStatus


import requests

def ingest_event(event, node_id):

    # SOLO el leader ejecuta esto
    event.mark_status(EventStatus.CREATED)

    log_state("yellow", "(EVENT)", f"{event.event_id} -> EVENT CREATED", 3)

    append_event(event)


    msg = event.payload.get("msg", "<no-msg>")

    log_state(
        "cyan",
        "[EVENT OK]",
        f"{event.event_id} msg={msg}",
        3
    )

    return {
        "event_id": event.event_id,
        "status": "accepted",
        "leader": node_id,
        "trace_id": event.trace_id
    }



===== ./runtime/dispatcher.py =====

import time

from cluster.runtime.event_log import (
    get_created_events,
    get_completed_event_ids,
    append_event,
)

from cluster.runtime.cluster_store import cluster_state
from cluster.runtime.event_router import forward_event

from cluster.utils.log_print import log_state
from cluster.runtime.leader import compute_leader
#from cluster.runtime.node_boot import node_id
from cluster.runtime import context as ctx

from cluster.runtime.events.event_state import EventStatus


# =========================
# DISPATCH LOOP (LEADER ONLY)
# =========================

def dispatch_tick():

    # ONLY LEADER EXECUTES DISPATCH
    if compute_leader() != ctx.node_id:
        return

    events = get_created_events()

    if not events:
        return

    log_state(
        "magenta",
        "[DISPATCH]",
        f"pending={len(events)}",
        3
    )

    for event in events:
        dispatch_created_event(event)


# =========================
# DISPATCH SINGLE EVENT
# =========================

def dispatch_created_event(event):

#    log_state("yellow", "[DISPATCH]", f"event={event.event_id} start", 3)

    # -------------------------
    # avoid duplicate completion
    # -------------------------
    completed = get_completed_event_ids()
    if event.event_id in completed:
        log_state("red", "[SKIP COMPLETED]", event.event_id, 3)
        return

    # -------------------------
    # select target
    # -------------------------
    alive = {
        node_id_: data
        for node_id_, data in cluster_state.items()
        if (time.time() - data["last_seen"]) < 3.0
    }

 #   log_state("cyan", "[ALIVE]", str(list(alive.keys())), 3)

    if not alive:
        log_state("red", "[NO ALIVE NODES]", event.event_id, 3)
        return

  #  log_state("yellow", "[DISPATCH]", f"event={event.event_id}", 3)
  #  log_state("cyan", "[ALIVE]", str(list(alive.keys())), 3)

    target = max(
        alive.items(),
        key=lambda x: (x[1]["priority"], x[0])
    )[0]

   # log_state("magenta", "[WORKER SELECTED]", target, 3)

   # log_state("magenta", "[WORKER SELECTED]", f"{event.event_id} -> {target}", 3)

    # -------------------------
    # ROUTING METADATA
    # -------------------------
    event.target_node = target
    event.route_hops.append(f"dispatcher->{target}")

    #log_state("magenta", "[ROUTE]", f"{event.event_id} hop added", 3)

    # -------------------------
    # STATE CHANGE
    # -------------------------

    event.attempt = (event.attempt or 0) + 1   # 👈 AQUI
    event.attempt = 0

    event.mark_status(EventStatus.EXECUTING)

    log_state("yellow", "(EVENT)", f"{event.event_id} -> EVENT EXECUTING", 3)

    # -------------------------
    # PERSIST
    # -------------------------
    event.updated_at = time.time()
    append_event(event)

    #log_state("green", "[PERSIST]", event.event_id, 3)

#    log_state("magenta", "[DISPATCH SEND]", f"{event.event_id} -> {target}", 3)

    # -------------------------
    # SEND
    # -------------------------
#    log_state("magenta", "[SEND]", f"{event.event_id} -> {target}", 3)

    forward_event(target, event)



===== ./runtime/context.py =====
# cluster/runtime/context.py

node_id = None



===== ./runtime/worker/event_worker.py =====
# =========================
# WORKER - IDEMPOTENT EXECUTOR
# =========================

import time
from cluster.runtime.event_log import append_event
from cluster.runtime.events.event_state import EventStatus
from cluster.utils.log_print import log_state


# -------------------------
# SIMPLE IDEMPOTENCY STORE (MVP)
# reemplazable por Redis / DB
# -------------------------
executed_keys = set()


# -------------------------
# BUSINESS EXECUTION PLACEHOLDER
# -------------------------
def run_business_logic(payload: dict):
    # Aquí va tu lógica real
    return {"ok": True, "payload": payload}


# -------------------------
# EXECUTE EVENT (IDEMPOTENT)
# -------------------------
def execute_event(event):

    #log_state("red", "[EXECUTE entry ...]", event.event_id, 3)


    # -------------------------
    # BUILD EXECUTION KEY
    # -------------------------
    event.execution_key = f"{event.event_id}:{event.attempt}"

    #log_state("red", "[EXECUTION KEY]", event.execution_key, 3)
    #log_state("red", "[EXECUTED KEYS SIZE]", str(len(executed_keys)), 3)

    # -------------------------
    # IDEMPOTENCY CHECK NO FUNCIONA
    # -------------------------

    if event.execution_key in executed_keys:
        log_state("red", "[CACHE HIT]", event.execution_key, 3)
        return {
            "status": "completed",
            "cached": True,
            "event_id": event.event_id,
            "execution_key": event.execution_key
        }

    # -------------------------
    # EXECUTE BUSINESS LOGIC
    # -------------------------
    result = run_business_logic(event.payload)

    # -------------------------
    # MARK EXECUTION AS DONE
    # -------------------------
    executed_keys.add(event.execution_key)

    log_state("green", "[EXECUTE]", event.event_id, 3)

#    event.mark_status(EventStatus.COMPLETED)

#    log_state("yellow", "[STATE]", f"{event.event_id} -> EVENT COMPLETED", 3)

#    append_event(event)

    # -------------------------
    # RETURN RESULT
    # -------------------------
    return {
        "status": "completed",
        "event_id": event.event_id,
        "execution_key": event.execution_key,
        "result": result
    }



===== ./runtime/reconciler/reconciler_loop.py =====
import time
from collections import defaultdict

from cluster.runtime.event_log import load_events, append_event
from cluster.runtime.events.cluster_event import ClusterEvent
from cluster.runtime.events.event_state import EventStatus


EXECUTION_TIMEOUT = 10.0


def reconcile_tick(node_runtime):

    if node_runtime.state != node_runtime.state.__class__.ACTIVE:
        return

    events = load_events()
    now = time.time()

    by_id = defaultdict(list)

    for e in events:
        eid = e.get("event_id")
        if not eid:
            continue
        by_id[eid].append(e)

    # -----------------------------------------
    # SOLO DEBUG SI HAY INCOMPLETOS
    # -----------------------------------------
    incomplete = False

    for history in by_id.values():
        latest_status = history[-1].get("status")
        if latest_status not in (
            EventStatus.COMPLETED.value,
            EventStatus.FAILED.value
        ):
            incomplete = True
            break

    if not incomplete:
        return  # 🔥 SILENCIO TOTAL

    print("\n\n================ RECONCILER DEBUG ================\n")

    for eid, history in by_id.items():

        history.sort(key=lambda x: (
            x.get("updated_at") or x.get("created_at") or 0
        ))

        latest = history[-1]
        latest_status = latest.get("status")

        # -----------------------------------------
        # FILTRO FINAL: SOLO INCOMPLETOS
        # -----------------------------------------
        if latest_status in (
            EventStatus.COMPLETED.value,
            EventStatus.FAILED.value
        ):
            continue

        print(f"\nEVENT_ID: {eid}")
        print("-" * 60)

        for i, h in enumerate(history):

            ts = h.get("updated_at") or h.get("created_at") or 0
            status = h.get("status")
            node = h.get("target_node")
            attempt = h.get("attempt")

            print(
                f"[{i}] "
                f"ts={ts:.3f} "
                f"status={status:<10} "
                f"node={node} "
                f"attempt={attempt}"
            )

        print("\n→ LATEST:", latest_status)

        # -----------------------------------------
        # RECOVERY LOGIC
        # -----------------------------------------
        if latest_status == EventStatus.EXECUTING.value:

            last_update = latest.get("updated_at") or latest.get("created_at", 0)

            if now - last_update > EXECUTION_TIMEOUT:

                print(f"⚠ RECOVERY: EXECUTING STUCK -> CREATED ({eid})")

                recovered = dict(latest)
                recovered["status"] = EventStatus.CREATED.value
                recovered["updated_at"] = now

                recovered["target_node"] = None
                recovered["execution_key"] = None
                recovered["attempt"] = 0
                recovered["route_hops"] = []

                recovered.pop("owner", None)

                append_event(ClusterEvent(**recovered))

        print("-" * 60)

    print("\n==================================================\n")



===== ./runtime/state_machine.py =====
# runtime/state_machine.py

from cluster.runtime.events.event_state import EventStatus, validate_transition
from cluster.runtime.event_log import load_events, append_event

from cluster.runtime.events.cluster_event import ClusterEvent

def transition_event(event_id: str, new_status):

    events = load_events()

    latest_raw = None

    for e in reversed(events):
        if e["event_id"] == event_id:
            latest_raw = e
            break

    if not latest_raw:
        return

    latest = ClusterEvent(**latest_raw)  # 🔥 NORMALIZACIÓN AQUÍ

    old_status = latest.status

    validate_transition(old_status, new_status)

    latest.status = new_status

    append_event(latest)  # ✔ ahora sí correcto



===== ./runtime/node_boot.py =====
import threading
import time
import uvicorn
import logging
import requests

from fastapi.responses import FileResponse
from fastapi import FastAPI
from pydantic import BaseModel

from cluster.runtime.cluster_store import cluster_state
from cluster.runtime.node_worker import NodeWorker
from cluster.node.node_runtime import NodeRuntime
from cluster.node.node_runtime import NodeState
from cluster.runtime.leader import compute_leader
from cluster.runtime.bootstrap import load_or_bootstrap_config
from cluster.runtime.registry import CLUSTER_REGISTRY

from cluster.runtime.event_log import replay_events
from cluster.runtime.ingest import ingest_event
from cluster.runtime.events.cluster_event import ClusterEvent
from cluster.runtime import context as ctx
from cluster.utils.log_print import log_state
from cluster.runtime.worker.event_worker import execute_event

logging.getLogger("urllib3").setLevel(logging.ERROR)
logging.getLogger("requests").setLevel(logging.ERROR)





# =====================================================
# FASTAPI
# =====================================================
app = FastAPI()



# =====================================================
# DEBUG LOG
# =====================================================
@app.get("/debug/log")
def log_dump():
    return FileResponse("cluster/data/event_log.local.jsonl")


# =====================================================
# EXECUTE (BLOCKED IN SLEEP)
# =====================================================
@app.post("/execute")
def execute_endpoint(event: ClusterEvent):

    if ctx.node.state == NodeState.ISOLATED:
        #log_state("red", "(ISOLATED)", "/execute when (ISOLATED)", 3)
        #time.sleep(5)
        return {"error": "node isolated"}

    return execute_event(event)


# =====================================================
# ACK
# =====================================================
@app.post("/ack")
def ack(event: ClusterEvent):

    log_state("green", "[ACK]", f"{event.event_id} received", 3)

    return {
        "ok": True,
        "event_id": event.event_id
    }


# =====================================================
# REPLAY
# =====================================================
@app.post("/replay")
def replay():

    def handler(event):
        return None

    replay_events(handler)

    return {"ok": True}


# =====================================================
# EVENT FLOW
# =====================================================
@app.post("/event")
def handle_event(event: ClusterEvent):

    if ctx.node.state == NodeState.ISOLATED:
        #log_state("red", "(ISOLATED)", "/event when (ISOLATED)", 3)
        #time.sleep(5)
        return {"error": "node isolated"}

    leader = compute_leader()

    if not leader:
        log_state("red", "(NO LEADER)", event.event_id, 3)
        return {"error": "no leader"}

    if leader != ctx.node_id:

        log_state("cyan", "[EVENT FWD]", f"{event.event_id} -> {leader}", 3)

        node = CLUSTER_REGISTRY[leader]
        url = f"http://{node['host']}:{node['port']}/event"

        try:
            resp = requests.post(
                url,
                json=event.model_dump(),
                timeout=2
            )
            return resp.json()
        except Exception as e:
            return {"error": str(e)}

    result = ingest_event(event, ctx.node_id)

    return {
        "status": "ok",
        "event_id": event.event_id,
        "result": result
    }


# =====================================================
# SLEEP / WAKEUP (LOCAL ONLY)
# =====================================================
@app.post("/sleep")
def sleep():

#    set_sleep(True)

    log_state("red", "(SLEEP)", f"{ctx.node_id} -> SLEEP", 3)

    ctx.node.transition(NodeState.ISOLATED)

    return {"ok": True, "node": ctx.node_id, "state": ctx.node.state.value}


@app.post("/revive")
def revive():

#    set_sleep(False)

    log_state("red", "(WAKEUP)", f"{ctx.node_id} -> WAKEUP", 3)

    ctx.node.transition(NodeState.STANDBY)

    return {"ok": True, "node": ctx.node_id, "state": ctx.node.state.value}


# =====================================================
# CLUSTER METADATA
# =====================================================
class Heartbeat(BaseModel):
    node_id: str
    state: str
    priority: int


@app.get("/health")
def health():
    return {
        "status": "ok",
        "node": ctx.node_id,
        "sleeping": ctx.node.state == NodeState.ISOLATED
    }


@app.get("/cluster")
def get_cluster():
    return cluster_state


@app.get("/leader")
def get_leader():
    return {"leader": compute_leader()}




@app.post("/heartbeat")
def heartbeat(hb: Heartbeat):

    if ctx.node.state == NodeState.ISOLATED:
        #log_state("red", "(ISOLATED)", "/heartbeat when (ISOLATED)", 3)
        #time.sleep(5)
        return {"error": "node isolated"}


    #if ctx.node_id == "lnx200nas":
        #   log_state("red", "(HB FREEZE 3s)", "sleeping 20s", 3)
        # time.sleep(3)

#    if is_sleeping():
#        log_state("white", "(NO HEARTBEAT)", f"{ctx.node_id} -> NO HEARTBEAT", 3)
#        return {"ok": True, "ignored": True}

    #log_state("white", "(HEARTBEAT)", f"{ctx.node_id} -> HEARTBEAT", 3)

    cluster_state[hb.node_id] = {
        "state": hb.state,
        "priority": hb.priority,
        "last_seen": time.time(),
    }

    return {"ok": True}


# =====================================================
# BOOTSTRAP
# =====================================================
def run_node(config):

    ctx.node_id = config["node_id"]
    ctx.priority = config["priority"]

    node = NodeRuntime(
        node_id=config["node_id"],
        priority=config["priority"],
    )

    ctx.node = node

    worker = NodeWorker(
        node=node,
        peers=config["peers"],
        interval=1.0
    )

    threading.Thread(target=worker.start, daemon=True).start()

    uvicorn.run(
        app,
        host=config.get("bind_host", "0.0.0.0"),
        port=config.get("bind_port", 7000),
        log_level="warning",
        access_log=False
    )


# =====================================================
# ENTRYPOINT
# =====================================================
if __name__ == "__main__":

    config = load_or_bootstrap_config()
    run_node(config)



===== ./workers/heartbeat_worker.py =====
import time
from cluster.runtime.state import NodeState


class HeartbeatWorker:

    def __init__(self, nodes, lease_manager, interval=1.0):

        self.nodes = nodes
        self.lease_manager = lease_manager
        self.interval = interval

    # -----------------------------------------------------

    def start(self, ticks=5):

        print("\n=== HEARTBEAT START ===\n")

        for i in range(ticks):

            print(f"\n--- tick {i} ---\n")

            self.tick()

            time.sleep(self.interval)

    # -----------------------------------------------------

    def tick(self):

        self.send_heartbeats()
        self.expire_leases()
        self.update_nodes()

    # -----------------------------------------------------

    def send_heartbeats(self):

        for node in self.nodes:

            if node.state == NodeState.ACTIVE:

                self.lease_manager.grant(
                    node.node_id,
                    ttl=2.5
                )

                print(f"HEARTBEAT from {node.node_id}")

    # -----------------------------------------------------

    def expire_leases(self):

        expired = self.lease_manager.expire()

        for node_id in expired:

            print(f"LEASE EXPIRED: {node_id}")

    # -----------------------------------------------------

    def update_nodes(self):

        for node in self.nodes:

            node.tick()

            lease_valid = self.lease_manager.is_valid(
                node.node_id
            )

            # ACTIVE sin lease → degradación lógica
            if node.state == NodeState.ACTIVE and not lease_valid:

                print(
                    f"ACTIVE LOST LEASE: {node.node_id}"
                )

                node.transition(NodeState.DEGRADED)


===== ./workers/cluster_worker.py =====
import time

from cluster.transport.server import register_local_node

class ClusterWorker:

    def __init__(self, node, peers, interval=1.0):

        self.node = node
        self.peers = peers
        self.interval = interval
        self.running = False

    # -----------------------------------------

    def start(self):

        self.running = True

        print(f"[{self.node.node_id}] CLUSTER WORKER STARTED")

        while self.running:

            self.tick()

            time.sleep(self.interval)

    # -----------------------------------------

    def stop(self):

        self.running = False

    # -----------------------------------------

    def tick(self):

        print(f"[{self.node.node_id}] REGISTERING SELF")

        # 👇 registrar self localmente
        register_local_node(
            node_id=self.node.node_id,
            state=self.node.state.value,
            priority=self.node.priority,
        )

        # 👇 enviar a peers
        self.node.emit_heartbeat(self.peers)



===== ./core/transitions.py =====
from cluster.core.state import NodeState

ALLOWED_TRANSITIONS = {
    NodeState.BOOT: {
        NodeState.DISCOVERING,
    },
    NodeState.DISCOVERING: {
        NodeState.STANDBY,
        NodeState.ACTIVE,
        NodeState.ISOLATED,
    },
    NodeState.STANDBY: {
        NodeState.ACTIVE,
        NodeState.DEGRADED,
        NodeState.OFFLINE,
        NodeState.ISOLATED,
    },
    NodeState.ACTIVE: {
        NodeState.STANDBY,
        NodeState.DEGRADED,
        NodeState.OFFLINE,
    },
    NodeState.DEGRADED: {
        NodeState.STANDBY,
        NodeState.OFFLINE,
    },
    NodeState.ISOLATED: {
        NodeState.DISCOVERING,
        NodeState.OFFLINE,
    },
}

def can_transition(from_state: NodeState, to_state: NodeState) -> bool:
    return to_state in ALLOWED_TRANSITIONS.get(from_state, set())


===== ./core/node.py =====
from cluster.core.state import NodeState
from cluster.core.transitions import can_transition

class ClusterNode:

    def __init__(self, node_id: str):
        self.node_id = node_id
        self.state = NodeState.BOOT

    def set_state(self, new_state: NodeState):
        if not can_transition(self.state, new_state):
            raise Exception(f"Invalid transition {self.state} -> {new_state}")

        self.state = new_state


===== ./extraer-codigo.sh =====
OUT="$(basename "$PWD")_codigo_$(date +%Y%m%d_%H%M%S).log"
find . \
  -path '*/.*' -prune -o \
  -path '*/__pycache__' -prune -o \
  -type f ! -name '*.pyc' ! -name '*.log' ! -name '*.md' ! -name '*.jsonl' -size +0c \
  -exec sh -c '
    for f do
      printf "\n\n\n===== %s =====\n" "$f"
      cat "$f"
    done
  ' sh {} + > "$OUT"
echo "$OUT"



===== ./transport/client.py =====
import requests


def send_heartbeat(peer_host, peer_port, payload, timeout=1.0):

    url = f"http://{peer_host}:{peer_port}/heartbeat"

    try:
        r = requests.post(
            url,
            json=payload,
            timeout=timeout,
        )

        return r.json()

    except Exception as e:

        print(f"[CLIENT ERROR] {url} -> {e}")

        return None

def broadcast_heartbeat(peers, payload):

    for peer in peers:

        send_heartbeat(
            peer["host"],
            peer["port"],
            payload,
        )



===== ./transport/server.py_ =====

from fastapi import FastAPI
from pydantic import BaseModel
import uvicorn
import time

from cluster.runtime.cluster_store import get_active_cluster, cleanup_cluster

from cluster.runtime.leader import compute_leader


app = FastAPI()


print("SERVER PROCESS STARTED")


class Heartbeat(BaseModel):
    node_id: str
    state: str
    leader: str | None = None
    priority: int | None = None
    timestamp: float | None = None


@app.get("/health")
async def health():
    return {"status": "ok"}


@app.get("/cluster")
def get_cluster():
    cleanup_cluster()
    return get_active_cluster()


@app.get("/leader")
def leader():
    return {"leader": compute_leader()}


@app.post("/heartbeat")
def heartbeat(hb: Heartbeat):

    get_active_cluster()[hb.node_id] = {
        "state": hb.state,
        "priority": hb.priority,
        "last_seen": time.time(),
    }

    return {"ok": True}


def start_server(host="0.0.0.0", port=7000):
    uvicorn.run(app, host=host, port=port)


def register_local_node(node_id, state, priority):

    get_active_cluster()[node_id] = {
        "state": state,
        "leader": None,
        "priority": priority,
        "last_seen": time.time(),
    }


if __name__ == "__main__":
    start_server()



===== ./run_node.py =====
import json

from cluster.node.node_runtime import NodeRuntime

from cluster.runtime.state import NodeState
from cluster.workers.cluster_worker import ClusterWorker
from cluster.transport.server import register_local_node




def load_config():

    with open("cluster/config/nodes.json") as f:
        return json.load(f)


def build_peers(config, self_id):

    return [
        n for n in config["nodes"]
        if n["node_id"] != self_id
    ]


def main(node_id, priority):

    config = load_config()
    peers = build_peers(config, node_id)

    node = NodeRuntime(
        node_id=node_id,
        priority=priority,
    )

    node.state = NodeState.ACTIVE

    worker = ClusterWorker(node, peers)

    worker.start()


if __name__ == "__main__":

    import sys

    main(
        node_id=sys.argv[1],
        priority=int(sys.argv[2]),
    )



===== ./_lease/lease.py =====
from dataclasses import dataclass
import time


@dataclass
class Lease:
    owner_id: str
    ttl_seconds: float
    granted_at: float

    def expires_at(self) -> float:
        return self.granted_at + self.ttl_seconds

    def is_valid(self, now: float | None = None) -> bool:
        now = now or time.time()
        return now < self.expires_at()

    def renew(self):
        self.granted_at = time.time()


===== ./_lease/lease_manager.py =====
import time


class Lease:

    def __init__(self, owner, ttl):

        self.owner = owner
        self.ttl = ttl
        self.created = time.time()

    def is_valid(self):

        return time.time() < self.created + self.ttl


class LeaseManager:

    def __init__(self):

        self.leases = {}

    # -----------------------------------------------------

    def grant(self, node_id, ttl):

        self.leases[node_id] = Lease(node_id, ttl)

    # -----------------------------------------------------

    def is_valid(self, node_id):

        lease = self.leases.get(node_id)

        return lease.is_valid() if lease else False

    # -----------------------------------------------------

    def expire(self):

        expired = []

        for node_id, lease in list(self.leases.items()):

            if not lease.is_valid():

                expired.append(node_id)
                del self.leases[node_id]

        return expired

    # -----------------------------------------------------

    def active_leader(self):

        for node_id, lease in self.leases.items():

            if lease.is_valid():

                return node_id

        return None

    # -----------------------------------------------------

    def get_active_nodes(self):

        active = []

        for node_id, lease in self.leases.items():

            if lease.is_valid():

                active.append(node_id)

        return active